[1.468s] Invoking command in '/home/enzo/droid/WORK-2026/work_ws/src/build/robot_odometry': DEBUGINFOD_URLS=https://debuginfod.ubuntu.com PYTHONPATH=/home/enzo/droid/WORK-2026/work_ws/src/build/robot_odometry/prefix_override:/usr/lib/python3/dist-packages/colcon_core/task/python/colcon_distutils_commands:/home/enzo/droid/WORK-2026/work_ws/src/install/robot_odometry/lib/python3.12/site-packages:${PYTHONPATH} /usr/bin/python3 -W ignore:setup.py install is deprecated -W ignore:easy_install command is deprecated setup.py develop --editable --build-directory /home/enzo/droid/WORK-2026/work_ws/src/build/robot_odometry/build --no-deps symlink_data --force
[1.956s] running develop
[2.227s] running egg_info
[2.249s] writing robot_odometry.egg-info/PKG-INFO
[2.249s] writing dependency_links to robot_odometry.egg-info/dependency_links.txt
[2.249s] writing entry points to robot_odometry.egg-info/entry_points.txt
[2.249s] writing requirements to robot_odometry.egg-info/requires.txt
[2.249s] writing top-level names to robot_odometry.egg-info/top_level.txt
[2.315s] reading manifest file 'robot_odometry.egg-info/SOURCES.txt'
[2.316s] writing manifest file 'robot_odometry.egg-info/SOURCES.txt'
[2.355s] running build_ext
[2.355s] Creating /home/enzo/droid/WORK-2026/work_ws/src/install/robot_odometry/lib/python3.12/site-packages/robot-odometry.egg-link (link to .)
[2.357s] Installing odom_node script to /home/enzo/droid/WORK-2026/work_ws/src/install/robot_odometry/lib/robot_odometry
[2.357s] 
[2.357s] Installed /home/enzo/droid/WORK-2026/work_ws/src/build/robot_odometry
[2.357s] running symlink_data
[2.358s] symbolically linking /home/enzo/droid/WORK-2026/work_ws/src/build/robot_odometry/resource/robot_odometry -> /home/enzo/droid/WORK-2026/work_ws/src/install/robot_odometry/share/ament_index/resource_index/packages
[2.358s] symbolically linking /home/enzo/droid/WORK-2026/work_ws/src/build/robot_odometry/package.xml -> /home/enzo/droid/WORK-2026/work_ws/src/install/robot_odometry/share/robot_odometry
[2.359s] symbolically linking /home/enzo/droid/WORK-2026/work_ws/src/build/robot_odometry/launch/odom.launch.py -> /home/enzo/droid/WORK-2026/work_ws/src/install/robot_odometry/share/robot_odometry/launch
[2.439s] Invoked command in '/home/enzo/droid/WORK-2026/work_ws/src/build/robot_odometry' returned '0': DEBUGINFOD_URLS=https://debuginfod.ubuntu.com PYTHONPATH=/home/enzo/droid/WORK-2026/work_ws/src/build/robot_odometry/prefix_override:/usr/lib/python3/dist-packages/colcon_core/task/python/colcon_distutils_commands:/home/enzo/droid/WORK-2026/work_ws/src/install/robot_odometry/lib/python3.12/site-packages:${PYTHONPATH} /usr/bin/python3 -W ignore:setup.py install is deprecated -W ignore:easy_install command is deprecated setup.py develop --editable --build-directory /home/enzo/droid/WORK-2026/work_ws/src/build/robot_odometry/build --no-deps symlink_data --force
