[2.726s] Invoking command in '/home/enzo/droid/WORK-2026/work_ws/src/robot_odometry': DEBUGINFOD_URLS=https://debuginfod.ubuntu.com PYTHONPATH=/home/enzo/droid/WORK-2026/work_ws/build/robot_odometry/prefix_override:/usr/lib/python3/dist-packages/colcon_core/task/python/colcon_distutils_commands:/home/enzo/droid/WORK-2026/work_ws/install/robot_odometry/lib/python3.12/site-packages:${PYTHONPATH} /usr/bin/python3 -W ignore:setup.py install is deprecated -W ignore:easy_install command is deprecated setup.py egg_info --egg-base ../../build/robot_odometry build --build-base /home/enzo/droid/WORK-2026/work_ws/build/robot_odometry/build install --record /home/enzo/droid/WORK-2026/work_ws/build/robot_odometry/install.log --single-version-externally-managed install_data
[3.214s] running egg_info
[3.215s] creating ../../build/robot_odometry/robot_odometry.egg-info
[3.248s] writing ../../build/robot_odometry/robot_odometry.egg-info/PKG-INFO
[3.249s] writing dependency_links to ../../build/robot_odometry/robot_odometry.egg-info/dependency_links.txt
[3.249s] writing requirements to ../../build/robot_odometry/robot_odometry.egg-info/requires.txt
[3.249s] writing top-level names to ../../build/robot_odometry/robot_odometry.egg-info/top_level.txt
[3.249s] writing manifest file '../../build/robot_odometry/robot_odometry.egg-info/SOURCES.txt'
[3.338s] reading manifest file '../../build/robot_odometry/robot_odometry.egg-info/SOURCES.txt'
[3.341s] writing manifest file '../../build/robot_odometry/robot_odometry.egg-info/SOURCES.txt'
[3.341s] running build
[3.342s] running build_py
[3.342s] creating /home/enzo/droid/WORK-2026/work_ws/build/robot_odometry/build
[3.343s] creating /home/enzo/droid/WORK-2026/work_ws/build/robot_odometry/build/lib
[3.344s] creating /home/enzo/droid/WORK-2026/work_ws/build/robot_odometry/build/lib/robot_odometry
[3.344s] copying robot_odometry/__init__.py -> /home/enzo/droid/WORK-2026/work_ws/build/robot_odometry/build/lib/robot_odometry
[3.344s] copying robot_odometry/odom_node.py -> /home/enzo/droid/WORK-2026/work_ws/build/robot_odometry/build/lib/robot_odometry
[3.351s] copying robot_odometry/py.typed -> /home/enzo/droid/WORK-2026/work_ws/build/robot_odometry/build/lib/robot_odometry
[3.351s] running install
[3.372s] running install_lib
[3.443s] creating /home/enzo/droid/WORK-2026/work_ws/install/robot_odometry/lib/python3.12/site-packages/robot_odometry
[3.443s] copying /home/enzo/droid/WORK-2026/work_ws/build/robot_odometry/build/lib/robot_odometry/__init__.py -> /home/enzo/droid/WORK-2026/work_ws/install/robot_odometry/lib/python3.12/site-packages/robot_odometry
[3.444s] copying /home/enzo/droid/WORK-2026/work_ws/build/robot_odometry/build/lib/robot_odometry/py.typed -> /home/enzo/droid/WORK-2026/work_ws/install/robot_odometry/lib/python3.12/site-packages/robot_odometry
[3.444s] copying /home/enzo/droid/WORK-2026/work_ws/build/robot_odometry/build/lib/robot_odometry/odom_node.py -> /home/enzo/droid/WORK-2026/work_ws/install/robot_odometry/lib/python3.12/site-packages/robot_odometry
[3.444s] byte-compiling /home/enzo/droid/WORK-2026/work_ws/install/robot_odometry/lib/python3.12/site-packages/robot_odometry/__init__.py to __init__.cpython-312.pyc
[3.445s] byte-compiling /home/enzo/droid/WORK-2026/work_ws/install/robot_odometry/lib/python3.12/site-packages/robot_odometry/odom_node.py to odom_node.cpython-312.pyc
[3.447s] running install_data
[3.448s] creating /home/enzo/droid/WORK-2026/work_ws/install/robot_odometry/share/ament_index
[3.448s] creating /home/enzo/droid/WORK-2026/work_ws/install/robot_odometry/share/ament_index/resource_index
[3.448s] creating /home/enzo/droid/WORK-2026/work_ws/install/robot_odometry/share/ament_index/resource_index/packages
[3.449s] copying resource/robot_odometry -> /home/enzo/droid/WORK-2026/work_ws/install/robot_odometry/share/ament_index/resource_index/packages
[3.449s] copying package.xml -> /home/enzo/droid/WORK-2026/work_ws/install/robot_odometry/share/robot_odometry
[3.449s] running install_egg_info
[3.508s] Copying ../../build/robot_odometry/robot_odometry.egg-info to /home/enzo/droid/WORK-2026/work_ws/install/robot_odometry/lib/python3.12/site-packages/robot_odometry-0.0.0-py3.12.egg-info
[3.509s] running install_scripts
[3.891s] writing list of installed files to '/home/enzo/droid/WORK-2026/work_ws/build/robot_odometry/install.log'
[4.070s] Invoked command in '/home/enzo/droid/WORK-2026/work_ws/src/robot_odometry' returned '0': DEBUGINFOD_URLS=https://debuginfod.ubuntu.com PYTHONPATH=/home/enzo/droid/WORK-2026/work_ws/build/robot_odometry/prefix_override:/usr/lib/python3/dist-packages/colcon_core/task/python/colcon_distutils_commands:/home/enzo/droid/WORK-2026/work_ws/install/robot_odometry/lib/python3.12/site-packages:${PYTHONPATH} /usr/bin/python3 -W ignore:setup.py install is deprecated -W ignore:easy_install command is deprecated setup.py egg_info --egg-base ../../build/robot_odometry build --build-base /home/enzo/droid/WORK-2026/work_ws/build/robot_odometry/build install --record /home/enzo/droid/WORK-2026/work_ws/build/robot_odometry/install.log --single-version-externally-managed install_data
