-- Found ament_cmake: 2.5.6 (/opt/ros/jazzy/share/ament_cmake/cmake)
-- Override CMake install command with custom implementation using symlinks instead of copying resources
-- Found ament_lint_auto: 0.17.5 (/opt/ros/jazzy/share/ament_lint_auto/cmake)
-- Added test 'copyright' to check source files copyright and LICENSE
-- Added test 'flake8' to check Python code syntax and style conventions
-- Configured 'flake8' exclude dirs and/or files: 
-- Added test 'lint_cmake' to check CMake code style
-- Added test 'pep257' to check Python code against some of the docstring style conventions in PEP 257
-- Added test 'xmllint' to check XML markup files
-- Configuring done (0.4s)
-- Generating done (0.0s)
-- Build files have been written to: /home/enzo/droid/WORK-2026/work_ws/build/salamander_bot
-- Install configuration: ""
-- Execute custom install script
-- Up-to-date symlink: /home/enzo/droid/WORK-2026/work_ws/install/salamander_bot/share/ament_index/resource_index/package_run_dependencies/salamander_bot
-- Up-to-date symlink: /home/enzo/droid/WORK-2026/work_ws/install/salamander_bot/share/ament_index/resource_index/parent_prefix_path/salamander_bot
-- Up-to-date symlink: /home/enzo/droid/WORK-2026/work_ws/install/salamander_bot/share/salamander_bot/environment/ament_prefix_path.sh
-- Up-to-date symlink: /home/enzo/droid/WORK-2026/work_ws/install/salamander_bot/share/salamander_bot/environment/ament_prefix_path.dsv
-- Up-to-date symlink: /home/enzo/droid/WORK-2026/work_ws/install/salamander_bot/share/salamander_bot/environment/path.sh
-- Up-to-date symlink: /home/enzo/droid/WORK-2026/work_ws/install/salamander_bot/share/salamander_bot/environment/path.dsv
-- Up-to-date symlink: /home/enzo/droid/WORK-2026/work_ws/install/salamander_bot/share/salamander_bot/local_setup.bash
-- Up-to-date symlink: /home/enzo/droid/WORK-2026/work_ws/install/salamander_bot/share/salamander_bot/local_setup.sh
-- Up-to-date symlink: /home/enzo/droid/WORK-2026/work_ws/install/salamander_bot/share/salamander_bot/local_setup.zsh
-- Up-to-date symlink: /home/enzo/droid/WORK-2026/work_ws/install/salamander_bot/share/salamander_bot/local_setup.dsv
-- Symlinking: /home/enzo/droid/WORK-2026/work_ws/install/salamander_bot/share/salamander_bot/package.dsv
-- Up-to-date symlink: /home/enzo/droid/WORK-2026/work_ws/install/salamander_bot/share/ament_index/resource_index/packages/salamander_bot
-- Up-to-date symlink: /home/enzo/droid/WORK-2026/work_ws/install/salamander_bot/share/salamander_bot/cmake/salamander_botConfig.cmake
-- Up-to-date symlink: /home/enzo/droid/WORK-2026/work_ws/install/salamander_bot/share/salamander_bot/cmake/salamander_botConfig-version.cmake
-- Up-to-date symlink: /home/enzo/droid/WORK-2026/work_ws/install/salamander_bot/share/salamander_bot/package.xml
