[3.204s] Invoking command in '/home/enzo/droid/WORK-2026/work_ws/build/robot_odometry': DEBUGINFOD_URLS=https://debuginfod.ubuntu.com PYTHONPATH=/home/enzo/droid/WORK-2026/work_ws/build/robot_odometry/prefix_override:/usr/lib/python3/dist-packages/colcon_core/task/python/colcon_distutils_commands:/home/enzo/droid/WORK-2026/work_ws/install/robot_odometry/lib/python3.12/site-packages:${PYTHONPATH} /usr/bin/python3 -W ignore:setup.py install is deprecated -W ignore:easy_install command is deprecated setup.py develop --editable --build-directory /home/enzo/droid/WORK-2026/work_ws/build/robot_odometry/build --no-deps symlink_data --force
[4.056s] running develop
[4.517s] running egg_info
[4.560s] writing robot_odometry.egg-info/PKG-INFO
[4.561s] writing dependency_links to robot_odometry.egg-info/dependency_links.txt
[4.563s] writing entry points to robot_odometry.egg-info/entry_points.txt
[4.563s] writing requirements to robot_odometry.egg-info/requires.txt
[4.563s] writing top-level names to robot_odometry.egg-info/top_level.txt
[4.817s] reading manifest file 'robot_odometry.egg-info/SOURCES.txt'
[4.819s] writing manifest file 'robot_odometry.egg-info/SOURCES.txt'
[4.941s] running build_ext
[4.944s] Creating /home/enzo/droid/WORK-2026/work_ws/install/robot_odometry/lib/python3.12/site-packages/robot-odometry.egg-link (link to .)
[4.960s] Installing odom_node script to /home/enzo/droid/WORK-2026/work_ws/install/robot_odometry/lib/robot_odometry
[4.964s] 
[4.969s] Installed /home/enzo/droid/WORK-2026/work_ws/build/robot_odometry
[4.969s] running symlink_data
[4.979s] symbolically linking /home/enzo/droid/WORK-2026/work_ws/build/robot_odometry/resource/robot_odometry -> /home/enzo/droid/WORK-2026/work_ws/install/robot_odometry/share/ament_index/resource_index/packages
[4.987s] symbolically linking /home/enzo/droid/WORK-2026/work_ws/build/robot_odometry/package.xml -> /home/enzo/droid/WORK-2026/work_ws/install/robot_odometry/share/robot_odometry
[4.989s] symbolically linking /home/enzo/droid/WORK-2026/work_ws/build/robot_odometry/launch/odom.launch.py -> /home/enzo/droid/WORK-2026/work_ws/install/robot_odometry/share/robot_odometry/launch
[5.363s] Invoked command in '/home/enzo/droid/WORK-2026/work_ws/build/robot_odometry' returned '0': DEBUGINFOD_URLS=https://debuginfod.ubuntu.com PYTHONPATH=/home/enzo/droid/WORK-2026/work_ws/build/robot_odometry/prefix_override:/usr/lib/python3/dist-packages/colcon_core/task/python/colcon_distutils_commands:/home/enzo/droid/WORK-2026/work_ws/install/robot_odometry/lib/python3.12/site-packages:${PYTHONPATH} /usr/bin/python3 -W ignore:setup.py install is deprecated -W ignore:easy_install command is deprecated setup.py develop --editable --build-directory /home/enzo/droid/WORK-2026/work_ws/build/robot_odometry/build --no-deps symlink_data --force
