[0.306s] Invoking command in '/home/enzo/droid/WORK-2026/work_ws/build/salamander_bot': CMAKE_PREFIX_PATH=${CMAKE_PREFIX_PATH}:/home/enzo/droid/WORK-2026/work_ws/install/robot_odometry:/opt/ros/jazzy DEBUGINFOD_URLS=https://debuginfod.ubuntu.com /usr/bin/cmake --build /home/enzo/droid/WORK-2026/work_ws/build/salamander_bot -- -j8 -l8
[0.383s] -- Found ament_cmake: 2.5.6 (/opt/ros/jazzy/share/ament_cmake/cmake)
[0.795s] -- Override CMake install command with custom implementation using symlinks instead of copying resources
[0.807s] -- Found ament_lint_auto: 0.17.5 (/opt/ros/jazzy/share/ament_lint_auto/cmake)
[0.967s] -- Added test 'copyright' to check source files copyright and LICENSE
[0.974s] -- Added test 'flake8' to check Python code syntax and style conventions
[0.974s] -- Configured 'flake8' exclude dirs and/or files: 
[0.975s] -- Added test 'lint_cmake' to check CMake code style
[0.976s] -- Added test 'pep257' to check Python code against some of the docstring style conventions in PEP 257
[0.981s] -- Added test 'xmllint' to check XML markup files
[0.984s] -- Configuring done (0.6s)
[0.993s] -- Generating done (0.0s)
[0.996s] -- Build files have been written to: /home/enzo/droid/WORK-2026/work_ws/build/salamander_bot
[1.031s] Invoked command in '/home/enzo/droid/WORK-2026/work_ws/build/salamander_bot' returned '0': CMAKE_PREFIX_PATH=${CMAKE_PREFIX_PATH}:/home/enzo/droid/WORK-2026/work_ws/install/robot_odometry:/opt/ros/jazzy DEBUGINFOD_URLS=https://debuginfod.ubuntu.com /usr/bin/cmake --build /home/enzo/droid/WORK-2026/work_ws/build/salamander_bot -- -j8 -l8
[1.047s] Invoking command in '/home/enzo/droid/WORK-2026/work_ws/build/salamander_bot': CMAKE_PREFIX_PATH=${CMAKE_PREFIX_PATH}:/home/enzo/droid/WORK-2026/work_ws/install/robot_odometry:/opt/ros/jazzy DEBUGINFOD_URLS=https://debuginfod.ubuntu.com /usr/bin/cmake --install /home/enzo/droid/WORK-2026/work_ws/build/salamander_bot
[1.061s] -- Install configuration: ""
[1.062s] -- Execute custom install script
[1.062s] -- Up-to-date symlink: /home/enzo/droid/WORK-2026/work_ws/install/salamander_bot/share/ament_index/resource_index/package_run_dependencies/salamander_bot
[1.063s] -- Up-to-date symlink: /home/enzo/droid/WORK-2026/work_ws/install/salamander_bot/share/ament_index/resource_index/parent_prefix_path/salamander_bot
[1.063s] -- Up-to-date symlink: /home/enzo/droid/WORK-2026/work_ws/install/salamander_bot/share/salamander_bot/environment/ament_prefix_path.sh
[1.063s] -- Up-to-date symlink: /home/enzo/droid/WORK-2026/work_ws/install/salamander_bot/share/salamander_bot/environment/ament_prefix_path.dsv
[1.064s] -- Up-to-date symlink: /home/enzo/droid/WORK-2026/work_ws/install/salamander_bot/share/salamander_bot/environment/path.sh
[1.064s] -- Up-to-date symlink: /home/enzo/droid/WORK-2026/work_ws/install/salamander_bot/share/salamander_bot/environment/path.dsv
[1.064s] -- Up-to-date symlink: /home/enzo/droid/WORK-2026/work_ws/install/salamander_bot/share/salamander_bot/local_setup.bash
[1.064s] -- Up-to-date symlink: /home/enzo/droid/WORK-2026/work_ws/install/salamander_bot/share/salamander_bot/local_setup.sh
[1.065s] -- Up-to-date symlink: /home/enzo/droid/WORK-2026/work_ws/install/salamander_bot/share/salamander_bot/local_setup.zsh
[1.065s] -- Up-to-date symlink: /home/enzo/droid/WORK-2026/work_ws/install/salamander_bot/share/salamander_bot/local_setup.dsv
[1.065s] -- Symlinking: /home/enzo/droid/WORK-2026/work_ws/install/salamander_bot/share/salamander_bot/package.dsv
[1.081s] -- Up-to-date symlink: /home/enzo/droid/WORK-2026/work_ws/install/salamander_bot/share/ament_index/resource_index/packages/salamander_bot
[1.081s] -- Up-to-date symlink: /home/enzo/droid/WORK-2026/work_ws/install/salamander_bot/share/salamander_bot/cmake/salamander_botConfig.cmake
[1.081s] -- Up-to-date symlink: /home/enzo/droid/WORK-2026/work_ws/install/salamander_bot/share/salamander_bot/cmake/salamander_botConfig-version.cmake
[1.082s] -- Up-to-date symlink: /home/enzo/droid/WORK-2026/work_ws/install/salamander_bot/share/salamander_bot/package.xml
[1.082s] -- Up-to-date: /home/enzo/droid/WORK-2026/work_ws/install/salamander_bot/share/salamander_bot/launch
[1.082s] -- Installing: /home/enzo/droid/WORK-2026/work_ws/install/salamander_bot/share/salamander_bot/launch/odomLidar.launch.py
[1.082s] -- Installing: /home/enzo/droid/WORK-2026/work_ws/install/salamander_bot/share/salamander_bot/launch/mapping.launch.py
[1.082s] -- Installing: /home/enzo/droid/WORK-2026/work_ws/install/salamander_bot/share/salamander_bot/launch/navigation_launch.py
[1.083s] -- Up-to-date: /home/enzo/droid/WORK-2026/work_ws/install/salamander_bot/share/salamander_bot/description
[1.083s] -- Up-to-date: /home/enzo/droid/WORK-2026/work_ws/install/salamander_bot/share/salamander_bot/config
[1.083s] -- Installing: /home/enzo/droid/WORK-2026/work_ws/install/salamander_bot/share/salamander_bot/config/mapper_params_online_async.yaml
[1.083s] -- Installing: /home/enzo/droid/WORK-2026/work_ws/install/salamander_bot/share/salamander_bot/config/slam_toolbox_mapping.yaml
[1.084s] -- Installing: /home/enzo/droid/WORK-2026/work_ws/install/salamander_bot/share/salamander_bot/config/ekf.yaml
[1.084s] -- Up-to-date: /home/enzo/droid/WORK-2026/work_ws/install/salamander_bot/share/salamander_bot/worlds
[1.084s] -- Up-to-date: /home/enzo/droid/WORK-2026/work_ws/install/salamander_bot/share/salamander_bot/meshes
[1.087s] Invoked command in '/home/enzo/droid/WORK-2026/work_ws/build/salamander_bot' returned '0': CMAKE_PREFIX_PATH=${CMAKE_PREFIX_PATH}:/home/enzo/droid/WORK-2026/work_ws/install/robot_odometry:/opt/ros/jazzy DEBUGINFOD_URLS=https://debuginfod.ubuntu.com /usr/bin/cmake --install /home/enzo/droid/WORK-2026/work_ws/build/salamander_bot
