[0.231s] DEBUG:colcon:Command line arguments: ['/usr/bin/colcon', 'build', '--symlink-install']
[0.232s] DEBUG:colcon:Parsed command line arguments: Namespace(log_base=None, log_level=None, verb_name='build', build_base='build', install_base='install', merge_install=False, symlink_install=True, test_result_base=None, continue_on_error=False, executor='parallel', parallel_workers=8, event_handlers=None, ignore_user_meta=False, metas=['./colcon.meta'], base_paths=['.'], packages_ignore=None, packages_ignore_regex=None, paths=None, packages_up_to=None, packages_up_to_regex=None, packages_above=None, packages_above_and_dependencies=None, packages_above_depth=None, packages_select_by_dep=None, packages_skip_by_dep=None, packages_skip_up_to=None, packages_select_build_failed=False, packages_skip_build_finished=False, packages_select_test_failures=False, packages_skip_test_passed=False, packages_select=None, packages_skip=None, packages_select_regex=None, packages_skip_regex=None, packages_start=None, packages_end=None, allow_overriding=[], cmake_args=None, cmake_target=None, cmake_target_skip_unavailable=False, cmake_clean_cache=False, cmake_clean_first=False, cmake_force_configure=False, ament_cmake_args=None, catkin_cmake_args=None, catkin_skip_building_tests=False, mixin_files=None, mixin=None, verb_parser=<colcon_mixin.mixin.mixin_argument.MixinArgumentDecorator object at 0x71e87caa0e60>, verb_extension=<colcon_core.verb.build.BuildVerb object at 0x71e87cbbd3a0>, main=<bound method BuildVerb.main of <colcon_core.verb.build.BuildVerb object at 0x71e87cbbd3a0>>, mixin_verb=('build',))
[0.306s] Level 1:colcon.colcon_core.package_discovery:discover_packages(colcon_meta) check parameters
[0.306s] Level 1:colcon.colcon_core.package_discovery:discover_packages(recursive) check parameters
[0.306s] Level 1:colcon.colcon_core.package_discovery:discover_packages(ignore) check parameters
[0.306s] Level 1:colcon.colcon_core.package_discovery:discover_packages(path) check parameters
[0.307s] Level 1:colcon.colcon_core.package_discovery:discover_packages(colcon_meta) discover
[0.307s] Level 1:colcon.colcon_core.package_discovery:discover_packages(recursive) discover
[0.307s] INFO:colcon.colcon_core.package_discovery:Crawling recursively for packages in '/home/enzo/droid/WORK-2026/work_ws/src'
[0.307s] Level 1:colcon.colcon_core.package_identification:_identify(.) by extensions ['ignore', 'ignore_ament_install']
[0.307s] Level 1:colcon.colcon_core.package_identification:_identify(.) by extension 'ignore'
[0.307s] Level 1:colcon.colcon_core.package_identification:_identify(.) by extension 'ignore_ament_install'
[0.307s] Level 1:colcon.colcon_core.package_identification:_identify(.) by extensions ['colcon_pkg']
[0.307s] Level 1:colcon.colcon_core.package_identification:_identify(.) by extension 'colcon_pkg'
[0.308s] Level 1:colcon.colcon_core.package_identification:_identify(.) by extensions ['colcon_meta']
[0.308s] Level 1:colcon.colcon_core.package_identification:_identify(.) by extension 'colcon_meta'
[0.308s] Level 1:colcon.colcon_core.package_identification:_identify(.) by extensions ['ros']
[0.308s] Level 1:colcon.colcon_core.package_identification:_identify(.) by extension 'ros'
[0.342s] Level 1:colcon.colcon_core.package_identification:_identify(.) by extensions ['cmake', 'python']
[0.342s] Level 1:colcon.colcon_core.package_identification:_identify(.) by extension 'cmake'
[0.342s] Level 1:colcon.colcon_core.package_identification:_identify(.) by extension 'python'
[0.342s] Level 1:colcon.colcon_core.package_identification:_identify(.) by extensions ['python_setup_py']
[0.342s] Level 1:colcon.colcon_core.package_identification:_identify(.) by extension 'python_setup_py'
[0.342s] Level 1:colcon.colcon_core.package_identification:_identify(build) by extensions ['ignore', 'ignore_ament_install']
[0.343s] Level 1:colcon.colcon_core.package_identification:_identify(build) by extension 'ignore'
[0.343s] Level 1:colcon.colcon_core.package_identification:_identify(build) ignored
[0.343s] Level 1:colcon.colcon_core.package_identification:_identify(install) by extensions ['ignore', 'ignore_ament_install']
[0.343s] Level 1:colcon.colcon_core.package_identification:_identify(install) by extension 'ignore'
[0.343s] Level 1:colcon.colcon_core.package_identification:_identify(install) ignored
[0.343s] Level 1:colcon.colcon_core.package_identification:_identify(log) by extensions ['ignore', 'ignore_ament_install']
[0.343s] Level 1:colcon.colcon_core.package_identification:_identify(log) by extension 'ignore'
[0.343s] Level 1:colcon.colcon_core.package_identification:_identify(log) ignored
[0.343s] Level 1:colcon.colcon_core.package_identification:_identify(rf2o_laser_odometry) by extensions ['ignore', 'ignore_ament_install']
[0.343s] Level 1:colcon.colcon_core.package_identification:_identify(rf2o_laser_odometry) by extension 'ignore'
[0.343s] Level 1:colcon.colcon_core.package_identification:_identify(rf2o_laser_odometry) by extension 'ignore_ament_install'
[0.343s] Level 1:colcon.colcon_core.package_identification:_identify(rf2o_laser_odometry) by extensions ['colcon_pkg']
[0.343s] Level 1:colcon.colcon_core.package_identification:_identify(rf2o_laser_odometry) by extension 'colcon_pkg'
[0.343s] Level 1:colcon.colcon_core.package_identification:_identify(rf2o_laser_odometry) by extensions ['colcon_meta']
[0.343s] Level 1:colcon.colcon_core.package_identification:_identify(rf2o_laser_odometry) by extension 'colcon_meta'
[0.343s] Level 1:colcon.colcon_core.package_identification:_identify(rf2o_laser_odometry) by extensions ['ros']
[0.344s] Level 1:colcon.colcon_core.package_identification:_identify(rf2o_laser_odometry) by extension 'ros'
[0.347s] DEBUG:colcon.colcon_core.package_identification:Package 'rf2o_laser_odometry' with type 'ros.ament_cmake' and name 'rf2o_laser_odometry'
[0.348s] Level 1:colcon.colcon_core.package_identification:_identify(robot_odometry) by extensions ['ignore', 'ignore_ament_install']
[0.348s] Level 1:colcon.colcon_core.package_identification:_identify(robot_odometry) by extension 'ignore'
[0.348s] Level 1:colcon.colcon_core.package_identification:_identify(robot_odometry) by extension 'ignore_ament_install'
[0.348s] Level 1:colcon.colcon_core.package_identification:_identify(robot_odometry) by extensions ['colcon_pkg']
[0.348s] Level 1:colcon.colcon_core.package_identification:_identify(robot_odometry) by extension 'colcon_pkg'
[0.348s] Level 1:colcon.colcon_core.package_identification:_identify(robot_odometry) by extensions ['colcon_meta']
[0.348s] Level 1:colcon.colcon_core.package_identification:_identify(robot_odometry) by extension 'colcon_meta'
[0.348s] Level 1:colcon.colcon_core.package_identification:_identify(robot_odometry) by extensions ['ros']
[0.348s] Level 1:colcon.colcon_core.package_identification:_identify(robot_odometry) by extension 'ros'
[0.349s] DEBUG:colcon.colcon_core.package_identification:Package 'robot_odometry' with type 'ros.ament_python' and name 'robot_odometry'
[0.349s] Level 1:colcon.colcon_core.package_identification:_identify(salamander_bot) by extensions ['ignore', 'ignore_ament_install']
[0.349s] Level 1:colcon.colcon_core.package_identification:_identify(salamander_bot) by extension 'ignore'
[0.349s] Level 1:colcon.colcon_core.package_identification:_identify(salamander_bot) by extension 'ignore_ament_install'
[0.350s] Level 1:colcon.colcon_core.package_identification:_identify(salamander_bot) by extensions ['colcon_pkg']
[0.350s] Level 1:colcon.colcon_core.package_identification:_identify(salamander_bot) by extension 'colcon_pkg'
[0.350s] Level 1:colcon.colcon_core.package_identification:_identify(salamander_bot) by extensions ['colcon_meta']
[0.350s] Level 1:colcon.colcon_core.package_identification:_identify(salamander_bot) by extension 'colcon_meta'
[0.350s] Level 1:colcon.colcon_core.package_identification:_identify(salamander_bot) by extensions ['ros']
[0.350s] Level 1:colcon.colcon_core.package_identification:_identify(salamander_bot) by extension 'ros'
[0.351s] DEBUG:colcon.colcon_core.package_identification:Package 'salamander_bot' with type 'ros.ament_cmake' and name 'salamander_bot'
[0.351s] Level 1:colcon.colcon_core.package_identification:_identify(sllidar_ros2) by extensions ['ignore', 'ignore_ament_install']
[0.351s] Level 1:colcon.colcon_core.package_identification:_identify(sllidar_ros2) by extension 'ignore'
[0.351s] Level 1:colcon.colcon_core.package_identification:_identify(sllidar_ros2) by extension 'ignore_ament_install'
[0.351s] Level 1:colcon.colcon_core.package_identification:_identify(sllidar_ros2) by extensions ['colcon_pkg']
[0.351s] Level 1:colcon.colcon_core.package_identification:_identify(sllidar_ros2) by extension 'colcon_pkg'
[0.351s] Level 1:colcon.colcon_core.package_identification:_identify(sllidar_ros2) by extensions ['colcon_meta']
[0.351s] Level 1:colcon.colcon_core.package_identification:_identify(sllidar_ros2) by extension 'colcon_meta'
[0.351s] Level 1:colcon.colcon_core.package_identification:_identify(sllidar_ros2) by extensions ['ros']
[0.351s] Level 1:colcon.colcon_core.package_identification:_identify(sllidar_ros2) by extension 'ros'
[0.352s] DEBUG:colcon.colcon_core.package_identification:Package 'sllidar_ros2' with type 'ros.ament_cmake' and name 'sllidar_ros2'
[0.352s] Level 1:colcon.colcon_core.package_discovery:discover_packages(recursive) using defaults
[0.352s] Level 1:colcon.colcon_core.package_discovery:discover_packages(ignore) discover
[0.352s] Level 1:colcon.colcon_core.package_discovery:discover_packages(ignore) using defaults
[0.352s] Level 1:colcon.colcon_core.package_discovery:discover_packages(path) discover
[0.352s] Level 1:colcon.colcon_core.package_discovery:discover_packages(path) using defaults
[0.386s] Level 1:colcon.colcon_core.package_discovery:discover_packages(prefix_path) check parameters
[0.386s] Level 1:colcon.colcon_core.package_discovery:discover_packages(prefix_path) discover
[0.389s] DEBUG:colcon.colcon_installed_package_information.package_discovery:Found 3 installed packages in /home/enzo/droid/WORK-2026/work_ws/install
[0.393s] DEBUG:colcon.colcon_installed_package_information.package_discovery:Found 416 installed packages in /opt/ros/jazzy
[0.395s] Level 1:colcon.colcon_core.package_discovery:discover_packages(prefix_path) using defaults
[0.459s] Level 5:colcon.colcon_core.verb:set package 'rf2o_laser_odometry' build argument 'cmake_args' from command line to 'None'
[0.459s] Level 5:colcon.colcon_core.verb:set package 'rf2o_laser_odometry' build argument 'cmake_target' from command line to 'None'
[0.459s] Level 5:colcon.colcon_core.verb:set package 'rf2o_laser_odometry' build argument 'cmake_target_skip_unavailable' from command line to 'False'
[0.459s] Level 5:colcon.colcon_core.verb:set package 'rf2o_laser_odometry' build argument 'cmake_clean_cache' from command line to 'False'
[0.459s] Level 5:colcon.colcon_core.verb:set package 'rf2o_laser_odometry' build argument 'cmake_clean_first' from command line to 'False'
[0.459s] Level 5:colcon.colcon_core.verb:set package 'rf2o_laser_odometry' build argument 'cmake_force_configure' from command line to 'False'
[0.459s] Level 5:colcon.colcon_core.verb:set package 'rf2o_laser_odometry' build argument 'ament_cmake_args' from command line to 'None'
[0.459s] Level 5:colcon.colcon_core.verb:set package 'rf2o_laser_odometry' build argument 'catkin_cmake_args' from command line to 'None'
[0.460s] Level 5:colcon.colcon_core.verb:set package 'rf2o_laser_odometry' build argument 'catkin_skip_building_tests' from command line to 'False'
[0.460s] DEBUG:colcon.colcon_core.verb:Building package 'rf2o_laser_odometry' with the following arguments: {'ament_cmake_args': None, 'build_base': '/home/enzo/droid/WORK-2026/work_ws/src/build/rf2o_laser_odometry', 'catkin_cmake_args': None, 'catkin_skip_building_tests': False, 'cmake_args': None, 'cmake_clean_cache': False, 'cmake_clean_first': False, 'cmake_force_configure': False, 'cmake_target': None, 'cmake_target_skip_unavailable': False, 'install_base': '/home/enzo/droid/WORK-2026/work_ws/src/install/rf2o_laser_odometry', 'merge_install': False, 'path': '/home/enzo/droid/WORK-2026/work_ws/src/rf2o_laser_odometry', 'symlink_install': True, 'test_result_base': None}
[0.460s] Level 5:colcon.colcon_core.verb:set package 'robot_odometry' build argument 'cmake_args' from command line to 'None'
[0.460s] Level 5:colcon.colcon_core.verb:set package 'robot_odometry' build argument 'cmake_target' from command line to 'None'
[0.460s] Level 5:colcon.colcon_core.verb:set package 'robot_odometry' build argument 'cmake_target_skip_unavailable' from command line to 'False'
[0.460s] Level 5:colcon.colcon_core.verb:set package 'robot_odometry' build argument 'cmake_clean_cache' from command line to 'False'
[0.460s] Level 5:colcon.colcon_core.verb:set package 'robot_odometry' build argument 'cmake_clean_first' from command line to 'False'
[0.460s] Level 5:colcon.colcon_core.verb:set package 'robot_odometry' build argument 'cmake_force_configure' from command line to 'False'
[0.460s] Level 5:colcon.colcon_core.verb:set package 'robot_odometry' build argument 'ament_cmake_args' from command line to 'None'
[0.460s] Level 5:colcon.colcon_core.verb:set package 'robot_odometry' build argument 'catkin_cmake_args' from command line to 'None'
[0.460s] Level 5:colcon.colcon_core.verb:set package 'robot_odometry' build argument 'catkin_skip_building_tests' from command line to 'False'
[0.460s] DEBUG:colcon.colcon_core.verb:Building package 'robot_odometry' with the following arguments: {'ament_cmake_args': None, 'build_base': '/home/enzo/droid/WORK-2026/work_ws/src/build/robot_odometry', 'catkin_cmake_args': None, 'catkin_skip_building_tests': False, 'cmake_args': None, 'cmake_clean_cache': False, 'cmake_clean_first': False, 'cmake_force_configure': False, 'cmake_target': None, 'cmake_target_skip_unavailable': False, 'install_base': '/home/enzo/droid/WORK-2026/work_ws/src/install/robot_odometry', 'merge_install': False, 'path': '/home/enzo/droid/WORK-2026/work_ws/src/robot_odometry', 'symlink_install': True, 'test_result_base': None}
[0.460s] Level 5:colcon.colcon_core.verb:set package 'salamander_bot' build argument 'cmake_args' from command line to 'None'
[0.460s] Level 5:colcon.colcon_core.verb:set package 'salamander_bot' build argument 'cmake_target' from command line to 'None'
[0.460s] Level 5:colcon.colcon_core.verb:set package 'salamander_bot' build argument 'cmake_target_skip_unavailable' from command line to 'False'
[0.460s] Level 5:colcon.colcon_core.verb:set package 'salamander_bot' build argument 'cmake_clean_cache' from command line to 'False'
[0.460s] Level 5:colcon.colcon_core.verb:set package 'salamander_bot' build argument 'cmake_clean_first' from command line to 'False'
[0.460s] Level 5:colcon.colcon_core.verb:set package 'salamander_bot' build argument 'cmake_force_configure' from command line to 'False'
[0.460s] Level 5:colcon.colcon_core.verb:set package 'salamander_bot' build argument 'ament_cmake_args' from command line to 'None'
[0.461s] Level 5:colcon.colcon_core.verb:set package 'salamander_bot' build argument 'catkin_cmake_args' from command line to 'None'
[0.461s] Level 5:colcon.colcon_core.verb:set package 'salamander_bot' build argument 'catkin_skip_building_tests' from command line to 'False'
[0.461s] DEBUG:colcon.colcon_core.verb:Building package 'salamander_bot' with the following arguments: {'ament_cmake_args': None, 'build_base': '/home/enzo/droid/WORK-2026/work_ws/src/build/salamander_bot', 'catkin_cmake_args': None, 'catkin_skip_building_tests': False, 'cmake_args': None, 'cmake_clean_cache': False, 'cmake_clean_first': False, 'cmake_force_configure': False, 'cmake_target': None, 'cmake_target_skip_unavailable': False, 'install_base': '/home/enzo/droid/WORK-2026/work_ws/src/install/salamander_bot', 'merge_install': False, 'path': '/home/enzo/droid/WORK-2026/work_ws/src/salamander_bot', 'symlink_install': True, 'test_result_base': None}
[0.461s] Level 5:colcon.colcon_core.verb:set package 'sllidar_ros2' build argument 'cmake_args' from command line to 'None'
[0.461s] Level 5:colcon.colcon_core.verb:set package 'sllidar_ros2' build argument 'cmake_target' from command line to 'None'
[0.461s] Level 5:colcon.colcon_core.verb:set package 'sllidar_ros2' build argument 'cmake_target_skip_unavailable' from command line to 'False'
[0.461s] Level 5:colcon.colcon_core.verb:set package 'sllidar_ros2' build argument 'cmake_clean_cache' from command line to 'False'
[0.461s] Level 5:colcon.colcon_core.verb:set package 'sllidar_ros2' build argument 'cmake_clean_first' from command line to 'False'
[0.461s] Level 5:colcon.colcon_core.verb:set package 'sllidar_ros2' build argument 'cmake_force_configure' from command line to 'False'
[0.461s] Level 5:colcon.colcon_core.verb:set package 'sllidar_ros2' build argument 'ament_cmake_args' from command line to 'None'
[0.461s] Level 5:colcon.colcon_core.verb:set package 'sllidar_ros2' build argument 'catkin_cmake_args' from command line to 'None'
[0.461s] Level 5:colcon.colcon_core.verb:set package 'sllidar_ros2' build argument 'catkin_skip_building_tests' from command line to 'False'
[0.461s] DEBUG:colcon.colcon_core.verb:Building package 'sllidar_ros2' with the following arguments: {'ament_cmake_args': None, 'build_base': '/home/enzo/droid/WORK-2026/work_ws/src/build/sllidar_ros2', 'catkin_cmake_args': None, 'catkin_skip_building_tests': False, 'cmake_args': None, 'cmake_clean_cache': False, 'cmake_clean_first': False, 'cmake_force_configure': False, 'cmake_target': None, 'cmake_target_skip_unavailable': False, 'install_base': '/home/enzo/droid/WORK-2026/work_ws/src/install/sllidar_ros2', 'merge_install': False, 'path': '/home/enzo/droid/WORK-2026/work_ws/src/sllidar_ros2', 'symlink_install': True, 'test_result_base': None}
[0.461s] INFO:colcon.colcon_core.executor:Executing jobs using 'parallel' executor
[0.462s] DEBUG:colcon.colcon_parallel_executor.executor.parallel:run_until_complete
[0.463s] INFO:colcon.colcon_ros.task.ament_cmake.build:Building ROS package in '/home/enzo/droid/WORK-2026/work_ws/src/rf2o_laser_odometry' with build type 'ament_cmake'
[0.463s] INFO:colcon.colcon_cmake.task.cmake.build:Building CMake package in '/home/enzo/droid/WORK-2026/work_ws/src/rf2o_laser_odometry'
[0.466s] INFO:colcon.colcon_core.plugin_system:Skipping extension 'colcon_core.shell.bat': Not used on non-Windows systems
[0.466s] INFO:colcon.colcon_core.shell:Skip shell extension 'powershell' for command environment: Not usable outside of PowerShell
[0.467s] DEBUG:colcon.colcon_core.shell:Skip shell extension 'dsv' for command environment
[0.471s] INFO:colcon.colcon_ros.task.ament_python.build:Building ROS package in '/home/enzo/droid/WORK-2026/work_ws/src/robot_odometry' with build type 'ament_python'
[0.471s] Level 1:colcon.colcon_core.shell:create_environment_hook('robot_odometry', 'ament_prefix_path')
[0.472s] INFO:colcon.colcon_core.shell:Creating environment hook '/home/enzo/droid/WORK-2026/work_ws/src/install/robot_odometry/share/robot_odometry/hook/ament_prefix_path.ps1'
[0.473s] INFO:colcon.colcon_core.shell:Creating environment descriptor '/home/enzo/droid/WORK-2026/work_ws/src/install/robot_odometry/share/robot_odometry/hook/ament_prefix_path.dsv'
[0.473s] INFO:colcon.colcon_core.shell:Creating environment hook '/home/enzo/droid/WORK-2026/work_ws/src/install/robot_odometry/share/robot_odometry/hook/ament_prefix_path.sh'
[0.474s] INFO:colcon.colcon_core.shell:Skip shell extension 'powershell' for command environment: Not usable outside of PowerShell
[0.474s] DEBUG:colcon.colcon_core.shell:Skip shell extension 'dsv' for command environment
[0.478s] INFO:colcon.colcon_ros.task.ament_cmake.build:Building ROS package in '/home/enzo/droid/WORK-2026/work_ws/src/salamander_bot' with build type 'ament_cmake'
[0.478s] INFO:colcon.colcon_cmake.task.cmake.build:Building CMake package in '/home/enzo/droid/WORK-2026/work_ws/src/salamander_bot'
[0.478s] INFO:colcon.colcon_core.shell:Skip shell extension 'powershell' for command environment: Not usable outside of PowerShell
[0.478s] DEBUG:colcon.colcon_core.shell:Skip shell extension 'dsv' for command environment
[0.484s] INFO:colcon.colcon_ros.task.ament_cmake.build:Building ROS package in '/home/enzo/droid/WORK-2026/work_ws/src/sllidar_ros2' with build type 'ament_cmake'
[0.484s] INFO:colcon.colcon_cmake.task.cmake.build:Building CMake package in '/home/enzo/droid/WORK-2026/work_ws/src/sllidar_ros2'
[0.485s] INFO:colcon.colcon_core.shell:Skip shell extension 'powershell' for command environment: Not usable outside of PowerShell
[0.485s] DEBUG:colcon.colcon_core.shell:Skip shell extension 'dsv' for command environment
[0.503s] DEBUG:colcon.colcon_core.event_handler.log_command:Invoking command in '/home/enzo/droid/WORK-2026/work_ws/src/build/rf2o_laser_odometry': CMAKE_PREFIX_PATH=${CMAKE_PREFIX_PATH}:/home/enzo/droid/WORK-2026/work_ws/install/robot_odometry:/opt/ros/jazzy DEBUGINFOD_URLS=https://debuginfod.ubuntu.com /usr/bin/cmake --build /home/enzo/droid/WORK-2026/work_ws/src/build/rf2o_laser_odometry -- -j8 -l8
[0.866s] INFO:colcon.colcon_core.task.python.build:Building Python package in '/home/enzo/droid/WORK-2026/work_ws/src/robot_odometry'
[0.866s] INFO:colcon.colcon_core.shell:Skip shell extension 'powershell' for command environment: Not usable outside of PowerShell
[0.867s] DEBUG:colcon.colcon_core.shell:Skip shell extension 'dsv' for command environment
[0.891s] DEBUG:colcon.colcon_core.event_handler.log_command:Invoking command in '/home/enzo/droid/WORK-2026/work_ws/src/build/salamander_bot': CMAKE_PREFIX_PATH=${CMAKE_PREFIX_PATH}:/home/enzo/droid/WORK-2026/work_ws/install/robot_odometry:/opt/ros/jazzy DEBUGINFOD_URLS=https://debuginfod.ubuntu.com /usr/bin/cmake --build /home/enzo/droid/WORK-2026/work_ws/src/build/salamander_bot -- -j8 -l8
[0.902s] DEBUG:colcon.colcon_core.event_handler.log_command:Invoked command in '/home/enzo/droid/WORK-2026/work_ws/src/build/rf2o_laser_odometry' returned '0': CMAKE_PREFIX_PATH=${CMAKE_PREFIX_PATH}:/home/enzo/droid/WORK-2026/work_ws/install/robot_odometry:/opt/ros/jazzy DEBUGINFOD_URLS=https://debuginfod.ubuntu.com /usr/bin/cmake --build /home/enzo/droid/WORK-2026/work_ws/src/build/rf2o_laser_odometry -- -j8 -l8
[0.942s] DEBUG:colcon.colcon_core.event_handler.log_command:Invoking command in '/home/enzo/droid/WORK-2026/work_ws/src/build/rf2o_laser_odometry': CMAKE_PREFIX_PATH=${CMAKE_PREFIX_PATH}:/home/enzo/droid/WORK-2026/work_ws/install/robot_odometry:/opt/ros/jazzy DEBUGINFOD_URLS=https://debuginfod.ubuntu.com /usr/bin/cmake --install /home/enzo/droid/WORK-2026/work_ws/src/build/rf2o_laser_odometry
[0.954s] DEBUG:colcon.colcon_core.event_handler.log_command:Invoking command in '/home/enzo/droid/WORK-2026/work_ws/src/build/sllidar_ros2': CMAKE_PREFIX_PATH=${CMAKE_PREFIX_PATH}:/home/enzo/droid/WORK-2026/work_ws/install/robot_odometry:/opt/ros/jazzy DEBUGINFOD_URLS=https://debuginfod.ubuntu.com /usr/bin/cmake --build /home/enzo/droid/WORK-2026/work_ws/src/build/sllidar_ros2 -- -j8 -l8
[1.048s] Level 1:colcon.colcon_core.environment:create_environment_scripts_only(rf2o_laser_odometry)
[1.049s] DEBUG:colcon.colcon_core.event_handler.log_command:Invoked command in '/home/enzo/droid/WORK-2026/work_ws/src/build/rf2o_laser_odometry' returned '0': CMAKE_PREFIX_PATH=${CMAKE_PREFIX_PATH}:/home/enzo/droid/WORK-2026/work_ws/install/robot_odometry:/opt/ros/jazzy DEBUGINFOD_URLS=https://debuginfod.ubuntu.com /usr/bin/cmake --install /home/enzo/droid/WORK-2026/work_ws/src/build/rf2o_laser_odometry
[1.063s] Level 1:colcon.colcon_core.environment:checking '/home/enzo/droid/WORK-2026/work_ws/src/install/rf2o_laser_odometry' for CMake module files
[1.067s] Level 1:colcon.colcon_core.environment:checking '/home/enzo/droid/WORK-2026/work_ws/src/install/rf2o_laser_odometry' for CMake config files
[1.069s] Level 1:colcon.colcon_core.shell:create_environment_hook('rf2o_laser_odometry', 'cmake_prefix_path')
[1.070s] INFO:colcon.colcon_core.shell:Creating environment hook '/home/enzo/droid/WORK-2026/work_ws/src/install/rf2o_laser_odometry/share/rf2o_laser_odometry/hook/cmake_prefix_path.ps1'
[1.073s] INFO:colcon.colcon_core.shell:Creating environment descriptor '/home/enzo/droid/WORK-2026/work_ws/src/install/rf2o_laser_odometry/share/rf2o_laser_odometry/hook/cmake_prefix_path.dsv'
[1.075s] INFO:colcon.colcon_core.shell:Creating environment hook '/home/enzo/droid/WORK-2026/work_ws/src/install/rf2o_laser_odometry/share/rf2o_laser_odometry/hook/cmake_prefix_path.sh'
[1.077s] Level 1:colcon.colcon_core.environment:checking '/home/enzo/droid/WORK-2026/work_ws/src/install/rf2o_laser_odometry/lib'
[1.078s] Level 1:colcon.colcon_core.environment:checking '/home/enzo/droid/WORK-2026/work_ws/src/install/rf2o_laser_odometry/bin'
[1.078s] Level 1:colcon.colcon_core.environment:checking '/home/enzo/droid/WORK-2026/work_ws/src/install/rf2o_laser_odometry/lib/pkgconfig/rf2o_laser_odometry.pc'
[1.078s] Level 1:colcon.colcon_core.environment:checking '/home/enzo/droid/WORK-2026/work_ws/src/install/rf2o_laser_odometry/lib/python3.12/site-packages'
[1.080s] Level 1:colcon.colcon_core.environment:checking '/home/enzo/droid/WORK-2026/work_ws/src/install/rf2o_laser_odometry/bin'
[1.081s] INFO:colcon.colcon_core.shell:Creating package script '/home/enzo/droid/WORK-2026/work_ws/src/install/rf2o_laser_odometry/share/rf2o_laser_odometry/package.ps1'
[1.084s] INFO:colcon.colcon_core.shell:Creating package descriptor '/home/enzo/droid/WORK-2026/work_ws/src/install/rf2o_laser_odometry/share/rf2o_laser_odometry/package.dsv'
[1.087s] INFO:colcon.colcon_core.shell:Creating package script '/home/enzo/droid/WORK-2026/work_ws/src/install/rf2o_laser_odometry/share/rf2o_laser_odometry/package.sh'
[1.089s] INFO:colcon.colcon_core.shell:Creating package script '/home/enzo/droid/WORK-2026/work_ws/src/install/rf2o_laser_odometry/share/rf2o_laser_odometry/package.bash'
[1.092s] INFO:colcon.colcon_core.shell:Creating package script '/home/enzo/droid/WORK-2026/work_ws/src/install/rf2o_laser_odometry/share/rf2o_laser_odometry/package.zsh'
[1.094s] Level 1:colcon.colcon_core.environment:create_file_with_runtime_dependencies(/home/enzo/droid/WORK-2026/work_ws/src/install/rf2o_laser_odometry/share/colcon-core/packages/rf2o_laser_odometry)
[1.097s] Level 1:colcon.colcon_core.environment:create_environment_scripts_only(rf2o_laser_odometry)
[1.098s] Level 1:colcon.colcon_core.environment:checking '/home/enzo/droid/WORK-2026/work_ws/src/install/rf2o_laser_odometry' for CMake module files
[1.100s] Level 1:colcon.colcon_core.environment:checking '/home/enzo/droid/WORK-2026/work_ws/src/install/rf2o_laser_odometry' for CMake config files
[1.102s] Level 1:colcon.colcon_core.shell:create_environment_hook('rf2o_laser_odometry', 'cmake_prefix_path')
[1.103s] INFO:colcon.colcon_core.shell:Creating environment hook '/home/enzo/droid/WORK-2026/work_ws/src/install/rf2o_laser_odometry/share/rf2o_laser_odometry/hook/cmake_prefix_path.ps1'
[1.105s] INFO:colcon.colcon_core.shell:Creating environment descriptor '/home/enzo/droid/WORK-2026/work_ws/src/install/rf2o_laser_odometry/share/rf2o_laser_odometry/hook/cmake_prefix_path.dsv'
[1.106s] INFO:colcon.colcon_core.shell:Creating environment hook '/home/enzo/droid/WORK-2026/work_ws/src/install/rf2o_laser_odometry/share/rf2o_laser_odometry/hook/cmake_prefix_path.sh'
[1.108s] Level 1:colcon.colcon_core.environment:checking '/home/enzo/droid/WORK-2026/work_ws/src/install/rf2o_laser_odometry/lib'
[1.109s] Level 1:colcon.colcon_core.environment:checking '/home/enzo/droid/WORK-2026/work_ws/src/install/rf2o_laser_odometry/bin'
[1.109s] Level 1:colcon.colcon_core.environment:checking '/home/enzo/droid/WORK-2026/work_ws/src/install/rf2o_laser_odometry/lib/pkgconfig/rf2o_laser_odometry.pc'
[1.110s] Level 1:colcon.colcon_core.environment:checking '/home/enzo/droid/WORK-2026/work_ws/src/install/rf2o_laser_odometry/lib/python3.12/site-packages'
[1.112s] Level 1:colcon.colcon_core.environment:checking '/home/enzo/droid/WORK-2026/work_ws/src/install/rf2o_laser_odometry/bin'
[1.113s] INFO:colcon.colcon_core.shell:Creating package script '/home/enzo/droid/WORK-2026/work_ws/src/install/rf2o_laser_odometry/share/rf2o_laser_odometry/package.ps1'
[1.115s] INFO:colcon.colcon_core.shell:Creating package descriptor '/home/enzo/droid/WORK-2026/work_ws/src/install/rf2o_laser_odometry/share/rf2o_laser_odometry/package.dsv'
[1.117s] INFO:colcon.colcon_core.shell:Creating package script '/home/enzo/droid/WORK-2026/work_ws/src/install/rf2o_laser_odometry/share/rf2o_laser_odometry/package.sh'
[1.119s] INFO:colcon.colcon_core.shell:Creating package script '/home/enzo/droid/WORK-2026/work_ws/src/install/rf2o_laser_odometry/share/rf2o_laser_odometry/package.bash'
[1.120s] INFO:colcon.colcon_core.shell:Creating package script '/home/enzo/droid/WORK-2026/work_ws/src/install/rf2o_laser_odometry/share/rf2o_laser_odometry/package.zsh'
[1.121s] Level 1:colcon.colcon_core.environment:create_file_with_runtime_dependencies(/home/enzo/droid/WORK-2026/work_ws/src/install/rf2o_laser_odometry/share/colcon-core/packages/rf2o_laser_odometry)
[1.127s] DEBUG:colcon.colcon_core.event_handler.log_command:Invoked command in '/home/enzo/droid/WORK-2026/work_ws/src/build/salamander_bot' returned '0': CMAKE_PREFIX_PATH=${CMAKE_PREFIX_PATH}:/home/enzo/droid/WORK-2026/work_ws/install/robot_odometry:/opt/ros/jazzy DEBUGINFOD_URLS=https://debuginfod.ubuntu.com /usr/bin/cmake --build /home/enzo/droid/WORK-2026/work_ws/src/build/salamander_bot -- -j8 -l8
[1.133s] DEBUG:colcon.colcon_core.event_handler.log_command:Invoking command in '/home/enzo/droid/WORK-2026/work_ws/src/build/salamander_bot': CMAKE_PREFIX_PATH=${CMAKE_PREFIX_PATH}:/home/enzo/droid/WORK-2026/work_ws/install/robot_odometry:/opt/ros/jazzy DEBUGINFOD_URLS=https://debuginfod.ubuntu.com /usr/bin/cmake --install /home/enzo/droid/WORK-2026/work_ws/src/build/salamander_bot
[1.185s] Level 1:colcon.colcon_core.environment:create_environment_scripts_only(salamander_bot)
[1.185s] Level 1:colcon.colcon_core.environment:checking '/home/enzo/droid/WORK-2026/work_ws/src/install/salamander_bot' for CMake module files
[1.188s] Level 1:colcon.colcon_core.environment:checking '/home/enzo/droid/WORK-2026/work_ws/src/install/salamander_bot' for CMake config files
[1.188s] DEBUG:colcon.colcon_core.event_handler.log_command:Invoked command in '/home/enzo/droid/WORK-2026/work_ws/src/build/salamander_bot' returned '0': CMAKE_PREFIX_PATH=${CMAKE_PREFIX_PATH}:/home/enzo/droid/WORK-2026/work_ws/install/robot_odometry:/opt/ros/jazzy DEBUGINFOD_URLS=https://debuginfod.ubuntu.com /usr/bin/cmake --install /home/enzo/droid/WORK-2026/work_ws/src/build/salamander_bot
[1.189s] Level 1:colcon.colcon_core.shell:create_environment_hook('salamander_bot', 'cmake_prefix_path')
[1.189s] INFO:colcon.colcon_core.shell:Creating environment hook '/home/enzo/droid/WORK-2026/work_ws/src/install/salamander_bot/share/salamander_bot/hook/cmake_prefix_path.ps1'
[1.190s] INFO:colcon.colcon_core.shell:Creating environment descriptor '/home/enzo/droid/WORK-2026/work_ws/src/install/salamander_bot/share/salamander_bot/hook/cmake_prefix_path.dsv'
[1.190s] INFO:colcon.colcon_core.shell:Creating environment hook '/home/enzo/droid/WORK-2026/work_ws/src/install/salamander_bot/share/salamander_bot/hook/cmake_prefix_path.sh'
[1.191s] Level 1:colcon.colcon_core.environment:checking '/home/enzo/droid/WORK-2026/work_ws/src/install/salamander_bot/bin'
[1.191s] Level 1:colcon.colcon_core.environment:checking '/home/enzo/droid/WORK-2026/work_ws/src/install/salamander_bot/lib/pkgconfig/salamander_bot.pc'
[1.191s] Level 1:colcon.colcon_core.environment:checking '/home/enzo/droid/WORK-2026/work_ws/src/install/salamander_bot/lib/python3.12/site-packages'
[1.192s] Level 1:colcon.colcon_core.environment:checking '/home/enzo/droid/WORK-2026/work_ws/src/install/salamander_bot/bin'
[1.192s] INFO:colcon.colcon_core.shell:Creating package script '/home/enzo/droid/WORK-2026/work_ws/src/install/salamander_bot/share/salamander_bot/package.ps1'
[1.192s] INFO:colcon.colcon_core.shell:Creating package descriptor '/home/enzo/droid/WORK-2026/work_ws/src/install/salamander_bot/share/salamander_bot/package.dsv'
[1.193s] INFO:colcon.colcon_core.shell:Creating package script '/home/enzo/droid/WORK-2026/work_ws/src/install/salamander_bot/share/salamander_bot/package.sh'
[1.193s] INFO:colcon.colcon_core.shell:Creating package script '/home/enzo/droid/WORK-2026/work_ws/src/install/salamander_bot/share/salamander_bot/package.bash'
[1.193s] INFO:colcon.colcon_core.shell:Creating package script '/home/enzo/droid/WORK-2026/work_ws/src/install/salamander_bot/share/salamander_bot/package.zsh'
[1.194s] Level 1:colcon.colcon_core.environment:create_file_with_runtime_dependencies(/home/enzo/droid/WORK-2026/work_ws/src/install/salamander_bot/share/colcon-core/packages/salamander_bot)
[1.194s] Level 1:colcon.colcon_core.environment:create_environment_scripts_only(salamander_bot)
[1.194s] Level 1:colcon.colcon_core.environment:checking '/home/enzo/droid/WORK-2026/work_ws/src/install/salamander_bot' for CMake module files
[1.195s] Level 1:colcon.colcon_core.environment:checking '/home/enzo/droid/WORK-2026/work_ws/src/install/salamander_bot' for CMake config files
[1.195s] Level 1:colcon.colcon_core.shell:create_environment_hook('salamander_bot', 'cmake_prefix_path')
[1.195s] INFO:colcon.colcon_core.shell:Creating environment hook '/home/enzo/droid/WORK-2026/work_ws/src/install/salamander_bot/share/salamander_bot/hook/cmake_prefix_path.ps1'
[1.196s] INFO:colcon.colcon_core.shell:Creating environment descriptor '/home/enzo/droid/WORK-2026/work_ws/src/install/salamander_bot/share/salamander_bot/hook/cmake_prefix_path.dsv'
[1.196s] INFO:colcon.colcon_core.shell:Creating environment hook '/home/enzo/droid/WORK-2026/work_ws/src/install/salamander_bot/share/salamander_bot/hook/cmake_prefix_path.sh'
[1.197s] Level 1:colcon.colcon_core.environment:checking '/home/enzo/droid/WORK-2026/work_ws/src/install/salamander_bot/bin'
[1.197s] Level 1:colcon.colcon_core.environment:checking '/home/enzo/droid/WORK-2026/work_ws/src/install/salamander_bot/lib/pkgconfig/salamander_bot.pc'
[1.197s] Level 1:colcon.colcon_core.environment:checking '/home/enzo/droid/WORK-2026/work_ws/src/install/salamander_bot/lib/python3.12/site-packages'
[1.197s] Level 1:colcon.colcon_core.environment:checking '/home/enzo/droid/WORK-2026/work_ws/src/install/salamander_bot/bin'
[1.198s] INFO:colcon.colcon_core.shell:Creating package script '/home/enzo/droid/WORK-2026/work_ws/src/install/salamander_bot/share/salamander_bot/package.ps1'
[1.198s] INFO:colcon.colcon_core.shell:Creating package descriptor '/home/enzo/droid/WORK-2026/work_ws/src/install/salamander_bot/share/salamander_bot/package.dsv'
[1.199s] INFO:colcon.colcon_core.shell:Creating package script '/home/enzo/droid/WORK-2026/work_ws/src/install/salamander_bot/share/salamander_bot/package.sh'
[1.199s] INFO:colcon.colcon_core.shell:Creating package script '/home/enzo/droid/WORK-2026/work_ws/src/install/salamander_bot/share/salamander_bot/package.bash'
[1.200s] INFO:colcon.colcon_core.shell:Creating package script '/home/enzo/droid/WORK-2026/work_ws/src/install/salamander_bot/share/salamander_bot/package.zsh'
[1.200s] Level 1:colcon.colcon_core.environment:create_file_with_runtime_dependencies(/home/enzo/droid/WORK-2026/work_ws/src/install/salamander_bot/share/colcon-core/packages/salamander_bot)
[1.230s] DEBUG:colcon.colcon_core.event_handler.log_command:Invoked command in '/home/enzo/droid/WORK-2026/work_ws/src/build/sllidar_ros2' returned '0': CMAKE_PREFIX_PATH=${CMAKE_PREFIX_PATH}:/home/enzo/droid/WORK-2026/work_ws/install/robot_odometry:/opt/ros/jazzy DEBUGINFOD_URLS=https://debuginfod.ubuntu.com /usr/bin/cmake --build /home/enzo/droid/WORK-2026/work_ws/src/build/sllidar_ros2 -- -j8 -l8
[1.232s] DEBUG:colcon.colcon_core.event_handler.log_command:Invoking command in '/home/enzo/droid/WORK-2026/work_ws/src/build/sllidar_ros2': CMAKE_PREFIX_PATH=${CMAKE_PREFIX_PATH}:/home/enzo/droid/WORK-2026/work_ws/install/robot_odometry:/opt/ros/jazzy DEBUGINFOD_URLS=https://debuginfod.ubuntu.com /usr/bin/cmake --install /home/enzo/droid/WORK-2026/work_ws/src/build/sllidar_ros2
[1.263s] Level 1:colcon.colcon_core.environment:create_environment_scripts_only(sllidar_ros2)
[1.264s] Level 1:colcon.colcon_core.environment:checking '/home/enzo/droid/WORK-2026/work_ws/src/install/sllidar_ros2' for CMake module files
[1.265s] DEBUG:colcon.colcon_core.event_handler.log_command:Invoked command in '/home/enzo/droid/WORK-2026/work_ws/src/build/sllidar_ros2' returned '0': CMAKE_PREFIX_PATH=${CMAKE_PREFIX_PATH}:/home/enzo/droid/WORK-2026/work_ws/install/robot_odometry:/opt/ros/jazzy DEBUGINFOD_URLS=https://debuginfod.ubuntu.com /usr/bin/cmake --install /home/enzo/droid/WORK-2026/work_ws/src/build/sllidar_ros2
[1.266s] Level 1:colcon.colcon_core.environment:checking '/home/enzo/droid/WORK-2026/work_ws/src/install/sllidar_ros2' for CMake config files
[1.266s] Level 1:colcon.colcon_core.shell:create_environment_hook('sllidar_ros2', 'cmake_prefix_path')
[1.267s] INFO:colcon.colcon_core.shell:Creating environment hook '/home/enzo/droid/WORK-2026/work_ws/src/install/sllidar_ros2/share/sllidar_ros2/hook/cmake_prefix_path.ps1'
[1.267s] INFO:colcon.colcon_core.shell:Creating environment descriptor '/home/enzo/droid/WORK-2026/work_ws/src/install/sllidar_ros2/share/sllidar_ros2/hook/cmake_prefix_path.dsv'
[1.268s] INFO:colcon.colcon_core.shell:Creating environment hook '/home/enzo/droid/WORK-2026/work_ws/src/install/sllidar_ros2/share/sllidar_ros2/hook/cmake_prefix_path.sh'
[1.269s] Level 1:colcon.colcon_core.environment:checking '/home/enzo/droid/WORK-2026/work_ws/src/install/sllidar_ros2/lib'
[1.269s] Level 1:colcon.colcon_core.environment:checking '/home/enzo/droid/WORK-2026/work_ws/src/install/sllidar_ros2/bin'
[1.269s] Level 1:colcon.colcon_core.environment:checking '/home/enzo/droid/WORK-2026/work_ws/src/install/sllidar_ros2/lib/pkgconfig/sllidar_ros2.pc'
[1.270s] Level 1:colcon.colcon_core.environment:checking '/home/enzo/droid/WORK-2026/work_ws/src/install/sllidar_ros2/lib/python3.12/site-packages'
[1.270s] Level 1:colcon.colcon_core.environment:checking '/home/enzo/droid/WORK-2026/work_ws/src/install/sllidar_ros2/bin'
[1.271s] INFO:colcon.colcon_core.shell:Creating package script '/home/enzo/droid/WORK-2026/work_ws/src/install/sllidar_ros2/share/sllidar_ros2/package.ps1'
[1.272s] INFO:colcon.colcon_core.shell:Creating package descriptor '/home/enzo/droid/WORK-2026/work_ws/src/install/sllidar_ros2/share/sllidar_ros2/package.dsv'
[1.273s] INFO:colcon.colcon_core.shell:Creating package script '/home/enzo/droid/WORK-2026/work_ws/src/install/sllidar_ros2/share/sllidar_ros2/package.sh'
[1.274s] INFO:colcon.colcon_core.shell:Creating package script '/home/enzo/droid/WORK-2026/work_ws/src/install/sllidar_ros2/share/sllidar_ros2/package.bash'
[1.274s] INFO:colcon.colcon_core.shell:Creating package script '/home/enzo/droid/WORK-2026/work_ws/src/install/sllidar_ros2/share/sllidar_ros2/package.zsh'
[1.274s] Level 1:colcon.colcon_core.environment:create_file_with_runtime_dependencies(/home/enzo/droid/WORK-2026/work_ws/src/install/sllidar_ros2/share/colcon-core/packages/sllidar_ros2)
[1.275s] Level 1:colcon.colcon_core.environment:create_environment_scripts_only(sllidar_ros2)
[1.275s] Level 1:colcon.colcon_core.environment:checking '/home/enzo/droid/WORK-2026/work_ws/src/install/sllidar_ros2' for CMake module files
[1.276s] Level 1:colcon.colcon_core.environment:checking '/home/enzo/droid/WORK-2026/work_ws/src/install/sllidar_ros2' for CMake config files
[1.276s] Level 1:colcon.colcon_core.shell:create_environment_hook('sllidar_ros2', 'cmake_prefix_path')
[1.276s] INFO:colcon.colcon_core.shell:Creating environment hook '/home/enzo/droid/WORK-2026/work_ws/src/install/sllidar_ros2/share/sllidar_ros2/hook/cmake_prefix_path.ps1'
[1.276s] INFO:colcon.colcon_core.shell:Creating environment descriptor '/home/enzo/droid/WORK-2026/work_ws/src/install/sllidar_ros2/share/sllidar_ros2/hook/cmake_prefix_path.dsv'
[1.277s] INFO:colcon.colcon_core.shell:Creating environment hook '/home/enzo/droid/WORK-2026/work_ws/src/install/sllidar_ros2/share/sllidar_ros2/hook/cmake_prefix_path.sh'
[1.277s] Level 1:colcon.colcon_core.environment:checking '/home/enzo/droid/WORK-2026/work_ws/src/install/sllidar_ros2/lib'
[1.277s] Level 1:colcon.colcon_core.environment:checking '/home/enzo/droid/WORK-2026/work_ws/src/install/sllidar_ros2/bin'
[1.277s] Level 1:colcon.colcon_core.environment:checking '/home/enzo/droid/WORK-2026/work_ws/src/install/sllidar_ros2/lib/pkgconfig/sllidar_ros2.pc'
[1.278s] Level 1:colcon.colcon_core.environment:checking '/home/enzo/droid/WORK-2026/work_ws/src/install/sllidar_ros2/lib/python3.12/site-packages'
[1.278s] Level 1:colcon.colcon_core.environment:checking '/home/enzo/droid/WORK-2026/work_ws/src/install/sllidar_ros2/bin'
[1.278s] INFO:colcon.colcon_core.shell:Creating package script '/home/enzo/droid/WORK-2026/work_ws/src/install/sllidar_ros2/share/sllidar_ros2/package.ps1'
[1.279s] INFO:colcon.colcon_core.shell:Creating package descriptor '/home/enzo/droid/WORK-2026/work_ws/src/install/sllidar_ros2/share/sllidar_ros2/package.dsv'
[1.279s] INFO:colcon.colcon_core.shell:Creating package script '/home/enzo/droid/WORK-2026/work_ws/src/install/sllidar_ros2/share/sllidar_ros2/package.sh'
[1.280s] INFO:colcon.colcon_core.shell:Creating package script '/home/enzo/droid/WORK-2026/work_ws/src/install/sllidar_ros2/share/sllidar_ros2/package.bash'
[1.280s] INFO:colcon.colcon_core.shell:Creating package script '/home/enzo/droid/WORK-2026/work_ws/src/install/sllidar_ros2/share/sllidar_ros2/package.zsh'
[1.281s] Level 1:colcon.colcon_core.environment:create_file_with_runtime_dependencies(/home/enzo/droid/WORK-2026/work_ws/src/install/sllidar_ros2/share/colcon-core/packages/sllidar_ros2)
[2.105s] DEBUG:colcon.colcon_core.event_handler.log_command:Invoking command in '/home/enzo/droid/WORK-2026/work_ws/src/build/robot_odometry': DEBUGINFOD_URLS=https://debuginfod.ubuntu.com PYTHONPATH=/home/enzo/droid/WORK-2026/work_ws/src/build/robot_odometry/prefix_override:/usr/lib/python3/dist-packages/colcon_core/task/python/colcon_distutils_commands:/home/enzo/droid/WORK-2026/work_ws/src/install/robot_odometry/lib/python3.12/site-packages:${PYTHONPATH} /usr/bin/python3 -W ignore:setup.py install is deprecated -W ignore:easy_install command is deprecated setup.py develop --editable --build-directory /home/enzo/droid/WORK-2026/work_ws/src/build/robot_odometry/build --no-deps symlink_data
[3.173s] Level 1:colcon.colcon_core.shell:create_environment_hook('robot_odometry', 'pythonpath_develop')
[3.173s] INFO:colcon.colcon_core.shell:Creating environment hook '/home/enzo/droid/WORK-2026/work_ws/src/build/robot_odometry/share/robot_odometry/hook/pythonpath_develop.ps1'
[3.174s] DEBUG:colcon.colcon_core.event_handler.log_command:Invoked command in '/home/enzo/droid/WORK-2026/work_ws/src/build/robot_odometry' returned '0': DEBUGINFOD_URLS=https://debuginfod.ubuntu.com PYTHONPATH=/home/enzo/droid/WORK-2026/work_ws/src/build/robot_odometry/prefix_override:/usr/lib/python3/dist-packages/colcon_core/task/python/colcon_distutils_commands:/home/enzo/droid/WORK-2026/work_ws/src/install/robot_odometry/lib/python3.12/site-packages:${PYTHONPATH} /usr/bin/python3 -W ignore:setup.py install is deprecated -W ignore:easy_install command is deprecated setup.py develop --editable --build-directory /home/enzo/droid/WORK-2026/work_ws/src/build/robot_odometry/build --no-deps symlink_data
[3.175s] INFO:colcon.colcon_core.shell:Creating environment descriptor '/home/enzo/droid/WORK-2026/work_ws/src/build/robot_odometry/share/robot_odometry/hook/pythonpath_develop.dsv'
[3.176s] INFO:colcon.colcon_core.shell:Creating environment hook '/home/enzo/droid/WORK-2026/work_ws/src/build/robot_odometry/share/robot_odometry/hook/pythonpath_develop.sh'
[3.177s] Level 1:colcon.colcon_core.environment:checking '/home/enzo/droid/WORK-2026/work_ws/src/install/robot_odometry' for CMake module files
[3.179s] Level 1:colcon.colcon_core.environment:checking '/home/enzo/droid/WORK-2026/work_ws/src/install/robot_odometry' for CMake config files
[3.180s] Level 1:colcon.colcon_core.environment:checking '/home/enzo/droid/WORK-2026/work_ws/src/install/robot_odometry/lib'
[3.180s] Level 1:colcon.colcon_core.environment:checking '/home/enzo/droid/WORK-2026/work_ws/src/install/robot_odometry/bin'
[3.180s] Level 1:colcon.colcon_core.environment:checking '/home/enzo/droid/WORK-2026/work_ws/src/install/robot_odometry/lib/pkgconfig/robot_odometry.pc'
[3.181s] Level 1:colcon.colcon_core.environment:checking '/home/enzo/droid/WORK-2026/work_ws/src/install/robot_odometry/lib/python3.12/site-packages'
[3.181s] Level 1:colcon.colcon_core.shell:create_environment_hook('robot_odometry', 'pythonpath')
[3.181s] INFO:colcon.colcon_core.shell:Creating environment hook '/home/enzo/droid/WORK-2026/work_ws/src/install/robot_odometry/share/robot_odometry/hook/pythonpath.ps1'
[3.182s] INFO:colcon.colcon_core.shell:Creating environment descriptor '/home/enzo/droid/WORK-2026/work_ws/src/install/robot_odometry/share/robot_odometry/hook/pythonpath.dsv'
[3.183s] INFO:colcon.colcon_core.shell:Creating environment hook '/home/enzo/droid/WORK-2026/work_ws/src/install/robot_odometry/share/robot_odometry/hook/pythonpath.sh'
[3.184s] Level 1:colcon.colcon_core.environment:checking '/home/enzo/droid/WORK-2026/work_ws/src/install/robot_odometry/bin'
[3.185s] Level 1:colcon.colcon_core.environment:create_environment_scripts_only(robot_odometry)
[3.185s] INFO:colcon.colcon_core.shell:Creating package script '/home/enzo/droid/WORK-2026/work_ws/src/install/robot_odometry/share/robot_odometry/package.ps1'
[3.186s] INFO:colcon.colcon_core.shell:Creating package descriptor '/home/enzo/droid/WORK-2026/work_ws/src/install/robot_odometry/share/robot_odometry/package.dsv'
[3.187s] INFO:colcon.colcon_core.shell:Creating package script '/home/enzo/droid/WORK-2026/work_ws/src/install/robot_odometry/share/robot_odometry/package.sh'
[3.188s] INFO:colcon.colcon_core.shell:Creating package script '/home/enzo/droid/WORK-2026/work_ws/src/install/robot_odometry/share/robot_odometry/package.bash'
[3.188s] INFO:colcon.colcon_core.shell:Creating package script '/home/enzo/droid/WORK-2026/work_ws/src/install/robot_odometry/share/robot_odometry/package.zsh'
[3.189s] Level 1:colcon.colcon_core.environment:create_file_with_runtime_dependencies(/home/enzo/droid/WORK-2026/work_ws/src/install/robot_odometry/share/colcon-core/packages/robot_odometry)
[3.189s] DEBUG:colcon.colcon_parallel_executor.executor.parallel:closing loop
[3.190s] DEBUG:colcon.colcon_parallel_executor.executor.parallel:loop closed
[3.190s] DEBUG:colcon.colcon_parallel_executor.executor.parallel:run_until_complete finished with '0'
[3.191s] DEBUG:colcon.colcon_core.event_reactor:joining thread
[3.201s] INFO:colcon.colcon_core.plugin_system:Skipping extension 'colcon_notification.desktop_notification.terminal_notifier': Not used on non-Darwin systems
[3.201s] INFO:colcon.colcon_core.plugin_system:Skipping extension 'colcon_notification.desktop_notification.win32': Not used on non-Windows systems
[3.201s] INFO:colcon.colcon_notification.desktop_notification:Sending desktop notification using 'notify2'
[3.222s] DEBUG:colcon.colcon_core.event_reactor:joined thread
[3.223s] INFO:colcon.colcon_core.shell:Creating prefix script '/home/enzo/droid/WORK-2026/work_ws/src/install/local_setup.ps1'
[3.225s] INFO:colcon.colcon_core.shell:Creating prefix util module '/home/enzo/droid/WORK-2026/work_ws/src/install/_local_setup_util_ps1.py'
[3.227s] INFO:colcon.colcon_core.shell:Creating prefix chain script '/home/enzo/droid/WORK-2026/work_ws/src/install/setup.ps1'
[3.229s] INFO:colcon.colcon_core.shell:Creating prefix script '/home/enzo/droid/WORK-2026/work_ws/src/install/local_setup.sh'
[3.230s] INFO:colcon.colcon_core.shell:Creating prefix util module '/home/enzo/droid/WORK-2026/work_ws/src/install/_local_setup_util_sh.py'
[3.231s] INFO:colcon.colcon_core.shell:Creating prefix chain script '/home/enzo/droid/WORK-2026/work_ws/src/install/setup.sh'
[3.232s] INFO:colcon.colcon_core.shell:Creating prefix script '/home/enzo/droid/WORK-2026/work_ws/src/install/local_setup.bash'
[3.233s] INFO:colcon.colcon_core.shell:Creating prefix chain script '/home/enzo/droid/WORK-2026/work_ws/src/install/setup.bash'
[3.235s] INFO:colcon.colcon_core.shell:Creating prefix script '/home/enzo/droid/WORK-2026/work_ws/src/install/local_setup.zsh'
[3.236s] INFO:colcon.colcon_core.shell:Creating prefix chain script '/home/enzo/droid/WORK-2026/work_ws/src/install/setup.zsh'
