[0.275s] DEBUG:colcon:Command line arguments: ['/usr/bin/colcon', 'list']
[0.275s] DEBUG:colcon:Parsed command line arguments: Namespace(log_base=None, log_level=None, verb_name='list', build_base='build', ignore_user_meta=False, metas=['./colcon.meta'], base_paths=['.'], packages_ignore=None, packages_ignore_regex=None, paths=None, packages_up_to=None, packages_up_to_regex=None, packages_above=None, packages_above_and_dependencies=None, packages_above_depth=None, packages_select_by_dep=None, packages_skip_by_dep=None, packages_skip_up_to=None, packages_select_build_failed=False, packages_skip_build_finished=False, packages_select_test_failures=False, packages_skip_test_passed=False, packages_select=None, packages_skip=None, packages_select_regex=None, packages_skip_regex=None, packages_start=None, packages_end=None, allow_overriding=[], topological_order=False, names_only=False, paths_only=False, topological_graph=False, topological_graph_dot=False, topological_graph_density=False, topological_graph_legend=False, topological_graph_dot_cluster=False, topological_graph_dot_include_skipped=False, mixin_files=None, mixin=None, verb_parser=<colcon_mixin.mixin.mixin_argument.MixinArgumentDecorator object at 0x7df707a8d550>, verb_extension=<colcon_package_information.verb.list.ListVerb object at 0x7df707a8c800>, main=<bound method ListVerb.main of <colcon_package_information.verb.list.ListVerb object at 0x7df707a8c800>>, mixin_verb=('list',))
[0.369s] Level 1:colcon.colcon_core.package_discovery:discover_packages(colcon_meta) check parameters
[0.370s] Level 1:colcon.colcon_core.package_discovery:discover_packages(recursive) check parameters
[0.370s] Level 1:colcon.colcon_core.package_discovery:discover_packages(ignore) check parameters
[0.370s] Level 1:colcon.colcon_core.package_discovery:discover_packages(path) check parameters
[0.370s] Level 1:colcon.colcon_core.package_discovery:discover_packages(colcon_meta) discover
[0.370s] Level 1:colcon.colcon_core.package_discovery:discover_packages(recursive) discover
[0.370s] INFO:colcon.colcon_core.package_discovery:Crawling recursively for packages in '/home/enzo/droid/WORK-2026'
[0.370s] Level 1:colcon.colcon_core.package_identification:_identify(.) by extensions ['ignore', 'ignore_ament_install']
[0.370s] Level 1:colcon.colcon_core.package_identification:_identify(.) by extension 'ignore'
[0.370s] Level 1:colcon.colcon_core.package_identification:_identify(.) by extension 'ignore_ament_install'
[0.370s] Level 1:colcon.colcon_core.package_identification:_identify(.) by extensions ['colcon_pkg']
[0.370s] Level 1:colcon.colcon_core.package_identification:_identify(.) by extension 'colcon_pkg'
[0.370s] Level 1:colcon.colcon_core.package_identification:_identify(.) by extensions ['colcon_meta']
[0.370s] Level 1:colcon.colcon_core.package_identification:_identify(.) by extension 'colcon_meta'
[0.370s] Level 1:colcon.colcon_core.package_identification:_identify(.) by extensions ['ros']
[0.370s] Level 1:colcon.colcon_core.package_identification:_identify(.) by extension 'ros'
[0.431s] Level 1:colcon.colcon_core.package_identification:_identify(.) by extensions ['cmake', 'python']
[0.431s] Level 1:colcon.colcon_core.package_identification:_identify(.) by extension 'cmake'
[0.431s] Level 1:colcon.colcon_core.package_identification:_identify(.) by extension 'python'
[0.431s] Level 1:colcon.colcon_core.package_identification:_identify(.) by extensions ['python_setup_py']
[0.431s] Level 1:colcon.colcon_core.package_identification:_identify(.) by extension 'python_setup_py'
[0.432s] Level 1:colcon.colcon_core.package_identification:_identify(docs) by extensions ['ignore', 'ignore_ament_install']
[0.432s] Level 1:colcon.colcon_core.package_identification:_identify(docs) by extension 'ignore'
[0.432s] Level 1:colcon.colcon_core.package_identification:_identify(docs) by extension 'ignore_ament_install'
[0.432s] Level 1:colcon.colcon_core.package_identification:_identify(docs) by extensions ['colcon_pkg']
[0.432s] Level 1:colcon.colcon_core.package_identification:_identify(docs) by extension 'colcon_pkg'
[0.432s] Level 1:colcon.colcon_core.package_identification:_identify(docs) by extensions ['colcon_meta']
[0.432s] Level 1:colcon.colcon_core.package_identification:_identify(docs) by extension 'colcon_meta'
[0.432s] Level 1:colcon.colcon_core.package_identification:_identify(docs) by extensions ['ros']
[0.432s] Level 1:colcon.colcon_core.package_identification:_identify(docs) by extension 'ros'
[0.433s] Level 1:colcon.colcon_core.package_identification:_identify(docs) by extensions ['cmake', 'python']
[0.433s] Level 1:colcon.colcon_core.package_identification:_identify(docs) by extension 'cmake'
[0.433s] Level 1:colcon.colcon_core.package_identification:_identify(docs) by extension 'python'
[0.433s] Level 1:colcon.colcon_core.package_identification:_identify(docs) by extensions ['python_setup_py']
[0.433s] Level 1:colcon.colcon_core.package_identification:_identify(docs) by extension 'python_setup_py'
[0.433s] Level 1:colcon.colcon_core.package_identification:_identify(firmware_esp32) by extensions ['ignore', 'ignore_ament_install']
[0.433s] Level 1:colcon.colcon_core.package_identification:_identify(firmware_esp32) by extension 'ignore'
[0.433s] Level 1:colcon.colcon_core.package_identification:_identify(firmware_esp32) by extension 'ignore_ament_install'
[0.433s] Level 1:colcon.colcon_core.package_identification:_identify(firmware_esp32) by extensions ['colcon_pkg']
[0.433s] Level 1:colcon.colcon_core.package_identification:_identify(firmware_esp32) by extension 'colcon_pkg'
[0.433s] Level 1:colcon.colcon_core.package_identification:_identify(firmware_esp32) by extensions ['colcon_meta']
[0.433s] Level 1:colcon.colcon_core.package_identification:_identify(firmware_esp32) by extension 'colcon_meta'
[0.434s] Level 1:colcon.colcon_core.package_identification:_identify(firmware_esp32) by extensions ['ros']
[0.434s] Level 1:colcon.colcon_core.package_identification:_identify(firmware_esp32) by extension 'ros'
[0.434s] Level 1:colcon.colcon_core.package_identification:_identify(firmware_esp32) by extensions ['cmake', 'python']
[0.434s] Level 1:colcon.colcon_core.package_identification:_identify(firmware_esp32) by extension 'cmake'
[0.434s] Level 1:colcon.colcon_core.package_identification:_identify(firmware_esp32) by extension 'python'
[0.434s] Level 1:colcon.colcon_core.package_identification:_identify(firmware_esp32) by extensions ['python_setup_py']
[0.434s] Level 1:colcon.colcon_core.package_identification:_identify(firmware_esp32) by extension 'python_setup_py'
[0.434s] Level 1:colcon.colcon_core.package_identification:_identify(firmware_esp32/include) by extensions ['ignore', 'ignore_ament_install']
[0.434s] Level 1:colcon.colcon_core.package_identification:_identify(firmware_esp32/include) by extension 'ignore'
[0.434s] Level 1:colcon.colcon_core.package_identification:_identify(firmware_esp32/include) by extension 'ignore_ament_install'
[0.434s] Level 1:colcon.colcon_core.package_identification:_identify(firmware_esp32/include) by extensions ['colcon_pkg']
[0.434s] Level 1:colcon.colcon_core.package_identification:_identify(firmware_esp32/include) by extension 'colcon_pkg'
[0.434s] Level 1:colcon.colcon_core.package_identification:_identify(firmware_esp32/include) by extensions ['colcon_meta']
[0.434s] Level 1:colcon.colcon_core.package_identification:_identify(firmware_esp32/include) by extension 'colcon_meta'
[0.434s] Level 1:colcon.colcon_core.package_identification:_identify(firmware_esp32/include) by extensions ['ros']
[0.434s] Level 1:colcon.colcon_core.package_identification:_identify(firmware_esp32/include) by extension 'ros'
[0.434s] Level 1:colcon.colcon_core.package_identification:_identify(firmware_esp32/include) by extensions ['cmake', 'python']
[0.434s] Level 1:colcon.colcon_core.package_identification:_identify(firmware_esp32/include) by extension 'cmake'
[0.434s] Level 1:colcon.colcon_core.package_identification:_identify(firmware_esp32/include) by extension 'python'
[0.434s] Level 1:colcon.colcon_core.package_identification:_identify(firmware_esp32/include) by extensions ['python_setup_py']
[0.434s] Level 1:colcon.colcon_core.package_identification:_identify(firmware_esp32/include) by extension 'python_setup_py'
[0.434s] Level 1:colcon.colcon_core.package_identification:_identify(firmware_esp32/lib) by extensions ['ignore', 'ignore_ament_install']
[0.435s] Level 1:colcon.colcon_core.package_identification:_identify(firmware_esp32/lib) by extension 'ignore'
[0.435s] Level 1:colcon.colcon_core.package_identification:_identify(firmware_esp32/lib) by extension 'ignore_ament_install'
[0.435s] Level 1:colcon.colcon_core.package_identification:_identify(firmware_esp32/lib) by extensions ['colcon_pkg']
[0.435s] Level 1:colcon.colcon_core.package_identification:_identify(firmware_esp32/lib) by extension 'colcon_pkg'
[0.435s] Level 1:colcon.colcon_core.package_identification:_identify(firmware_esp32/lib) by extensions ['colcon_meta']
[0.435s] Level 1:colcon.colcon_core.package_identification:_identify(firmware_esp32/lib) by extension 'colcon_meta'
[0.435s] Level 1:colcon.colcon_core.package_identification:_identify(firmware_esp32/lib) by extensions ['ros']
[0.435s] Level 1:colcon.colcon_core.package_identification:_identify(firmware_esp32/lib) by extension 'ros'
[0.435s] Level 1:colcon.colcon_core.package_identification:_identify(firmware_esp32/lib) by extensions ['cmake', 'python']
[0.435s] Level 1:colcon.colcon_core.package_identification:_identify(firmware_esp32/lib) by extension 'cmake'
[0.435s] Level 1:colcon.colcon_core.package_identification:_identify(firmware_esp32/lib) by extension 'python'
[0.435s] Level 1:colcon.colcon_core.package_identification:_identify(firmware_esp32/lib) by extensions ['python_setup_py']
[0.435s] Level 1:colcon.colcon_core.package_identification:_identify(firmware_esp32/lib) by extension 'python_setup_py'
[0.435s] Level 1:colcon.colcon_core.package_identification:_identify(firmware_esp32/src) by extensions ['ignore', 'ignore_ament_install']
[0.435s] Level 1:colcon.colcon_core.package_identification:_identify(firmware_esp32/src) by extension 'ignore'
[0.435s] Level 1:colcon.colcon_core.package_identification:_identify(firmware_esp32/src) by extension 'ignore_ament_install'
[0.435s] Level 1:colcon.colcon_core.package_identification:_identify(firmware_esp32/src) by extensions ['colcon_pkg']
[0.435s] Level 1:colcon.colcon_core.package_identification:_identify(firmware_esp32/src) by extension 'colcon_pkg'
[0.435s] Level 1:colcon.colcon_core.package_identification:_identify(firmware_esp32/src) by extensions ['colcon_meta']
[0.435s] Level 1:colcon.colcon_core.package_identification:_identify(firmware_esp32/src) by extension 'colcon_meta'
[0.436s] Level 1:colcon.colcon_core.package_identification:_identify(firmware_esp32/src) by extensions ['ros']
[0.436s] Level 1:colcon.colcon_core.package_identification:_identify(firmware_esp32/src) by extension 'ros'
[0.436s] Level 1:colcon.colcon_core.package_identification:_identify(firmware_esp32/src) by extensions ['cmake', 'python']
[0.436s] Level 1:colcon.colcon_core.package_identification:_identify(firmware_esp32/src) by extension 'cmake'
[0.436s] Level 1:colcon.colcon_core.package_identification:_identify(firmware_esp32/src) by extension 'python'
[0.436s] Level 1:colcon.colcon_core.package_identification:_identify(firmware_esp32/src) by extensions ['python_setup_py']
[0.436s] Level 1:colcon.colcon_core.package_identification:_identify(firmware_esp32/src) by extension 'python_setup_py'
[0.436s] Level 1:colcon.colcon_core.package_identification:_identify(firmware_esp32/test) by extensions ['ignore', 'ignore_ament_install']
[0.436s] Level 1:colcon.colcon_core.package_identification:_identify(firmware_esp32/test) by extension 'ignore'
[0.436s] Level 1:colcon.colcon_core.package_identification:_identify(firmware_esp32/test) by extension 'ignore_ament_install'
[0.436s] Level 1:colcon.colcon_core.package_identification:_identify(firmware_esp32/test) by extensions ['colcon_pkg']
[0.436s] Level 1:colcon.colcon_core.package_identification:_identify(firmware_esp32/test) by extension 'colcon_pkg'
[0.436s] Level 1:colcon.colcon_core.package_identification:_identify(firmware_esp32/test) by extensions ['colcon_meta']
[0.436s] Level 1:colcon.colcon_core.package_identification:_identify(firmware_esp32/test) by extension 'colcon_meta'
[0.436s] Level 1:colcon.colcon_core.package_identification:_identify(firmware_esp32/test) by extensions ['ros']
[0.436s] Level 1:colcon.colcon_core.package_identification:_identify(firmware_esp32/test) by extension 'ros'
[0.436s] Level 1:colcon.colcon_core.package_identification:_identify(firmware_esp32/test) by extensions ['cmake', 'python']
[0.436s] Level 1:colcon.colcon_core.package_identification:_identify(firmware_esp32/test) by extension 'cmake'
[0.436s] Level 1:colcon.colcon_core.package_identification:_identify(firmware_esp32/test) by extension 'python'
[0.436s] Level 1:colcon.colcon_core.package_identification:_identify(firmware_esp32/test) by extensions ['python_setup_py']
[0.436s] Level 1:colcon.colcon_core.package_identification:_identify(firmware_esp32/test) by extension 'python_setup_py'
[0.436s] Level 1:colcon.colcon_core.package_identification:_identify(log) by extensions ['ignore', 'ignore_ament_install']
[0.437s] Level 1:colcon.colcon_core.package_identification:_identify(log) by extension 'ignore'
[0.437s] Level 1:colcon.colcon_core.package_identification:_identify(log) ignored
[0.437s] Level 1:colcon.colcon_core.package_identification:_identify(work_ws) by extensions ['ignore', 'ignore_ament_install']
[0.437s] Level 1:colcon.colcon_core.package_identification:_identify(work_ws) by extension 'ignore'
[0.437s] Level 1:colcon.colcon_core.package_identification:_identify(work_ws) by extension 'ignore_ament_install'
[0.437s] Level 1:colcon.colcon_core.package_identification:_identify(work_ws) by extensions ['colcon_pkg']
[0.437s] Level 1:colcon.colcon_core.package_identification:_identify(work_ws) by extension 'colcon_pkg'
[0.437s] Level 1:colcon.colcon_core.package_identification:_identify(work_ws) by extensions ['colcon_meta']
[0.437s] Level 1:colcon.colcon_core.package_identification:_identify(work_ws) by extension 'colcon_meta'
[0.437s] Level 1:colcon.colcon_core.package_identification:_identify(work_ws) by extensions ['ros']
[0.437s] Level 1:colcon.colcon_core.package_identification:_identify(work_ws) by extension 'ros'
[0.437s] Level 1:colcon.colcon_core.package_identification:_identify(work_ws) by extensions ['cmake', 'python']
[0.437s] Level 1:colcon.colcon_core.package_identification:_identify(work_ws) by extension 'cmake'
[0.437s] Level 1:colcon.colcon_core.package_identification:_identify(work_ws) by extension 'python'
[0.437s] Level 1:colcon.colcon_core.package_identification:_identify(work_ws) by extensions ['python_setup_py']
[0.437s] Level 1:colcon.colcon_core.package_identification:_identify(work_ws) by extension 'python_setup_py'
[0.437s] Level 1:colcon.colcon_core.package_identification:_identify(work_ws/dev_ws) by extensions ['ignore', 'ignore_ament_install']
[0.437s] Level 1:colcon.colcon_core.package_identification:_identify(work_ws/dev_ws) by extension 'ignore'
[0.438s] Level 1:colcon.colcon_core.package_identification:_identify(work_ws/dev_ws) by extension 'ignore_ament_install'
[0.438s] Level 1:colcon.colcon_core.package_identification:_identify(work_ws/dev_ws) by extensions ['colcon_pkg']
[0.438s] Level 1:colcon.colcon_core.package_identification:_identify(work_ws/dev_ws) by extension 'colcon_pkg'
[0.438s] Level 1:colcon.colcon_core.package_identification:_identify(work_ws/dev_ws) by extensions ['colcon_meta']
[0.438s] Level 1:colcon.colcon_core.package_identification:_identify(work_ws/dev_ws) by extension 'colcon_meta'
[0.438s] Level 1:colcon.colcon_core.package_identification:_identify(work_ws/dev_ws) by extensions ['ros']
[0.438s] Level 1:colcon.colcon_core.package_identification:_identify(work_ws/dev_ws) by extension 'ros'
[0.438s] Level 1:colcon.colcon_core.package_identification:_identify(work_ws/dev_ws) by extensions ['cmake', 'python']
[0.438s] Level 1:colcon.colcon_core.package_identification:_identify(work_ws/dev_ws) by extension 'cmake'
[0.438s] Level 1:colcon.colcon_core.package_identification:_identify(work_ws/dev_ws) by extension 'python'
[0.438s] Level 1:colcon.colcon_core.package_identification:_identify(work_ws/dev_ws) by extensions ['python_setup_py']
[0.438s] Level 1:colcon.colcon_core.package_identification:_identify(work_ws/dev_ws) by extension 'python_setup_py'
[0.438s] Level 1:colcon.colcon_core.package_identification:_identify(work_ws/dev_ws/src) by extensions ['ignore', 'ignore_ament_install']
[0.438s] Level 1:colcon.colcon_core.package_identification:_identify(work_ws/dev_ws/src) by extension 'ignore'
[0.438s] Level 1:colcon.colcon_core.package_identification:_identify(work_ws/dev_ws/src) by extension 'ignore_ament_install'
[0.438s] Level 1:colcon.colcon_core.package_identification:_identify(work_ws/dev_ws/src) by extensions ['colcon_pkg']
[0.438s] Level 1:colcon.colcon_core.package_identification:_identify(work_ws/dev_ws/src) by extension 'colcon_pkg'
[0.438s] Level 1:colcon.colcon_core.package_identification:_identify(work_ws/dev_ws/src) by extensions ['colcon_meta']
[0.438s] Level 1:colcon.colcon_core.package_identification:_identify(work_ws/dev_ws/src) by extension 'colcon_meta'
[0.438s] Level 1:colcon.colcon_core.package_identification:_identify(work_ws/dev_ws/src) by extensions ['ros']
[0.438s] Level 1:colcon.colcon_core.package_identification:_identify(work_ws/dev_ws/src) by extension 'ros'
[0.438s] Level 1:colcon.colcon_core.package_identification:_identify(work_ws/dev_ws/src) by extensions ['cmake', 'python']
[0.438s] Level 1:colcon.colcon_core.package_identification:_identify(work_ws/dev_ws/src) by extension 'cmake'
[0.439s] Level 1:colcon.colcon_core.package_identification:_identify(work_ws/dev_ws/src) by extension 'python'
[0.439s] Level 1:colcon.colcon_core.package_identification:_identify(work_ws/dev_ws/src) by extensions ['python_setup_py']
[0.439s] Level 1:colcon.colcon_core.package_identification:_identify(work_ws/dev_ws/src) by extension 'python_setup_py'
[0.439s] Level 1:colcon.colcon_core.package_identification:_identify(work_ws/dev_ws/src/salamander_bot) by extensions ['ignore', 'ignore_ament_install']
[0.439s] Level 1:colcon.colcon_core.package_identification:_identify(work_ws/dev_ws/src/salamander_bot) by extension 'ignore'
[0.439s] Level 1:colcon.colcon_core.package_identification:_identify(work_ws/dev_ws/src/salamander_bot) by extension 'ignore_ament_install'
[0.439s] Level 1:colcon.colcon_core.package_identification:_identify(work_ws/dev_ws/src/salamander_bot) by extensions ['colcon_pkg']
[0.439s] Level 1:colcon.colcon_core.package_identification:_identify(work_ws/dev_ws/src/salamander_bot) by extension 'colcon_pkg'
[0.439s] Level 1:colcon.colcon_core.package_identification:_identify(work_ws/dev_ws/src/salamander_bot) by extensions ['colcon_meta']
[0.439s] Level 1:colcon.colcon_core.package_identification:_identify(work_ws/dev_ws/src/salamander_bot) by extension 'colcon_meta'
[0.439s] Level 1:colcon.colcon_core.package_identification:_identify(work_ws/dev_ws/src/salamander_bot) by extensions ['ros']
[0.439s] Level 1:colcon.colcon_core.package_identification:_identify(work_ws/dev_ws/src/salamander_bot) by extension 'ros'
[0.445s] DEBUG:colcon.colcon_core.package_identification:Package 'work_ws/dev_ws/src/salamander_bot' with type 'ros.ament_cmake' and name 'salamander_bot'
[0.445s] Level 1:colcon.colcon_core.package_identification:_identify(work_ws/robot_ws) by extensions ['ignore', 'ignore_ament_install']
[0.445s] Level 1:colcon.colcon_core.package_identification:_identify(work_ws/robot_ws) by extension 'ignore'
[0.445s] Level 1:colcon.colcon_core.package_identification:_identify(work_ws/robot_ws) by extension 'ignore_ament_install'
[0.445s] Level 1:colcon.colcon_core.package_identification:_identify(work_ws/robot_ws) by extensions ['colcon_pkg']
[0.445s] Level 1:colcon.colcon_core.package_identification:_identify(work_ws/robot_ws) by extension 'colcon_pkg'
[0.445s] Level 1:colcon.colcon_core.package_identification:_identify(work_ws/robot_ws) by extensions ['colcon_meta']
[0.445s] Level 1:colcon.colcon_core.package_identification:_identify(work_ws/robot_ws) by extension 'colcon_meta'
[0.445s] Level 1:colcon.colcon_core.package_identification:_identify(work_ws/robot_ws) by extensions ['ros']
[0.445s] Level 1:colcon.colcon_core.package_identification:_identify(work_ws/robot_ws) by extension 'ros'
[0.446s] Level 1:colcon.colcon_core.package_identification:_identify(work_ws/robot_ws) by extensions ['cmake', 'python']
[0.446s] Level 1:colcon.colcon_core.package_identification:_identify(work_ws/robot_ws) by extension 'cmake'
[0.446s] Level 1:colcon.colcon_core.package_identification:_identify(work_ws/robot_ws) by extension 'python'
[0.446s] Level 1:colcon.colcon_core.package_identification:_identify(work_ws/robot_ws) by extensions ['python_setup_py']
[0.446s] Level 1:colcon.colcon_core.package_identification:_identify(work_ws/robot_ws) by extension 'python_setup_py'
[0.446s] Level 1:colcon.colcon_core.package_identification:_identify(work_ws/robot_ws/src) by extensions ['ignore', 'ignore_ament_install']
[0.446s] Level 1:colcon.colcon_core.package_identification:_identify(work_ws/robot_ws/src) by extension 'ignore'
[0.446s] Level 1:colcon.colcon_core.package_identification:_identify(work_ws/robot_ws/src) by extension 'ignore_ament_install'
[0.446s] Level 1:colcon.colcon_core.package_identification:_identify(work_ws/robot_ws/src) by extensions ['colcon_pkg']
[0.446s] Level 1:colcon.colcon_core.package_identification:_identify(work_ws/robot_ws/src) by extension 'colcon_pkg'
[0.446s] Level 1:colcon.colcon_core.package_identification:_identify(work_ws/robot_ws/src) by extensions ['colcon_meta']
[0.446s] Level 1:colcon.colcon_core.package_identification:_identify(work_ws/robot_ws/src) by extension 'colcon_meta'
[0.446s] Level 1:colcon.colcon_core.package_identification:_identify(work_ws/robot_ws/src) by extensions ['ros']
[0.446s] Level 1:colcon.colcon_core.package_identification:_identify(work_ws/robot_ws/src) by extension 'ros'
[0.446s] Level 1:colcon.colcon_core.package_identification:_identify(work_ws/robot_ws/src) by extensions ['cmake', 'python']
[0.446s] Level 1:colcon.colcon_core.package_identification:_identify(work_ws/robot_ws/src) by extension 'cmake'
[0.446s] Level 1:colcon.colcon_core.package_identification:_identify(work_ws/robot_ws/src) by extension 'python'
[0.446s] Level 1:colcon.colcon_core.package_identification:_identify(work_ws/robot_ws/src) by extensions ['python_setup_py']
[0.446s] Level 1:colcon.colcon_core.package_identification:_identify(work_ws/robot_ws/src) by extension 'python_setup_py'
[0.446s] Level 1:colcon.colcon_core.package_identification:_identify(work_ws/scripts) by extensions ['ignore', 'ignore_ament_install']
[0.446s] Level 1:colcon.colcon_core.package_identification:_identify(work_ws/scripts) by extension 'ignore'
[0.447s] Level 1:colcon.colcon_core.package_identification:_identify(work_ws/scripts) by extension 'ignore_ament_install'
[0.447s] Level 1:colcon.colcon_core.package_identification:_identify(work_ws/scripts) by extensions ['colcon_pkg']
[0.447s] Level 1:colcon.colcon_core.package_identification:_identify(work_ws/scripts) by extension 'colcon_pkg'
[0.447s] Level 1:colcon.colcon_core.package_identification:_identify(work_ws/scripts) by extensions ['colcon_meta']
[0.447s] Level 1:colcon.colcon_core.package_identification:_identify(work_ws/scripts) by extension 'colcon_meta'
[0.447s] Level 1:colcon.colcon_core.package_identification:_identify(work_ws/scripts) by extensions ['ros']
[0.447s] Level 1:colcon.colcon_core.package_identification:_identify(work_ws/scripts) by extension 'ros'
[0.447s] Level 1:colcon.colcon_core.package_identification:_identify(work_ws/scripts) by extensions ['cmake', 'python']
[0.447s] Level 1:colcon.colcon_core.package_identification:_identify(work_ws/scripts) by extension 'cmake'
[0.447s] Level 1:colcon.colcon_core.package_identification:_identify(work_ws/scripts) by extension 'python'
[0.447s] Level 1:colcon.colcon_core.package_identification:_identify(work_ws/scripts) by extensions ['python_setup_py']
[0.447s] Level 1:colcon.colcon_core.package_identification:_identify(work_ws/scripts) by extension 'python_setup_py'
[0.447s] Level 1:colcon.colcon_core.package_identification:_identify(work_ws/src) by extensions ['ignore', 'ignore_ament_install']
[0.447s] Level 1:colcon.colcon_core.package_identification:_identify(work_ws/src) by extension 'ignore'
[0.447s] Level 1:colcon.colcon_core.package_identification:_identify(work_ws/src) by extension 'ignore_ament_install'
[0.447s] Level 1:colcon.colcon_core.package_identification:_identify(work_ws/src) by extensions ['colcon_pkg']
[0.447s] Level 1:colcon.colcon_core.package_identification:_identify(work_ws/src) by extension 'colcon_pkg'
[0.447s] Level 1:colcon.colcon_core.package_identification:_identify(work_ws/src) by extensions ['colcon_meta']
[0.447s] Level 1:colcon.colcon_core.package_identification:_identify(work_ws/src) by extension 'colcon_meta'
[0.447s] Level 1:colcon.colcon_core.package_identification:_identify(work_ws/src) by extensions ['ros']
[0.447s] Level 1:colcon.colcon_core.package_identification:_identify(work_ws/src) by extension 'ros'
[0.447s] Level 1:colcon.colcon_core.package_identification:_identify(work_ws/src) by extensions ['cmake', 'python']
[0.447s] Level 1:colcon.colcon_core.package_identification:_identify(work_ws/src) by extension 'cmake'
[0.447s] Level 1:colcon.colcon_core.package_identification:_identify(work_ws/src) by extension 'python'
[0.448s] Level 1:colcon.colcon_core.package_identification:_identify(work_ws/src) by extensions ['python_setup_py']
[0.448s] Level 1:colcon.colcon_core.package_identification:_identify(work_ws/src) by extension 'python_setup_py'
[0.448s] Level 1:colcon.colcon_core.package_identification:_identify(work_ws/src/robot_bringup) by extensions ['ignore', 'ignore_ament_install']
[0.448s] Level 1:colcon.colcon_core.package_identification:_identify(work_ws/src/robot_bringup) by extension 'ignore'
[0.448s] Level 1:colcon.colcon_core.package_identification:_identify(work_ws/src/robot_bringup) by extension 'ignore_ament_install'
[0.448s] Level 1:colcon.colcon_core.package_identification:_identify(work_ws/src/robot_bringup) by extensions ['colcon_pkg']
[0.448s] Level 1:colcon.colcon_core.package_identification:_identify(work_ws/src/robot_bringup) by extension 'colcon_pkg'
[0.448s] Level 1:colcon.colcon_core.package_identification:_identify(work_ws/src/robot_bringup) by extensions ['colcon_meta']
[0.448s] Level 1:colcon.colcon_core.package_identification:_identify(work_ws/src/robot_bringup) by extension 'colcon_meta'
[0.448s] Level 1:colcon.colcon_core.package_identification:_identify(work_ws/src/robot_bringup) by extensions ['ros']
[0.448s] Level 1:colcon.colcon_core.package_identification:_identify(work_ws/src/robot_bringup) by extension 'ros'
[0.448s] Level 1:colcon.colcon_core.package_identification:_identify(work_ws/src/robot_bringup) by extensions ['cmake', 'python']
[0.448s] Level 1:colcon.colcon_core.package_identification:_identify(work_ws/src/robot_bringup) by extension 'cmake'
[0.448s] Level 1:colcon.colcon_core.package_identification:_identify(work_ws/src/robot_bringup) by extension 'python'
[0.448s] Level 1:colcon.colcon_core.package_identification:_identify(work_ws/src/robot_bringup) by extensions ['python_setup_py']
[0.448s] Level 1:colcon.colcon_core.package_identification:_identify(work_ws/src/robot_bringup) by extension 'python_setup_py'
[0.448s] Level 1:colcon.colcon_core.package_identification:_identify(work_ws/src/robot_bringup/config) by extensions ['ignore', 'ignore_ament_install']
[0.448s] Level 1:colcon.colcon_core.package_identification:_identify(work_ws/src/robot_bringup/config) by extension 'ignore'
[0.448s] Level 1:colcon.colcon_core.package_identification:_identify(work_ws/src/robot_bringup/config) by extension 'ignore_ament_install'
[0.448s] Level 1:colcon.colcon_core.package_identification:_identify(work_ws/src/robot_bringup/config) by extensions ['colcon_pkg']
[0.448s] Level 1:colcon.colcon_core.package_identification:_identify(work_ws/src/robot_bringup/config) by extension 'colcon_pkg'
[0.448s] Level 1:colcon.colcon_core.package_identification:_identify(work_ws/src/robot_bringup/config) by extensions ['colcon_meta']
[0.449s] Level 1:colcon.colcon_core.package_identification:_identify(work_ws/src/robot_bringup/config) by extension 'colcon_meta'
[0.449s] Level 1:colcon.colcon_core.package_identification:_identify(work_ws/src/robot_bringup/config) by extensions ['ros']
[0.449s] Level 1:colcon.colcon_core.package_identification:_identify(work_ws/src/robot_bringup/config) by extension 'ros'
[0.449s] Level 1:colcon.colcon_core.package_identification:_identify(work_ws/src/robot_bringup/config) by extensions ['cmake', 'python']
[0.449s] Level 1:colcon.colcon_core.package_identification:_identify(work_ws/src/robot_bringup/config) by extension 'cmake'
[0.449s] Level 1:colcon.colcon_core.package_identification:_identify(work_ws/src/robot_bringup/config) by extension 'python'
[0.449s] Level 1:colcon.colcon_core.package_identification:_identify(work_ws/src/robot_bringup/config) by extensions ['python_setup_py']
[0.449s] Level 1:colcon.colcon_core.package_identification:_identify(work_ws/src/robot_bringup/config) by extension 'python_setup_py'
[0.449s] Level 1:colcon.colcon_core.package_identification:_identify(work_ws/src/robot_bringup/launch) by extensions ['ignore', 'ignore_ament_install']
[0.449s] Level 1:colcon.colcon_core.package_identification:_identify(work_ws/src/robot_bringup/launch) by extension 'ignore'
[0.449s] Level 1:colcon.colcon_core.package_identification:_identify(work_ws/src/robot_bringup/launch) by extension 'ignore_ament_install'
[0.449s] Level 1:colcon.colcon_core.package_identification:_identify(work_ws/src/robot_bringup/launch) by extensions ['colcon_pkg']
[0.449s] Level 1:colcon.colcon_core.package_identification:_identify(work_ws/src/robot_bringup/launch) by extension 'colcon_pkg'
[0.449s] Level 1:colcon.colcon_core.package_identification:_identify(work_ws/src/robot_bringup/launch) by extensions ['colcon_meta']
[0.449s] Level 1:colcon.colcon_core.package_identification:_identify(work_ws/src/robot_bringup/launch) by extension 'colcon_meta'
[0.449s] Level 1:colcon.colcon_core.package_identification:_identify(work_ws/src/robot_bringup/launch) by extensions ['ros']
[0.449s] Level 1:colcon.colcon_core.package_identification:_identify(work_ws/src/robot_bringup/launch) by extension 'ros'
[0.449s] Level 1:colcon.colcon_core.package_identification:_identify(work_ws/src/robot_bringup/launch) by extensions ['cmake', 'python']
[0.449s] Level 1:colcon.colcon_core.package_identification:_identify(work_ws/src/robot_bringup/launch) by extension 'cmake'
[0.449s] Level 1:colcon.colcon_core.package_identification:_identify(work_ws/src/robot_bringup/launch) by extension 'python'
[0.449s] Level 1:colcon.colcon_core.package_identification:_identify(work_ws/src/robot_bringup/launch) by extensions ['python_setup_py']
[0.449s] Level 1:colcon.colcon_core.package_identification:_identify(work_ws/src/robot_bringup/launch) by extension 'python_setup_py'
[0.449s] Level 1:colcon.colcon_core.package_identification:_identify(work_ws/src/robot_control) by extensions ['ignore', 'ignore_ament_install']
[0.450s] Level 1:colcon.colcon_core.package_identification:_identify(work_ws/src/robot_control) by extension 'ignore'
[0.450s] Level 1:colcon.colcon_core.package_identification:_identify(work_ws/src/robot_control) by extension 'ignore_ament_install'
[0.450s] Level 1:colcon.colcon_core.package_identification:_identify(work_ws/src/robot_control) by extensions ['colcon_pkg']
[0.450s] Level 1:colcon.colcon_core.package_identification:_identify(work_ws/src/robot_control) by extension 'colcon_pkg'
[0.450s] Level 1:colcon.colcon_core.package_identification:_identify(work_ws/src/robot_control) by extensions ['colcon_meta']
[0.450s] Level 1:colcon.colcon_core.package_identification:_identify(work_ws/src/robot_control) by extension 'colcon_meta'
[0.450s] Level 1:colcon.colcon_core.package_identification:_identify(work_ws/src/robot_control) by extensions ['ros']
[0.450s] Level 1:colcon.colcon_core.package_identification:_identify(work_ws/src/robot_control) by extension 'ros'
[0.450s] Level 1:colcon.colcon_core.package_identification:_identify(work_ws/src/robot_control) by extensions ['cmake', 'python']
[0.450s] Level 1:colcon.colcon_core.package_identification:_identify(work_ws/src/robot_control) by extension 'cmake'
[0.450s] Level 1:colcon.colcon_core.package_identification:_identify(work_ws/src/robot_control) by extension 'python'
[0.450s] Level 1:colcon.colcon_core.package_identification:_identify(work_ws/src/robot_control) by extensions ['python_setup_py']
[0.450s] Level 1:colcon.colcon_core.package_identification:_identify(work_ws/src/robot_control) by extension 'python_setup_py'
[0.450s] Level 1:colcon.colcon_core.package_identification:_identify(work_ws/src/robot_description) by extensions ['ignore', 'ignore_ament_install']
[0.450s] Level 1:colcon.colcon_core.package_identification:_identify(work_ws/src/robot_description) by extension 'ignore'
[0.450s] Level 1:colcon.colcon_core.package_identification:_identify(work_ws/src/robot_description) by extension 'ignore_ament_install'
[0.450s] Level 1:colcon.colcon_core.package_identification:_identify(work_ws/src/robot_description) by extensions ['colcon_pkg']
[0.450s] Level 1:colcon.colcon_core.package_identification:_identify(work_ws/src/robot_description) by extension 'colcon_pkg'
[0.450s] Level 1:colcon.colcon_core.package_identification:_identify(work_ws/src/robot_description) by extensions ['colcon_meta']
[0.450s] Level 1:colcon.colcon_core.package_identification:_identify(work_ws/src/robot_description) by extension 'colcon_meta'
[0.450s] Level 1:colcon.colcon_core.package_identification:_identify(work_ws/src/robot_description) by extensions ['ros']
[0.450s] Level 1:colcon.colcon_core.package_identification:_identify(work_ws/src/robot_description) by extension 'ros'
[0.450s] Level 1:colcon.colcon_core.package_identification:_identify(work_ws/src/robot_description) by extensions ['cmake', 'python']
[0.450s] Level 1:colcon.colcon_core.package_identification:_identify(work_ws/src/robot_description) by extension 'cmake'
[0.451s] Level 1:colcon.colcon_core.package_identification:_identify(work_ws/src/robot_description) by extension 'python'
[0.451s] Level 1:colcon.colcon_core.package_identification:_identify(work_ws/src/robot_description) by extensions ['python_setup_py']
[0.451s] Level 1:colcon.colcon_core.package_identification:_identify(work_ws/src/robot_description) by extension 'python_setup_py'
[0.451s] Level 1:colcon.colcon_core.package_identification:_identify(work_ws/src/robot_description/meshes) by extensions ['ignore', 'ignore_ament_install']
[0.451s] Level 1:colcon.colcon_core.package_identification:_identify(work_ws/src/robot_description/meshes) by extension 'ignore'
[0.451s] Level 1:colcon.colcon_core.package_identification:_identify(work_ws/src/robot_description/meshes) by extension 'ignore_ament_install'
[0.451s] Level 1:colcon.colcon_core.package_identification:_identify(work_ws/src/robot_description/meshes) by extensions ['colcon_pkg']
[0.451s] Level 1:colcon.colcon_core.package_identification:_identify(work_ws/src/robot_description/meshes) by extension 'colcon_pkg'
[0.451s] Level 1:colcon.colcon_core.package_identification:_identify(work_ws/src/robot_description/meshes) by extensions ['colcon_meta']
[0.451s] Level 1:colcon.colcon_core.package_identification:_identify(work_ws/src/robot_description/meshes) by extension 'colcon_meta'
[0.451s] Level 1:colcon.colcon_core.package_identification:_identify(work_ws/src/robot_description/meshes) by extensions ['ros']
[0.451s] Level 1:colcon.colcon_core.package_identification:_identify(work_ws/src/robot_description/meshes) by extension 'ros'
[0.451s] Level 1:colcon.colcon_core.package_identification:_identify(work_ws/src/robot_description/meshes) by extensions ['cmake', 'python']
[0.451s] Level 1:colcon.colcon_core.package_identification:_identify(work_ws/src/robot_description/meshes) by extension 'cmake'
[0.451s] Level 1:colcon.colcon_core.package_identification:_identify(work_ws/src/robot_description/meshes) by extension 'python'
[0.451s] Level 1:colcon.colcon_core.package_identification:_identify(work_ws/src/robot_description/meshes) by extensions ['python_setup_py']
[0.451s] Level 1:colcon.colcon_core.package_identification:_identify(work_ws/src/robot_description/meshes) by extension 'python_setup_py'
[0.451s] Level 1:colcon.colcon_core.package_identification:_identify(work_ws/src/robot_description/urdf) by extensions ['ignore', 'ignore_ament_install']
[0.451s] Level 1:colcon.colcon_core.package_identification:_identify(work_ws/src/robot_description/urdf) by extension 'ignore'
[0.451s] Level 1:colcon.colcon_core.package_identification:_identify(work_ws/src/robot_description/urdf) by extension 'ignore_ament_install'
[0.451s] Level 1:colcon.colcon_core.package_identification:_identify(work_ws/src/robot_description/urdf) by extensions ['colcon_pkg']
[0.451s] Level 1:colcon.colcon_core.package_identification:_identify(work_ws/src/robot_description/urdf) by extension 'colcon_pkg'
[0.452s] Level 1:colcon.colcon_core.package_identification:_identify(work_ws/src/robot_description/urdf) by extensions ['colcon_meta']
[0.452s] Level 1:colcon.colcon_core.package_identification:_identify(work_ws/src/robot_description/urdf) by extension 'colcon_meta'
[0.452s] Level 1:colcon.colcon_core.package_identification:_identify(work_ws/src/robot_description/urdf) by extensions ['ros']
[0.452s] Level 1:colcon.colcon_core.package_identification:_identify(work_ws/src/robot_description/urdf) by extension 'ros'
[0.452s] Level 1:colcon.colcon_core.package_identification:_identify(work_ws/src/robot_description/urdf) by extensions ['cmake', 'python']
[0.452s] Level 1:colcon.colcon_core.package_identification:_identify(work_ws/src/robot_description/urdf) by extension 'cmake'
[0.452s] Level 1:colcon.colcon_core.package_identification:_identify(work_ws/src/robot_description/urdf) by extension 'python'
[0.452s] Level 1:colcon.colcon_core.package_identification:_identify(work_ws/src/robot_description/urdf) by extensions ['python_setup_py']
[0.452s] Level 1:colcon.colcon_core.package_identification:_identify(work_ws/src/robot_description/urdf) by extension 'python_setup_py'
[0.452s] Level 1:colcon.colcon_core.package_identification:_identify(work_ws/src/robot_interfaces) by extensions ['ignore', 'ignore_ament_install']
[0.452s] Level 1:colcon.colcon_core.package_identification:_identify(work_ws/src/robot_interfaces) by extension 'ignore'
[0.452s] Level 1:colcon.colcon_core.package_identification:_identify(work_ws/src/robot_interfaces) by extension 'ignore_ament_install'
[0.452s] Level 1:colcon.colcon_core.package_identification:_identify(work_ws/src/robot_interfaces) by extensions ['colcon_pkg']
[0.452s] Level 1:colcon.colcon_core.package_identification:_identify(work_ws/src/robot_interfaces) by extension 'colcon_pkg'
[0.452s] Level 1:colcon.colcon_core.package_identification:_identify(work_ws/src/robot_interfaces) by extensions ['colcon_meta']
[0.452s] Level 1:colcon.colcon_core.package_identification:_identify(work_ws/src/robot_interfaces) by extension 'colcon_meta'
[0.452s] Level 1:colcon.colcon_core.package_identification:_identify(work_ws/src/robot_interfaces) by extensions ['ros']
[0.452s] Level 1:colcon.colcon_core.package_identification:_identify(work_ws/src/robot_interfaces) by extension 'ros'
[0.452s] Level 1:colcon.colcon_core.package_identification:_identify(work_ws/src/robot_interfaces) by extensions ['cmake', 'python']
[0.452s] Level 1:colcon.colcon_core.package_identification:_identify(work_ws/src/robot_interfaces) by extension 'cmake'
[0.452s] Level 1:colcon.colcon_core.package_identification:_identify(work_ws/src/robot_interfaces) by extension 'python'
[0.452s] Level 1:colcon.colcon_core.package_identification:_identify(work_ws/src/robot_interfaces) by extensions ['python_setup_py']
[0.452s] Level 1:colcon.colcon_core.package_identification:_identify(work_ws/src/robot_interfaces) by extension 'python_setup_py'
[0.452s] Level 1:colcon.colcon_core.package_identification:_identify(work_ws/src/robot_manipulation) by extensions ['ignore', 'ignore_ament_install']
[0.453s] Level 1:colcon.colcon_core.package_identification:_identify(work_ws/src/robot_manipulation) by extension 'ignore'
[0.453s] Level 1:colcon.colcon_core.package_identification:_identify(work_ws/src/robot_manipulation) by extension 'ignore_ament_install'
[0.453s] Level 1:colcon.colcon_core.package_identification:_identify(work_ws/src/robot_manipulation) by extensions ['colcon_pkg']
[0.453s] Level 1:colcon.colcon_core.package_identification:_identify(work_ws/src/robot_manipulation) by extension 'colcon_pkg'
[0.453s] Level 1:colcon.colcon_core.package_identification:_identify(work_ws/src/robot_manipulation) by extensions ['colcon_meta']
[0.453s] Level 1:colcon.colcon_core.package_identification:_identify(work_ws/src/robot_manipulation) by extension 'colcon_meta'
[0.453s] Level 1:colcon.colcon_core.package_identification:_identify(work_ws/src/robot_manipulation) by extensions ['ros']
[0.453s] Level 1:colcon.colcon_core.package_identification:_identify(work_ws/src/robot_manipulation) by extension 'ros'
[0.453s] Level 1:colcon.colcon_core.package_identification:_identify(work_ws/src/robot_manipulation) by extensions ['cmake', 'python']
[0.453s] Level 1:colcon.colcon_core.package_identification:_identify(work_ws/src/robot_manipulation) by extension 'cmake'
[0.453s] Level 1:colcon.colcon_core.package_identification:_identify(work_ws/src/robot_manipulation) by extension 'python'
[0.453s] Level 1:colcon.colcon_core.package_identification:_identify(work_ws/src/robot_manipulation) by extensions ['python_setup_py']
[0.453s] Level 1:colcon.colcon_core.package_identification:_identify(work_ws/src/robot_manipulation) by extension 'python_setup_py'
[0.453s] Level 1:colcon.colcon_core.package_identification:_identify(work_ws/src/robot_navigation) by extensions ['ignore', 'ignore_ament_install']
[0.453s] Level 1:colcon.colcon_core.package_identification:_identify(work_ws/src/robot_navigation) by extension 'ignore'
[0.453s] Level 1:colcon.colcon_core.package_identification:_identify(work_ws/src/robot_navigation) by extension 'ignore_ament_install'
[0.453s] Level 1:colcon.colcon_core.package_identification:_identify(work_ws/src/robot_navigation) by extensions ['colcon_pkg']
[0.453s] Level 1:colcon.colcon_core.package_identification:_identify(work_ws/src/robot_navigation) by extension 'colcon_pkg'
[0.453s] Level 1:colcon.colcon_core.package_identification:_identify(work_ws/src/robot_navigation) by extensions ['colcon_meta']
[0.453s] Level 1:colcon.colcon_core.package_identification:_identify(work_ws/src/robot_navigation) by extension 'colcon_meta'
[0.453s] Level 1:colcon.colcon_core.package_identification:_identify(work_ws/src/robot_navigation) by extensions ['ros']
[0.453s] Level 1:colcon.colcon_core.package_identification:_identify(work_ws/src/robot_navigation) by extension 'ros'
[0.453s] Level 1:colcon.colcon_core.package_identification:_identify(work_ws/src/robot_navigation) by extensions ['cmake', 'python']
[0.454s] Level 1:colcon.colcon_core.package_identification:_identify(work_ws/src/robot_navigation) by extension 'cmake'
[0.454s] Level 1:colcon.colcon_core.package_identification:_identify(work_ws/src/robot_navigation) by extension 'python'
[0.454s] Level 1:colcon.colcon_core.package_identification:_identify(work_ws/src/robot_navigation) by extensions ['python_setup_py']
[0.454s] Level 1:colcon.colcon_core.package_identification:_identify(work_ws/src/robot_navigation) by extension 'python_setup_py'
[0.454s] Level 1:colcon.colcon_core.package_identification:_identify(work_ws/src/robot_navigation/maps) by extensions ['ignore', 'ignore_ament_install']
[0.454s] Level 1:colcon.colcon_core.package_identification:_identify(work_ws/src/robot_navigation/maps) by extension 'ignore'
[0.454s] Level 1:colcon.colcon_core.package_identification:_identify(work_ws/src/robot_navigation/maps) by extension 'ignore_ament_install'
[0.454s] Level 1:colcon.colcon_core.package_identification:_identify(work_ws/src/robot_navigation/maps) by extensions ['colcon_pkg']
[0.454s] Level 1:colcon.colcon_core.package_identification:_identify(work_ws/src/robot_navigation/maps) by extension 'colcon_pkg'
[0.454s] Level 1:colcon.colcon_core.package_identification:_identify(work_ws/src/robot_navigation/maps) by extensions ['colcon_meta']
[0.454s] Level 1:colcon.colcon_core.package_identification:_identify(work_ws/src/robot_navigation/maps) by extension 'colcon_meta'
[0.454s] Level 1:colcon.colcon_core.package_identification:_identify(work_ws/src/robot_navigation/maps) by extensions ['ros']
[0.454s] Level 1:colcon.colcon_core.package_identification:_identify(work_ws/src/robot_navigation/maps) by extension 'ros'
[0.454s] Level 1:colcon.colcon_core.package_identification:_identify(work_ws/src/robot_navigation/maps) by extensions ['cmake', 'python']
[0.454s] Level 1:colcon.colcon_core.package_identification:_identify(work_ws/src/robot_navigation/maps) by extension 'cmake'
[0.454s] Level 1:colcon.colcon_core.package_identification:_identify(work_ws/src/robot_navigation/maps) by extension 'python'
[0.454s] Level 1:colcon.colcon_core.package_identification:_identify(work_ws/src/robot_navigation/maps) by extensions ['python_setup_py']
[0.454s] Level 1:colcon.colcon_core.package_identification:_identify(work_ws/src/robot_navigation/maps) by extension 'python_setup_py'
[0.454s] Level 1:colcon.colcon_core.package_identification:_identify(work_ws/src/robot_vision) by extensions ['ignore', 'ignore_ament_install']
[0.454s] Level 1:colcon.colcon_core.package_identification:_identify(work_ws/src/robot_vision) by extension 'ignore'
[0.454s] Level 1:colcon.colcon_core.package_identification:_identify(work_ws/src/robot_vision) by extension 'ignore_ament_install'
[0.454s] Level 1:colcon.colcon_core.package_identification:_identify(work_ws/src/robot_vision) by extensions ['colcon_pkg']
[0.455s] Level 1:colcon.colcon_core.package_identification:_identify(work_ws/src/robot_vision) by extension 'colcon_pkg'
[0.455s] Level 1:colcon.colcon_core.package_identification:_identify(work_ws/src/robot_vision) by extensions ['colcon_meta']
[0.455s] Level 1:colcon.colcon_core.package_identification:_identify(work_ws/src/robot_vision) by extension 'colcon_meta'
[0.455s] Level 1:colcon.colcon_core.package_identification:_identify(work_ws/src/robot_vision) by extensions ['ros']
[0.455s] Level 1:colcon.colcon_core.package_identification:_identify(work_ws/src/robot_vision) by extension 'ros'
[0.455s] Level 1:colcon.colcon_core.package_identification:_identify(work_ws/src/robot_vision) by extensions ['cmake', 'python']
[0.455s] Level 1:colcon.colcon_core.package_identification:_identify(work_ws/src/robot_vision) by extension 'cmake'
[0.455s] Level 1:colcon.colcon_core.package_identification:_identify(work_ws/src/robot_vision) by extension 'python'
[0.455s] Level 1:colcon.colcon_core.package_identification:_identify(work_ws/src/robot_vision) by extensions ['python_setup_py']
[0.455s] Level 1:colcon.colcon_core.package_identification:_identify(work_ws/src/robot_vision) by extension 'python_setup_py'
[0.455s] Level 1:colcon.colcon_core.package_identification:_identify(work_ws/src/robot_vision/scripts) by extensions ['ignore', 'ignore_ament_install']
[0.455s] Level 1:colcon.colcon_core.package_identification:_identify(work_ws/src/robot_vision/scripts) by extension 'ignore'
[0.455s] Level 1:colcon.colcon_core.package_identification:_identify(work_ws/src/robot_vision/scripts) by extension 'ignore_ament_install'
[0.455s] Level 1:colcon.colcon_core.package_identification:_identify(work_ws/src/robot_vision/scripts) by extensions ['colcon_pkg']
[0.455s] Level 1:colcon.colcon_core.package_identification:_identify(work_ws/src/robot_vision/scripts) by extension 'colcon_pkg'
[0.455s] Level 1:colcon.colcon_core.package_identification:_identify(work_ws/src/robot_vision/scripts) by extensions ['colcon_meta']
[0.455s] Level 1:colcon.colcon_core.package_identification:_identify(work_ws/src/robot_vision/scripts) by extension 'colcon_meta'
[0.455s] Level 1:colcon.colcon_core.package_identification:_identify(work_ws/src/robot_vision/scripts) by extensions ['ros']
[0.455s] Level 1:colcon.colcon_core.package_identification:_identify(work_ws/src/robot_vision/scripts) by extension 'ros'
[0.455s] Level 1:colcon.colcon_core.package_identification:_identify(work_ws/src/robot_vision/scripts) by extensions ['cmake', 'python']
[0.455s] Level 1:colcon.colcon_core.package_identification:_identify(work_ws/src/robot_vision/scripts) by extension 'cmake'
[0.455s] Level 1:colcon.colcon_core.package_identification:_identify(work_ws/src/robot_vision/scripts) by extension 'python'
[0.455s] Level 1:colcon.colcon_core.package_identification:_identify(work_ws/src/robot_vision/scripts) by extensions ['python_setup_py']
[0.455s] Level 1:colcon.colcon_core.package_identification:_identify(work_ws/src/robot_vision/scripts) by extension 'python_setup_py'
[0.456s] Level 1:colcon.colcon_core.package_discovery:discover_packages(recursive) using defaults
[0.456s] Level 1:colcon.colcon_core.package_discovery:discover_packages(ignore) discover
[0.456s] Level 1:colcon.colcon_core.package_discovery:discover_packages(ignore) using defaults
[0.456s] Level 1:colcon.colcon_core.package_discovery:discover_packages(path) discover
[0.456s] Level 1:colcon.colcon_core.package_discovery:discover_packages(path) using defaults
