[0.412s] Invoking command in '/home/enzo/droid/WORK-2026/work_ws/src/build/salamander_bot': CMAKE_PREFIX_PATH=${CMAKE_PREFIX_PATH}:/home/enzo/droid/WORK-2026/work_ws/install/robot_odometry:/opt/ros/jazzy DEBUGINFOD_URLS=https://debuginfod.ubuntu.com /usr/bin/cmake --build /home/enzo/droid/WORK-2026/work_ws/src/build/salamander_bot -- -j8 -l8
[0.648s] Invoked command in '/home/enzo/droid/WORK-2026/work_ws/src/build/salamander_bot' returned '0': CMAKE_PREFIX_PATH=${CMAKE_PREFIX_PATH}:/home/enzo/droid/WORK-2026/work_ws/install/robot_odometry:/opt/ros/jazzy DEBUGINFOD_URLS=https://debuginfod.ubuntu.com /usr/bin/cmake --build /home/enzo/droid/WORK-2026/work_ws/src/build/salamander_bot -- -j8 -l8
[0.654s] Invoking command in '/home/enzo/droid/WORK-2026/work_ws/src/build/salamander_bot': CMAKE_PREFIX_PATH=${CMAKE_PREFIX_PATH}:/home/enzo/droid/WORK-2026/work_ws/install/robot_odometry:/opt/ros/jazzy DEBUGINFOD_URLS=https://debuginfod.ubuntu.com /usr/bin/cmake --install /home/enzo/droid/WORK-2026/work_ws/src/build/salamander_bot
[0.678s] -- Install configuration: ""
[0.679s] -- Execute custom install script
[0.680s] -- Up-to-date symlink: /home/enzo/droid/WORK-2026/work_ws/src/install/salamander_bot/share/ament_index/resource_index/package_run_dependencies/salamander_bot
[0.680s] -- Up-to-date symlink: /home/enzo/droid/WORK-2026/work_ws/src/install/salamander_bot/share/ament_index/resource_index/parent_prefix_path/salamander_bot
[0.681s] -- Up-to-date symlink: /home/enzo/droid/WORK-2026/work_ws/src/install/salamander_bot/share/salamander_bot/environment/ament_prefix_path.sh
[0.681s] -- Up-to-date symlink: /home/enzo/droid/WORK-2026/work_ws/src/install/salamander_bot/share/salamander_bot/environment/ament_prefix_path.dsv
[0.681s] -- Up-to-date symlink: /home/enzo/droid/WORK-2026/work_ws/src/install/salamander_bot/share/salamander_bot/environment/path.sh
[0.682s] -- Up-to-date symlink: /home/enzo/droid/WORK-2026/work_ws/src/install/salamander_bot/share/salamander_bot/environment/path.dsv
[0.682s] -- Up-to-date symlink: /home/enzo/droid/WORK-2026/work_ws/src/install/salamander_bot/share/salamander_bot/local_setup.bash
[0.682s] -- Up-to-date symlink: /home/enzo/droid/WORK-2026/work_ws/src/install/salamander_bot/share/salamander_bot/local_setup.sh
[0.683s] -- Up-to-date symlink: /home/enzo/droid/WORK-2026/work_ws/src/install/salamander_bot/share/salamander_bot/local_setup.zsh
[0.683s] -- Up-to-date symlink: /home/enzo/droid/WORK-2026/work_ws/src/install/salamander_bot/share/salamander_bot/local_setup.dsv
[0.683s] -- Symlinking: /home/enzo/droid/WORK-2026/work_ws/src/install/salamander_bot/share/salamander_bot/package.dsv
[0.700s] -- Up-to-date symlink: /home/enzo/droid/WORK-2026/work_ws/src/install/salamander_bot/share/ament_index/resource_index/packages/salamander_bot
[0.701s] -- Up-to-date symlink: /home/enzo/droid/WORK-2026/work_ws/src/install/salamander_bot/share/salamander_bot/cmake/salamander_botConfig.cmake
[0.701s] -- Up-to-date symlink: /home/enzo/droid/WORK-2026/work_ws/src/install/salamander_bot/share/salamander_bot/cmake/salamander_botConfig-version.cmake
[0.701s] -- Up-to-date symlink: /home/enzo/droid/WORK-2026/work_ws/src/install/salamander_bot/share/salamander_bot/package.xml
[0.702s] -- Up-to-date: /home/enzo/droid/WORK-2026/work_ws/src/install/salamander_bot/share/salamander_bot/launch
[0.702s] -- Up-to-date: /home/enzo/droid/WORK-2026/work_ws/src/install/salamander_bot/share/salamander_bot/launch/odomLidar.launch.py
[0.702s] -- Installing: /home/enzo/droid/WORK-2026/work_ws/src/install/salamander_bot/share/salamander_bot/launch/mapping.launch.py
[0.702s] -- Up-to-date: /home/enzo/droid/WORK-2026/work_ws/src/install/salamander_bot/share/salamander_bot/launch/gazebo.launch.py
[0.703s] -- Up-to-date: /home/enzo/droid/WORK-2026/work_ws/src/install/salamander_bot/share/salamander_bot/launch/display.launch.py
[0.703s] -- Up-to-date: /home/enzo/droid/WORK-2026/work_ws/src/install/salamander_bot/share/salamander_bot/launch/navigation_launch.py
[0.703s] -- Up-to-date: /home/enzo/droid/WORK-2026/work_ws/src/install/salamander_bot/share/salamander_bot/description
[0.703s] -- Up-to-date: /home/enzo/droid/WORK-2026/work_ws/src/install/salamander_bot/share/salamander_bot/description/salamander_bot.gazebo
[0.704s] -- Up-to-date: /home/enzo/droid/WORK-2026/work_ws/src/install/salamander_bot/share/salamander_bot/description/robot.urdf.xacro
[0.704s] -- Up-to-date: /home/enzo/droid/WORK-2026/work_ws/src/install/salamander_bot/share/salamander_bot/description/colors.xacro
[0.704s] -- Up-to-date: /home/enzo/droid/WORK-2026/work_ws/src/install/salamander_bot/share/salamander_bot/description/robot_core.xacro
[0.704s] -- Up-to-date: /home/enzo/droid/WORK-2026/work_ws/src/install/salamander_bot/share/salamander_bot/description/salamander_bot.ros2control
[0.704s] -- Up-to-date: /home/enzo/droid/WORK-2026/work_ws/src/install/salamander_bot/share/salamander_bot/description/lidar.xacro
[0.704s] -- Up-to-date: /home/enzo/droid/WORK-2026/work_ws/src/install/salamander_bot/share/salamander_bot/config
[0.705s] -- Installing: /home/enzo/droid/WORK-2026/work_ws/src/install/salamander_bot/share/salamander_bot/config/mapper_params_online_async.yaml
[0.705s] -- Up-to-date: /home/enzo/droid/WORK-2026/work_ws/src/install/salamander_bot/share/salamander_bot/config/display.rviz
[0.705s] -- Up-to-date: /home/enzo/droid/WORK-2026/work_ws/src/install/salamander_bot/share/salamander_bot/config/nav2_params.yaml
[0.705s] -- Up-to-date: /home/enzo/droid/WORK-2026/work_ws/src/install/salamander_bot/share/salamander_bot/config/gazebo.rviz
[0.705s] -- Installing: /home/enzo/droid/WORK-2026/work_ws/src/install/salamander_bot/share/salamander_bot/config/slam_toolbox_mapping.yaml
[0.705s] -- Up-to-date: /home/enzo/droid/WORK-2026/work_ws/src/install/salamander_bot/share/salamander_bot/config/ros_gz_bridge_gazebo.yaml
[0.706s] -- Up-to-date: /home/enzo/droid/WORK-2026/work_ws/src/install/salamander_bot/share/salamander_bot/config/ekf.yaml
[0.706s] -- Up-to-date: /home/enzo/droid/WORK-2026/work_ws/src/install/salamander_bot/share/salamander_bot/worlds
[0.706s] -- Up-to-date: /home/enzo/droid/WORK-2026/work_ws/src/install/salamander_bot/share/salamander_bot/meshes
[0.707s] -- Up-to-date: /home/enzo/droid/WORK-2026/work_ws/src/install/salamander_bot/share/salamander_bot/meshes/base_link.stl
[0.708s] -- Up-to-date: /home/enzo/droid/WORK-2026/work_ws/src/install/salamander_bot/share/salamander_bot/meshes/wheel_lb_1.stl
[0.708s] -- Up-to-date: /home/enzo/droid/WORK-2026/work_ws/src/install/salamander_bot/share/salamander_bot/meshes/wheel_rb_1.stl
[0.709s] -- Up-to-date: /home/enzo/droid/WORK-2026/work_ws/src/install/salamander_bot/share/salamander_bot/meshes/wheel_lf_1.stl
[0.709s] -- Up-to-date: /home/enzo/droid/WORK-2026/work_ws/src/install/salamander_bot/share/salamander_bot/meshes/wheel_rf_1.stl
[0.709s] -- Up-to-date: /home/enzo/droid/WORK-2026/work_ws/src/install/salamander_bot/share/salamander_bot/meshes/rplidar_a1m8_1.stl
[0.710s] Invoked command in '/home/enzo/droid/WORK-2026/work_ws/src/build/salamander_bot' returned '0': CMAKE_PREFIX_PATH=${CMAKE_PREFIX_PATH}:/home/enzo/droid/WORK-2026/work_ws/install/robot_odometry:/opt/ros/jazzy DEBUGINFOD_URLS=https://debuginfod.ubuntu.com /usr/bin/cmake --install /home/enzo/droid/WORK-2026/work_ws/src/build/salamander_bot
