[0.010s] Invoking command in '/home/lucca/WORK-2026/ros2_ws/build/micro_ros_msgs': CMAKE_PREFIX_PATH=${CMAKE_PREFIX_PATH}:/opt/ros/jazzy /usr/bin/cmake /home/lucca/WORK-2026/ros2_ws/src/uros/micro_ros_msgs -DUAGENT_BUILD_EXECUTABLE=OFF -DUAGENT_P2P_PROFILE=OFF --no-warn-unused-cli -DCMAKE_INSTALL_PREFIX=/home/lucca/WORK-2026/ros2_ws/install/micro_ros_msgs
[0.018s] Not searching for unused variables given on the command line.
[0.110s] -- The C compiler identification is GNU 13.3.0
[0.481s] -- The CXX compiler identification is GNU 13.3.0
[0.886s] -- Detecting C compiler ABI info
[1.055s] -- Detecting C compiler ABI info - done
[1.066s] -- Check for working C compiler: /usr/bin/cc - skipped
[1.066s] -- Detecting C compile features
[1.067s] -- Detecting C compile features - done
[1.130s] -- Detecting CXX compiler ABI info
[1.310s] -- Detecting CXX compiler ABI info - done
[1.318s] -- Check for working CXX compiler: /usr/bin/c++ - skipped
[1.318s] -- Detecting CXX compile features
[1.318s] -- Detecting CXX compile features - done
[1.320s] -- Found ament_cmake: 2.5.4 (/opt/ros/jazzy/share/ament_cmake/cmake)
[1.438s] -- Found Python3: /usr/bin/python3 (found version "3.12.3") found components: Interpreter 
[1.531s] -- Found rosidl_default_generators: 1.6.0 (/opt/ros/jazzy/share/rosidl_default_generators/cmake)
[1.538s] -- Using all available rosidl_typesupport_c: rosidl_typesupport_fastrtps_c;rosidl_typesupport_introspection_c
[1.685s] -- Using all available rosidl_typesupport_cpp: rosidl_typesupport_fastrtps_cpp;rosidl_typesupport_introspection_cpp
[1.761s] -- Found rosidl_adapter: 4.6.6 (/opt/ros/jazzy/share/rosidl_adapter/cmake)
[1.766s] -- Found ament_lint_auto: 0.17.3 (/opt/ros/jazzy/share/ament_lint_auto/cmake)
[2.305s] -- Found ament_cmake_ros: 0.12.0 (/opt/ros/jazzy/share/ament_cmake_ros/cmake)
[2.683s] -- Using all available rosidl_typesupport_c: rosidl_typesupport_fastrtps_c;rosidl_typesupport_introspection_c
[3.157s] -- Using all available rosidl_typesupport_cpp: rosidl_typesupport_fastrtps_cpp;rosidl_typesupport_introspection_cpp
[3.170s] -- Found python_cmake_module: 0.11.1 (/opt/ros/jazzy/share/python_cmake_module/cmake)
[3.281s] -- Found PythonExtra: /usr/bin/python3  
[3.713s] -- Found Python3: /usr/bin/python3 (found version "3.12.3") found components: Interpreter Development NumPy Development.Module Development.Embed 
[3.744s] -- Added test 'copyright' to check source files copyright and LICENSE
[3.753s] -- Added test 'lint_cmake' to check CMake code style
[3.758s] -- Added test 'xmllint' to check XML markup files
[3.768s] -- Configuring done (3.7s)
[3.808s] -- Generating done (0.0s)
[3.818s] -- Build files have been written to: /home/lucca/WORK-2026/ros2_ws/build/micro_ros_msgs
[3.825s] Invoked command in '/home/lucca/WORK-2026/ros2_ws/build/micro_ros_msgs' returned '0': CMAKE_PREFIX_PATH=${CMAKE_PREFIX_PATH}:/opt/ros/jazzy /usr/bin/cmake /home/lucca/WORK-2026/ros2_ws/src/uros/micro_ros_msgs -DUAGENT_BUILD_EXECUTABLE=OFF -DUAGENT_P2P_PROFILE=OFF --no-warn-unused-cli -DCMAKE_INSTALL_PREFIX=/home/lucca/WORK-2026/ros2_ws/install/micro_ros_msgs
[3.826s] Invoking command in '/home/lucca/WORK-2026/ros2_ws/build/micro_ros_msgs': CMAKE_PREFIX_PATH=${CMAKE_PREFIX_PATH}:/opt/ros/jazzy /usr/bin/cmake --build /home/lucca/WORK-2026/ros2_ws/build/micro_ros_msgs -- -j8 -l8
[3.867s] [  1%] [34m[1mGenerating type hashes for ROS interfaces[0m
[3.875s] [  1%] Built target ament_cmake_python_copy_micro_ros_msgs
[4.062s] running egg_info
[4.063s] creating micro_ros_msgs.egg-info
[4.085s] writing micro_ros_msgs.egg-info/PKG-INFO
[4.085s] writing dependency_links to micro_ros_msgs.egg-info/dependency_links.txt
[4.086s] writing top-level names to micro_ros_msgs.egg-info/top_level.txt
[4.086s] writing manifest file 'micro_ros_msgs.egg-info/SOURCES.txt'
[4.095s] [  1%] Built target micro_ros_msgs__rosidl_generator_type_description
[4.107s] [  3%] [34m[1mGenerating C code for ROS interfaces[0m
[4.119s] [  5%] [34m[1mGenerating C++ code for ROS interfaces[0m
[4.151s] reading manifest file 'micro_ros_msgs.egg-info/SOURCES.txt'
[4.151s] writing manifest file 'micro_ros_msgs.egg-info/SOURCES.txt'
[4.184s] [  5%] Built target ament_cmake_python_build_micro_ros_msgs_egg
[4.450s] [  5%] Built target micro_ros_msgs__cpp
[4.503s] [  9%] [32mBuilding C object CMakeFiles/micro_ros_msgs__rosidl_generator_c.dir/rosidl_generator_c/micro_ros_msgs/msg/detail/graph__functions.c.o[0m
[4.504s] [  9%] [32mBuilding C object CMakeFiles/micro_ros_msgs__rosidl_generator_c.dir/rosidl_generator_c/micro_ros_msgs/msg/detail/graph__description.c.o[0m
[4.504s] [ 12%] [32mBuilding C object CMakeFiles/micro_ros_msgs__rosidl_generator_c.dir/rosidl_generator_c/micro_ros_msgs/msg/detail/node__description.c.o[0m
[4.504s] [ 12%] [32mBuilding C object CMakeFiles/micro_ros_msgs__rosidl_generator_c.dir/rosidl_generator_c/micro_ros_msgs/msg/detail/graph__type_support.c.o[0m
[4.504s] [ 14%] [32mBuilding C object CMakeFiles/micro_ros_msgs__rosidl_generator_c.dir/rosidl_generator_c/micro_ros_msgs/msg/detail/node__functions.c.o[0m
[4.504s] [ 16%] [32mBuilding C object CMakeFiles/micro_ros_msgs__rosidl_generator_c.dir/rosidl_generator_c/micro_ros_msgs/msg/detail/entity__description.c.o[0m
[4.504s] [ 18%] [32mBuilding C object CMakeFiles/micro_ros_msgs__rosidl_generator_c.dir/rosidl_generator_c/micro_ros_msgs/msg/detail/node__type_support.c.o[0m
[4.506s] [ 20%] [32mBuilding C object CMakeFiles/micro_ros_msgs__rosidl_generator_c.dir/rosidl_generator_c/micro_ros_msgs/msg/detail/entity__functions.c.o[0m
[4.551s] [ 22%] [32mBuilding C object CMakeFiles/micro_ros_msgs__rosidl_generator_c.dir/rosidl_generator_c/micro_ros_msgs/msg/detail/entity__type_support.c.o[0m
[4.578s] [ 24%] [32m[1mLinking C shared library libmicro_ros_msgs__rosidl_generator_c.so[0m
[4.659s] [ 24%] Built target micro_ros_msgs__rosidl_generator_c
[4.670s] [ 29%] [34m[1mGenerating C++ type support for eProsima Fast-RTPS[0m
[4.671s] [ 29%] [34m[1mGenerating C++ introspection for ROS interfaces[0m
[4.671s] [ 31%] [34m[1mGenerating C type support for eProsima Fast-RTPS[0m
[4.672s] [ 29%] [34m[1mGenerating C type support dispatch for ROS interfaces[0m
[4.672s] [ 33%] [34m[1mGenerating C++ type support dispatch for ROS interfaces[0m
[4.673s] [ 35%] [34m[1mGenerating C introspection for ROS interfaces[0m
[5.164s] [ 37%] [32mBuilding CXX object CMakeFiles/micro_ros_msgs__rosidl_typesupport_cpp.dir/rosidl_typesupport_cpp/micro_ros_msgs/msg/node__type_support.cpp.o[0m
[5.164s] [ 38%] [32mBuilding CXX object CMakeFiles/micro_ros_msgs__rosidl_typesupport_cpp.dir/rosidl_typesupport_cpp/micro_ros_msgs/msg/graph__type_support.cpp.o[0m
[5.169s] [ 40%] [32mBuilding CXX object CMakeFiles/micro_ros_msgs__rosidl_typesupport_cpp.dir/rosidl_typesupport_cpp/micro_ros_msgs/msg/entity__type_support.cpp.o[0m
[5.177s] [ 42%] [32mBuilding CXX object CMakeFiles/micro_ros_msgs__rosidl_typesupport_c.dir/rosidl_typesupport_c/micro_ros_msgs/msg/graph__type_support.cpp.o[0m
[5.255s] [ 44%] [32mBuilding CXX object CMakeFiles/micro_ros_msgs__rosidl_typesupport_c.dir/rosidl_typesupport_c/micro_ros_msgs/msg/node__type_support.cpp.o[0m
[5.267s] [ 46%] [32mBuilding CXX object CMakeFiles/micro_ros_msgs__rosidl_typesupport_introspection_cpp.dir/rosidl_typesupport_introspection_cpp/micro_ros_msgs/msg/detail/graph__type_support.cpp.o[0m
[5.294s] [ 48%] [32mBuilding C object CMakeFiles/micro_ros_msgs__rosidl_typesupport_introspection_c.dir/rosidl_typesupport_introspection_c/micro_ros_msgs/msg/detail/graph__type_support.c.o[0m
[5.311s] [ 50%] [32mBuilding CXX object CMakeFiles/micro_ros_msgs__rosidl_typesupport_c.dir/rosidl_typesupport_c/micro_ros_msgs/msg/entity__type_support.cpp.o[0m
[5.343s] [ 51%] [32mBuilding CXX object CMakeFiles/micro_ros_msgs__rosidl_typesupport_fastrtps_cpp.dir/rosidl_typesupport_fastrtps_cpp/micro_ros_msgs/msg/detail/dds_fastrtps/graph__type_support.cpp.o[0m
[5.363s] [ 53%] [32mBuilding C object CMakeFiles/micro_ros_msgs__rosidl_typesupport_introspection_c.dir/rosidl_typesupport_introspection_c/micro_ros_msgs/msg/detail/node__type_support.c.o[0m
[5.367s] [ 55%] [32m[1mLinking CXX shared library libmicro_ros_msgs__rosidl_typesupport_c.so[0m
[5.380s] [ 57%] [32mBuilding CXX object CMakeFiles/micro_ros_msgs__rosidl_typesupport_fastrtps_c.dir/rosidl_typesupport_fastrtps_c/micro_ros_msgs/msg/detail/graph__type_support_c.cpp.o[0m
[5.418s] [ 59%] [32mBuilding C object CMakeFiles/micro_ros_msgs__rosidl_typesupport_introspection_c.dir/rosidl_typesupport_introspection_c/micro_ros_msgs/msg/detail/entity__type_support.c.o[0m
[5.477s] [ 61%] [32m[1mLinking C shared library libmicro_ros_msgs__rosidl_typesupport_introspection_c.so[0m
[5.532s] [ 61%] Built target micro_ros_msgs__rosidl_typesupport_c
[5.544s] [ 62%] [32mBuilding CXX object CMakeFiles/micro_ros_msgs__rosidl_typesupport_fastrtps_c.dir/rosidl_typesupport_fastrtps_c/micro_ros_msgs/msg/detail/node__type_support_c.cpp.o[0m
[5.653s] [ 62%] Built target micro_ros_msgs__rosidl_typesupport_introspection_c
[5.668s] [ 64%] [32mBuilding CXX object CMakeFiles/micro_ros_msgs__rosidl_typesupport_fastrtps_cpp.dir/rosidl_typesupport_fastrtps_cpp/micro_ros_msgs/msg/detail/dds_fastrtps/node__type_support.cpp.o[0m
[5.736s] [ 66%] [32mBuilding CXX object CMakeFiles/micro_ros_msgs__rosidl_typesupport_fastrtps_c.dir/rosidl_typesupport_fastrtps_c/micro_ros_msgs/msg/detail/entity__type_support_c.cpp.o[0m
[5.737s] [ 68%] [32mBuilding CXX object CMakeFiles/micro_ros_msgs__rosidl_typesupport_fastrtps_cpp.dir/rosidl_typesupport_fastrtps_cpp/micro_ros_msgs/msg/detail/dds_fastrtps/entity__type_support.cpp.o[0m
[5.798s] [ 70%] [32m[1mLinking CXX shared library libmicro_ros_msgs__rosidl_typesupport_cpp.so[0m
[6.232s] [ 72%] [32mBuilding CXX object CMakeFiles/micro_ros_msgs__rosidl_typesupport_introspection_cpp.dir/rosidl_typesupport_introspection_cpp/micro_ros_msgs/msg/detail/node__type_support.cpp.o[0m
[6.252s] [ 72%] Built target micro_ros_msgs__rosidl_typesupport_cpp
[6.288s] [ 74%] [32mBuilding CXX object CMakeFiles/micro_ros_msgs__rosidl_typesupport_introspection_cpp.dir/rosidl_typesupport_introspection_cpp/micro_ros_msgs/msg/detail/entity__type_support.cpp.o[0m
[6.584s] [ 75%] [32m[1mLinking CXX shared library libmicro_ros_msgs__rosidl_typesupport_fastrtps_c.so[0m
[6.647s] [ 77%] [32m[1mLinking CXX shared library libmicro_ros_msgs__rosidl_typesupport_fastrtps_cpp.so[0m
[6.742s] [ 79%] [32m[1mLinking CXX shared library libmicro_ros_msgs__rosidl_typesupport_introspection_cpp.so[0m
[6.762s] [ 79%] Built target micro_ros_msgs__rosidl_typesupport_fastrtps_c
[6.788s] [ 79%] Built target micro_ros_msgs__rosidl_typesupport_fastrtps_cpp
[6.873s] [ 79%] Built target micro_ros_msgs__rosidl_typesupport_introspection_cpp
[6.890s] [ 79%] Built target micro_ros_msgs
[6.906s] [ 81%] [34m[1mGenerating Python code for ROS interfaces[0m
[7.262s] [ 81%] Built target micro_ros_msgs__py
[7.281s] [ 85%] [32mBuilding C object CMakeFiles/micro_ros_msgs__rosidl_generator_py.dir/rosidl_generator_py/micro_ros_msgs/msg/_node_s.c.o[0m
[7.281s] [ 85%] [32mBuilding C object CMakeFiles/micro_ros_msgs__rosidl_generator_py.dir/rosidl_generator_py/micro_ros_msgs/msg/_entity_s.c.o[0m
[7.281s] [ 87%] [32mBuilding C object CMakeFiles/micro_ros_msgs__rosidl_generator_py.dir/rosidl_generator_py/micro_ros_msgs/msg/_graph_s.c.o[0m
[7.437s] [ 88%] [32m[1mLinking C shared library libmicro_ros_msgs__rosidl_generator_py.so[0m
[7.524s] [ 88%] Built target micro_ros_msgs__rosidl_generator_py
[7.542s] [ 90%] [32mBuilding C object CMakeFiles/micro_ros_msgs_s__rosidl_typesupport_introspection_c.dir/rosidl_generator_py/micro_ros_msgs/_micro_ros_msgs_s.ep.rosidl_typesupport_introspection_c.c.o[0m
[7.545s] [ 94%] [32mBuilding C object CMakeFiles/micro_ros_msgs_s__rosidl_typesupport_c.dir/rosidl_generator_py/micro_ros_msgs/_micro_ros_msgs_s.ep.rosidl_typesupport_c.c.o[0m
[7.545s] [ 94%] [32mBuilding C object CMakeFiles/micro_ros_msgs_s__rosidl_typesupport_fastrtps_c.dir/rosidl_generator_py/micro_ros_msgs/_micro_ros_msgs_s.ep.rosidl_typesupport_fastrtps_c.c.o[0m
[7.643s] [ 96%] [32m[1mLinking C shared module rosidl_generator_py/micro_ros_msgs/micro_ros_msgs_s__rosidl_typesupport_c.so[0m
[7.653s] [ 98%] [32m[1mLinking C shared module rosidl_generator_py/micro_ros_msgs/micro_ros_msgs_s__rosidl_typesupport_fastrtps_c.so[0m
[7.658s] [100%] [32m[1mLinking C shared module rosidl_generator_py/micro_ros_msgs/micro_ros_msgs_s__rosidl_typesupport_introspection_c.so[0m
[7.740s] [100%] Built target micro_ros_msgs_s__rosidl_typesupport_c
[7.749s] [100%] Built target micro_ros_msgs_s__rosidl_typesupport_introspection_c
[7.749s] [100%] Built target micro_ros_msgs_s__rosidl_typesupport_fastrtps_c
[7.761s] Invoked command in '/home/lucca/WORK-2026/ros2_ws/build/micro_ros_msgs' returned '0': CMAKE_PREFIX_PATH=${CMAKE_PREFIX_PATH}:/opt/ros/jazzy /usr/bin/cmake --build /home/lucca/WORK-2026/ros2_ws/build/micro_ros_msgs -- -j8 -l8
[7.771s] Invoking command in '/home/lucca/WORK-2026/ros2_ws/build/micro_ros_msgs': CMAKE_PREFIX_PATH=${CMAKE_PREFIX_PATH}:/opt/ros/jazzy /usr/bin/cmake --install /home/lucca/WORK-2026/ros2_ws/build/micro_ros_msgs
[7.778s] -- Install configuration: ""
[7.779s] -- Installing: /home/lucca/WORK-2026/ros2_ws/install/micro_ros_msgs/share/ament_index/resource_index/rosidl_interfaces/micro_ros_msgs
[7.779s] -- Installing: /home/lucca/WORK-2026/ros2_ws/install/micro_ros_msgs/share/micro_ros_msgs/msg/Graph.json
[7.780s] -- Installing: /home/lucca/WORK-2026/ros2_ws/install/micro_ros_msgs/share/micro_ros_msgs/msg/Node.json
[7.780s] -- Installing: /home/lucca/WORK-2026/ros2_ws/install/micro_ros_msgs/share/micro_ros_msgs/msg/Entity.json
[7.780s] -- Installing: /home/lucca/WORK-2026/ros2_ws/install/micro_ros_msgs/include/micro_ros_msgs/micro_ros_msgs
[7.780s] -- Installing: /home/lucca/WORK-2026/ros2_ws/install/micro_ros_msgs/include/micro_ros_msgs/micro_ros_msgs/msg
[7.780s] -- Installing: /home/lucca/WORK-2026/ros2_ws/install/micro_ros_msgs/include/micro_ros_msgs/micro_ros_msgs/msg/node.h
[7.780s] -- Installing: /home/lucca/WORK-2026/ros2_ws/install/micro_ros_msgs/include/micro_ros_msgs/micro_ros_msgs/msg/graph.h
[7.781s] -- Installing: /home/lucca/WORK-2026/ros2_ws/install/micro_ros_msgs/include/micro_ros_msgs/micro_ros_msgs/msg/entity.h
[7.781s] -- Installing: /home/lucca/WORK-2026/ros2_ws/install/micro_ros_msgs/include/micro_ros_msgs/micro_ros_msgs/msg/rosidl_generator_c__visibility_control.h
[7.781s] -- Installing: /home/lucca/WORK-2026/ros2_ws/install/micro_ros_msgs/include/micro_ros_msgs/micro_ros_msgs/msg/detail
[7.781s] -- Installing: /home/lucca/WORK-2026/ros2_ws/install/micro_ros_msgs/include/micro_ros_msgs/micro_ros_msgs/msg/detail/entity__struct.h
[7.781s] -- Installing: /home/lucca/WORK-2026/ros2_ws/install/micro_ros_msgs/include/micro_ros_msgs/micro_ros_msgs/msg/detail/entity__functions.h
[7.781s] -- Installing: /home/lucca/WORK-2026/ros2_ws/install/micro_ros_msgs/include/micro_ros_msgs/micro_ros_msgs/msg/detail/graph__struct.h
[7.782s] -- Installing: /home/lucca/WORK-2026/ros2_ws/install/micro_ros_msgs/include/micro_ros_msgs/micro_ros_msgs/msg/detail/entity__type_support.c
[7.782s] -- Installing: /home/lucca/WORK-2026/ros2_ws/install/micro_ros_msgs/include/micro_ros_msgs/micro_ros_msgs/msg/detail/graph__type_support.c
[7.782s] -- Installing: /home/lucca/WORK-2026/ros2_ws/install/micro_ros_msgs/include/micro_ros_msgs/micro_ros_msgs/msg/detail/entity__functions.c
[7.782s] -- Installing: /home/lucca/WORK-2026/ros2_ws/install/micro_ros_msgs/include/micro_ros_msgs/micro_ros_msgs/msg/detail/node__struct.h
[7.782s] -- Installing: /home/lucca/WORK-2026/ros2_ws/install/micro_ros_msgs/include/micro_ros_msgs/micro_ros_msgs/msg/detail/node__functions.h
[7.782s] -- Installing: /home/lucca/WORK-2026/ros2_ws/install/micro_ros_msgs/include/micro_ros_msgs/micro_ros_msgs/msg/detail/graph__description.c
[7.783s] -- Installing: /home/lucca/WORK-2026/ros2_ws/install/micro_ros_msgs/include/micro_ros_msgs/micro_ros_msgs/msg/detail/node__functions.c
[7.783s] -- Installing: /home/lucca/WORK-2026/ros2_ws/install/micro_ros_msgs/include/micro_ros_msgs/micro_ros_msgs/msg/detail/graph__functions.c
[7.783s] -- Installing: /home/lucca/WORK-2026/ros2_ws/install/micro_ros_msgs/include/micro_ros_msgs/micro_ros_msgs/msg/detail/graph__functions.h
[7.783s] -- Installing: /home/lucca/WORK-2026/ros2_ws/install/micro_ros_msgs/include/micro_ros_msgs/micro_ros_msgs/msg/detail/graph__type_support.h
[7.783s] -- Installing: /home/lucca/WORK-2026/ros2_ws/install/micro_ros_msgs/include/micro_ros_msgs/micro_ros_msgs/msg/detail/node__type_support.h
[7.783s] -- Installing: /home/lucca/WORK-2026/ros2_ws/install/micro_ros_msgs/include/micro_ros_msgs/micro_ros_msgs/msg/detail/entity__type_support.h
[7.783s] -- Installing: /home/lucca/WORK-2026/ros2_ws/install/micro_ros_msgs/include/micro_ros_msgs/micro_ros_msgs/msg/detail/node__description.c
[7.784s] -- Installing: /home/lucca/WORK-2026/ros2_ws/install/micro_ros_msgs/include/micro_ros_msgs/micro_ros_msgs/msg/detail/entity__description.c
[7.784s] -- Installing: /home/lucca/WORK-2026/ros2_ws/install/micro_ros_msgs/include/micro_ros_msgs/micro_ros_msgs/msg/detail/node__type_support.c
[7.784s] -- Installing: /home/lucca/WORK-2026/ros2_ws/install/micro_ros_msgs/share/micro_ros_msgs/environment/library_path.sh
[7.784s] -- Installing: /home/lucca/WORK-2026/ros2_ws/install/micro_ros_msgs/share/micro_ros_msgs/environment/library_path.dsv
[7.784s] -- Installing: /home/lucca/WORK-2026/ros2_ws/install/micro_ros_msgs/lib/libmicro_ros_msgs__rosidl_generator_c.so
[7.785s] -- Set non-toolchain portion of runtime path of "/home/lucca/WORK-2026/ros2_ws/install/micro_ros_msgs/lib/libmicro_ros_msgs__rosidl_generator_c.so" to ""
[7.785s] -- Up-to-date: /home/lucca/WORK-2026/ros2_ws/install/micro_ros_msgs/include/micro_ros_msgs/micro_ros_msgs
[7.785s] -- Up-to-date: /home/lucca/WORK-2026/ros2_ws/install/micro_ros_msgs/include/micro_ros_msgs/micro_ros_msgs/msg
[7.785s] -- Installing: /home/lucca/WORK-2026/ros2_ws/install/micro_ros_msgs/include/micro_ros_msgs/micro_ros_msgs/msg/rosidl_typesupport_fastrtps_c__visibility_control.h
[7.785s] -- Up-to-date: /home/lucca/WORK-2026/ros2_ws/install/micro_ros_msgs/include/micro_ros_msgs/micro_ros_msgs/msg/detail
[7.785s] -- Installing: /home/lucca/WORK-2026/ros2_ws/install/micro_ros_msgs/include/micro_ros_msgs/micro_ros_msgs/msg/detail/entity__rosidl_typesupport_fastrtps_c.h
[7.785s] -- Installing: /home/lucca/WORK-2026/ros2_ws/install/micro_ros_msgs/include/micro_ros_msgs/micro_ros_msgs/msg/detail/node__rosidl_typesupport_fastrtps_c.h
[7.786s] -- Installing: /home/lucca/WORK-2026/ros2_ws/install/micro_ros_msgs/include/micro_ros_msgs/micro_ros_msgs/msg/detail/graph__rosidl_typesupport_fastrtps_c.h
[7.786s] -- Installing: /home/lucca/WORK-2026/ros2_ws/install/micro_ros_msgs/lib/libmicro_ros_msgs__rosidl_typesupport_fastrtps_c.so
[7.786s] -- Set non-toolchain portion of runtime path of "/home/lucca/WORK-2026/ros2_ws/install/micro_ros_msgs/lib/libmicro_ros_msgs__rosidl_typesupport_fastrtps_c.so" to ""
[7.786s] -- Up-to-date: /home/lucca/WORK-2026/ros2_ws/install/micro_ros_msgs/include/micro_ros_msgs/micro_ros_msgs
[7.787s] -- Up-to-date: /home/lucca/WORK-2026/ros2_ws/install/micro_ros_msgs/include/micro_ros_msgs/micro_ros_msgs/msg
[7.787s] -- Installing: /home/lucca/WORK-2026/ros2_ws/install/micro_ros_msgs/include/micro_ros_msgs/micro_ros_msgs/msg/rosidl_typesupport_introspection_c__visibility_control.h
[7.787s] -- Up-to-date: /home/lucca/WORK-2026/ros2_ws/install/micro_ros_msgs/include/micro_ros_msgs/micro_ros_msgs/msg/detail
[7.787s] -- Up-to-date: /home/lucca/WORK-2026/ros2_ws/install/micro_ros_msgs/include/micro_ros_msgs/micro_ros_msgs/msg/detail/entity__type_support.c
[7.787s] -- Up-to-date: /home/lucca/WORK-2026/ros2_ws/install/micro_ros_msgs/include/micro_ros_msgs/micro_ros_msgs/msg/detail/graph__type_support.c
[7.788s] -- Installing: /home/lucca/WORK-2026/ros2_ws/install/micro_ros_msgs/include/micro_ros_msgs/micro_ros_msgs/msg/detail/entity__rosidl_typesupport_introspection_c.h
[7.788s] -- Installing: /home/lucca/WORK-2026/ros2_ws/install/micro_ros_msgs/include/micro_ros_msgs/micro_ros_msgs/msg/detail/graph__rosidl_typesupport_introspection_c.h
[7.788s] -- Installing: /home/lucca/WORK-2026/ros2_ws/install/micro_ros_msgs/include/micro_ros_msgs/micro_ros_msgs/msg/detail/node__rosidl_typesupport_introspection_c.h
[7.788s] -- Up-to-date: /home/lucca/WORK-2026/ros2_ws/install/micro_ros_msgs/include/micro_ros_msgs/micro_ros_msgs/msg/detail/node__type_support.c
[7.789s] -- Installing: /home/lucca/WORK-2026/ros2_ws/install/micro_ros_msgs/lib/libmicro_ros_msgs__rosidl_typesupport_introspection_c.so
[7.789s] -- Set non-toolchain portion of runtime path of "/home/lucca/WORK-2026/ros2_ws/install/micro_ros_msgs/lib/libmicro_ros_msgs__rosidl_typesupport_introspection_c.so" to ""
[7.789s] -- Installing: /home/lucca/WORK-2026/ros2_ws/install/micro_ros_msgs/lib/libmicro_ros_msgs__rosidl_typesupport_c.so
[7.789s] -- Set non-toolchain portion of runtime path of "/home/lucca/WORK-2026/ros2_ws/install/micro_ros_msgs/lib/libmicro_ros_msgs__rosidl_typesupport_c.so" to ""
[7.789s] -- Up-to-date: /home/lucca/WORK-2026/ros2_ws/install/micro_ros_msgs/include/micro_ros_msgs/micro_ros_msgs
[7.789s] -- Up-to-date: /home/lucca/WORK-2026/ros2_ws/install/micro_ros_msgs/include/micro_ros_msgs/micro_ros_msgs/msg
[7.790s] -- Installing: /home/lucca/WORK-2026/ros2_ws/install/micro_ros_msgs/include/micro_ros_msgs/micro_ros_msgs/msg/node.hpp
[7.790s] -- Installing: /home/lucca/WORK-2026/ros2_ws/install/micro_ros_msgs/include/micro_ros_msgs/micro_ros_msgs/msg/rosidl_generator_cpp__visibility_control.hpp
[7.790s] -- Installing: /home/lucca/WORK-2026/ros2_ws/install/micro_ros_msgs/include/micro_ros_msgs/micro_ros_msgs/msg/graph.hpp
[7.790s] -- Installing: /home/lucca/WORK-2026/ros2_ws/install/micro_ros_msgs/include/micro_ros_msgs/micro_ros_msgs/msg/entity.hpp
[7.790s] -- Up-to-date: /home/lucca/WORK-2026/ros2_ws/install/micro_ros_msgs/include/micro_ros_msgs/micro_ros_msgs/msg/detail
[7.791s] -- Installing: /home/lucca/WORK-2026/ros2_ws/install/micro_ros_msgs/include/micro_ros_msgs/micro_ros_msgs/msg/detail/graph__traits.hpp
[7.791s] -- Installing: /home/lucca/WORK-2026/ros2_ws/install/micro_ros_msgs/include/micro_ros_msgs/micro_ros_msgs/msg/detail/graph__struct.hpp
[7.791s] -- Installing: /home/lucca/WORK-2026/ros2_ws/install/micro_ros_msgs/include/micro_ros_msgs/micro_ros_msgs/msg/detail/entity__builder.hpp
[7.791s] -- Installing: /home/lucca/WORK-2026/ros2_ws/install/micro_ros_msgs/include/micro_ros_msgs/micro_ros_msgs/msg/detail/node__traits.hpp
[7.791s] -- Installing: /home/lucca/WORK-2026/ros2_ws/install/micro_ros_msgs/include/micro_ros_msgs/micro_ros_msgs/msg/detail/entity__struct.hpp
[7.792s] -- Installing: /home/lucca/WORK-2026/ros2_ws/install/micro_ros_msgs/include/micro_ros_msgs/micro_ros_msgs/msg/detail/entity__traits.hpp
[7.792s] -- Installing: /home/lucca/WORK-2026/ros2_ws/install/micro_ros_msgs/include/micro_ros_msgs/micro_ros_msgs/msg/detail/node__struct.hpp
[7.792s] -- Installing: /home/lucca/WORK-2026/ros2_ws/install/micro_ros_msgs/include/micro_ros_msgs/micro_ros_msgs/msg/detail/graph__builder.hpp
[7.792s] -- Installing: /home/lucca/WORK-2026/ros2_ws/install/micro_ros_msgs/include/micro_ros_msgs/micro_ros_msgs/msg/detail/graph__type_support.hpp
[7.792s] -- Installing: /home/lucca/WORK-2026/ros2_ws/install/micro_ros_msgs/include/micro_ros_msgs/micro_ros_msgs/msg/detail/node__builder.hpp
[7.792s] -- Installing: /home/lucca/WORK-2026/ros2_ws/install/micro_ros_msgs/include/micro_ros_msgs/micro_ros_msgs/msg/detail/entity__type_support.hpp
[7.793s] -- Installing: /home/lucca/WORK-2026/ros2_ws/install/micro_ros_msgs/include/micro_ros_msgs/micro_ros_msgs/msg/detail/node__type_support.hpp
[7.793s] -- Up-to-date: /home/lucca/WORK-2026/ros2_ws/install/micro_ros_msgs/include/micro_ros_msgs/micro_ros_msgs
[7.793s] -- Up-to-date: /home/lucca/WORK-2026/ros2_ws/install/micro_ros_msgs/include/micro_ros_msgs/micro_ros_msgs/msg
[7.793s] -- Installing: /home/lucca/WORK-2026/ros2_ws/install/micro_ros_msgs/include/micro_ros_msgs/micro_ros_msgs/msg/rosidl_typesupport_fastrtps_cpp__visibility_control.h
[7.793s] -- Up-to-date: /home/lucca/WORK-2026/ros2_ws/install/micro_ros_msgs/include/micro_ros_msgs/micro_ros_msgs/msg/detail
[7.793s] -- Installing: /home/lucca/WORK-2026/ros2_ws/install/micro_ros_msgs/include/micro_ros_msgs/micro_ros_msgs/msg/detail/graph__rosidl_typesupport_fastrtps_cpp.hpp
[7.794s] -- Installing: /home/lucca/WORK-2026/ros2_ws/install/micro_ros_msgs/include/micro_ros_msgs/micro_ros_msgs/msg/detail/entity__rosidl_typesupport_fastrtps_cpp.hpp
[7.794s] -- Installing: /home/lucca/WORK-2026/ros2_ws/install/micro_ros_msgs/include/micro_ros_msgs/micro_ros_msgs/msg/detail/dds_fastrtps
[7.794s] -- Installing: /home/lucca/WORK-2026/ros2_ws/install/micro_ros_msgs/include/micro_ros_msgs/micro_ros_msgs/msg/detail/node__rosidl_typesupport_fastrtps_cpp.hpp
[7.794s] -- Installing: /home/lucca/WORK-2026/ros2_ws/install/micro_ros_msgs/lib/libmicro_ros_msgs__rosidl_typesupport_fastrtps_cpp.so
[7.794s] -- Set non-toolchain portion of runtime path of "/home/lucca/WORK-2026/ros2_ws/install/micro_ros_msgs/lib/libmicro_ros_msgs__rosidl_typesupport_fastrtps_cpp.so" to ""
[7.795s] -- Up-to-date: /home/lucca/WORK-2026/ros2_ws/install/micro_ros_msgs/include/micro_ros_msgs/micro_ros_msgs
[7.795s] -- Up-to-date: /home/lucca/WORK-2026/ros2_ws/install/micro_ros_msgs/include/micro_ros_msgs/micro_ros_msgs/msg
[7.795s] -- Up-to-date: /home/lucca/WORK-2026/ros2_ws/install/micro_ros_msgs/include/micro_ros_msgs/micro_ros_msgs/msg/detail
[7.795s] -- Installing: /home/lucca/WORK-2026/ros2_ws/install/micro_ros_msgs/include/micro_ros_msgs/micro_ros_msgs/msg/detail/node__type_support.cpp
[7.795s] -- Installing: /home/lucca/WORK-2026/ros2_ws/install/micro_ros_msgs/include/micro_ros_msgs/micro_ros_msgs/msg/detail/entity__rosidl_typesupport_introspection_cpp.hpp
[7.795s] -- Installing: /home/lucca/WORK-2026/ros2_ws/install/micro_ros_msgs/include/micro_ros_msgs/micro_ros_msgs/msg/detail/graph__rosidl_typesupport_introspection_cpp.hpp
[7.796s] -- Installing: /home/lucca/WORK-2026/ros2_ws/install/micro_ros_msgs/include/micro_ros_msgs/micro_ros_msgs/msg/detail/graph__type_support.cpp
[7.796s] -- Installing: /home/lucca/WORK-2026/ros2_ws/install/micro_ros_msgs/include/micro_ros_msgs/micro_ros_msgs/msg/detail/entity__type_support.cpp
[7.796s] -- Installing: /home/lucca/WORK-2026/ros2_ws/install/micro_ros_msgs/include/micro_ros_msgs/micro_ros_msgs/msg/detail/node__rosidl_typesupport_introspection_cpp.hpp
[7.796s] -- Installing: /home/lucca/WORK-2026/ros2_ws/install/micro_ros_msgs/lib/libmicro_ros_msgs__rosidl_typesupport_introspection_cpp.so
[7.796s] -- Set non-toolchain portion of runtime path of "/home/lucca/WORK-2026/ros2_ws/install/micro_ros_msgs/lib/libmicro_ros_msgs__rosidl_typesupport_introspection_cpp.so" to ""
[7.796s] -- Installing: /home/lucca/WORK-2026/ros2_ws/install/micro_ros_msgs/lib/libmicro_ros_msgs__rosidl_typesupport_cpp.so
[7.796s] -- Set non-toolchain portion of runtime path of "/home/lucca/WORK-2026/ros2_ws/install/micro_ros_msgs/lib/libmicro_ros_msgs__rosidl_typesupport_cpp.so" to ""
[7.796s] -- Installing: /home/lucca/WORK-2026/ros2_ws/install/micro_ros_msgs/share/micro_ros_msgs/environment/pythonpath.sh
[7.797s] -- Installing: /home/lucca/WORK-2026/ros2_ws/install/micro_ros_msgs/share/micro_ros_msgs/environment/pythonpath.dsv
[7.797s] -- Installing: /home/lucca/WORK-2026/ros2_ws/install/micro_ros_msgs/lib/python3.12/site-packages/micro_ros_msgs-5.0.2-py3.12.egg-info
[7.797s] -- Installing: /home/lucca/WORK-2026/ros2_ws/install/micro_ros_msgs/lib/python3.12/site-packages/micro_ros_msgs-5.0.2-py3.12.egg-info/top_level.txt
[7.797s] -- Installing: /home/lucca/WORK-2026/ros2_ws/install/micro_ros_msgs/lib/python3.12/site-packages/micro_ros_msgs-5.0.2-py3.12.egg-info/PKG-INFO
[7.797s] -- Installing: /home/lucca/WORK-2026/ros2_ws/install/micro_ros_msgs/lib/python3.12/site-packages/micro_ros_msgs-5.0.2-py3.12.egg-info/SOURCES.txt
[7.797s] -- Installing: /home/lucca/WORK-2026/ros2_ws/install/micro_ros_msgs/lib/python3.12/site-packages/micro_ros_msgs-5.0.2-py3.12.egg-info/dependency_links.txt
[7.797s] -- Installing: /home/lucca/WORK-2026/ros2_ws/install/micro_ros_msgs/lib/python3.12/site-packages/micro_ros_msgs
[7.797s] -- Installing: /home/lucca/WORK-2026/ros2_ws/install/micro_ros_msgs/lib/python3.12/site-packages/micro_ros_msgs/__init__.py
[7.797s] -- Installing: /home/lucca/WORK-2026/ros2_ws/install/micro_ros_msgs/lib/python3.12/site-packages/micro_ros_msgs/_micro_ros_msgs_s.ep.rosidl_typesupport_fastrtps_c.c
[7.797s] -- Installing: /home/lucca/WORK-2026/ros2_ws/install/micro_ros_msgs/lib/python3.12/site-packages/micro_ros_msgs/micro_ros_msgs_s__rosidl_typesupport_fastrtps_c.so
[7.797s] -- Installing: /home/lucca/WORK-2026/ros2_ws/install/micro_ros_msgs/lib/python3.12/site-packages/micro_ros_msgs/micro_ros_msgs_s__rosidl_typesupport_c.so
[7.797s] -- Installing: /home/lucca/WORK-2026/ros2_ws/install/micro_ros_msgs/lib/python3.12/site-packages/micro_ros_msgs/_micro_ros_msgs_s.ep.rosidl_typesupport_introspection_c.c
[7.797s] -- Installing: /home/lucca/WORK-2026/ros2_ws/install/micro_ros_msgs/lib/python3.12/site-packages/micro_ros_msgs/msg
[7.797s] -- Installing: /home/lucca/WORK-2026/ros2_ws/install/micro_ros_msgs/lib/python3.12/site-packages/micro_ros_msgs/msg/__init__.py
[7.797s] -- Installing: /home/lucca/WORK-2026/ros2_ws/install/micro_ros_msgs/lib/python3.12/site-packages/micro_ros_msgs/msg/_node.py
[7.797s] -- Installing: /home/lucca/WORK-2026/ros2_ws/install/micro_ros_msgs/lib/python3.12/site-packages/micro_ros_msgs/msg/_graph_s.c
[7.797s] -- Installing: /home/lucca/WORK-2026/ros2_ws/install/micro_ros_msgs/lib/python3.12/site-packages/micro_ros_msgs/msg/_graph.py
[7.797s] -- Installing: /home/lucca/WORK-2026/ros2_ws/install/micro_ros_msgs/lib/python3.12/site-packages/micro_ros_msgs/msg/_node_s.c
[7.797s] -- Installing: /home/lucca/WORK-2026/ros2_ws/install/micro_ros_msgs/lib/python3.12/site-packages/micro_ros_msgs/msg/_entity_s.c
[7.798s] -- Installing: /home/lucca/WORK-2026/ros2_ws/install/micro_ros_msgs/lib/python3.12/site-packages/micro_ros_msgs/msg/_entity.py
[7.798s] -- Installing: /home/lucca/WORK-2026/ros2_ws/install/micro_ros_msgs/lib/python3.12/site-packages/micro_ros_msgs/micro_ros_msgs_s__rosidl_typesupport_introspection_c.so
[7.798s] -- Installing: /home/lucca/WORK-2026/ros2_ws/install/micro_ros_msgs/lib/python3.12/site-packages/micro_ros_msgs/_micro_ros_msgs_s.ep.rosidl_typesupport_c.c
[7.831s] Listing '/home/lucca/WORK-2026/ros2_ws/install/micro_ros_msgs/lib/python3.12/site-packages/micro_ros_msgs'...
[7.831s] Compiling '/home/lucca/WORK-2026/ros2_ws/install/micro_ros_msgs/lib/python3.12/site-packages/micro_ros_msgs/__init__.py'...
[7.831s] Listing '/home/lucca/WORK-2026/ros2_ws/install/micro_ros_msgs/lib/python3.12/site-packages/micro_ros_msgs/msg'...
[7.831s] Compiling '/home/lucca/WORK-2026/ros2_ws/install/micro_ros_msgs/lib/python3.12/site-packages/micro_ros_msgs/msg/__init__.py'...
[7.831s] Compiling '/home/lucca/WORK-2026/ros2_ws/install/micro_ros_msgs/lib/python3.12/site-packages/micro_ros_msgs/msg/_entity.py'...
[7.831s] Compiling '/home/lucca/WORK-2026/ros2_ws/install/micro_ros_msgs/lib/python3.12/site-packages/micro_ros_msgs/msg/_graph.py'...
[7.831s] Compiling '/home/lucca/WORK-2026/ros2_ws/install/micro_ros_msgs/lib/python3.12/site-packages/micro_ros_msgs/msg/_node.py'...
[7.836s] -- Installing: /home/lucca/WORK-2026/ros2_ws/install/micro_ros_msgs/lib/python3.12/site-packages/micro_ros_msgs/micro_ros_msgs_s__rosidl_typesupport_fastrtps_c.so
[7.836s] -- Set non-toolchain portion of runtime path of "/home/lucca/WORK-2026/ros2_ws/install/micro_ros_msgs/lib/python3.12/site-packages/micro_ros_msgs/micro_ros_msgs_s__rosidl_typesupport_fastrtps_c.so" to ""
[7.836s] -- Installing: /home/lucca/WORK-2026/ros2_ws/install/micro_ros_msgs/lib/python3.12/site-packages/micro_ros_msgs/micro_ros_msgs_s__rosidl_typesupport_introspection_c.so
[7.836s] -- Set non-toolchain portion of runtime path of "/home/lucca/WORK-2026/ros2_ws/install/micro_ros_msgs/lib/python3.12/site-packages/micro_ros_msgs/micro_ros_msgs_s__rosidl_typesupport_introspection_c.so" to ""
[7.836s] -- Installing: /home/lucca/WORK-2026/ros2_ws/install/micro_ros_msgs/lib/python3.12/site-packages/micro_ros_msgs/micro_ros_msgs_s__rosidl_typesupport_c.so
[7.836s] -- Set non-toolchain portion of runtime path of "/home/lucca/WORK-2026/ros2_ws/install/micro_ros_msgs/lib/python3.12/site-packages/micro_ros_msgs/micro_ros_msgs_s__rosidl_typesupport_c.so" to ""
[7.836s] -- Installing: /home/lucca/WORK-2026/ros2_ws/install/micro_ros_msgs/lib/libmicro_ros_msgs__rosidl_generator_py.so
[7.837s] -- Set non-toolchain portion of runtime path of "/home/lucca/WORK-2026/ros2_ws/install/micro_ros_msgs/lib/libmicro_ros_msgs__rosidl_generator_py.so" to ""
[7.837s] -- Installing: /home/lucca/WORK-2026/ros2_ws/install/micro_ros_msgs/share/micro_ros_msgs/msg/Graph.idl
[7.837s] -- Installing: /home/lucca/WORK-2026/ros2_ws/install/micro_ros_msgs/share/micro_ros_msgs/msg/Node.idl
[7.837s] -- Installing: /home/lucca/WORK-2026/ros2_ws/install/micro_ros_msgs/share/micro_ros_msgs/msg/Entity.idl
[7.838s] -- Installing: /home/lucca/WORK-2026/ros2_ws/install/micro_ros_msgs/share/micro_ros_msgs/msg/Graph.msg
[7.838s] -- Installing: /home/lucca/WORK-2026/ros2_ws/install/micro_ros_msgs/share/micro_ros_msgs/msg/Node.msg
[7.838s] -- Installing: /home/lucca/WORK-2026/ros2_ws/install/micro_ros_msgs/share/micro_ros_msgs/msg/Entity.msg
[7.838s] -- Installing: /home/lucca/WORK-2026/ros2_ws/install/micro_ros_msgs/share/ament_index/resource_index/package_run_dependencies/micro_ros_msgs
[7.838s] -- Installing: /home/lucca/WORK-2026/ros2_ws/install/micro_ros_msgs/share/ament_index/resource_index/parent_prefix_path/micro_ros_msgs
[7.839s] -- Installing: /home/lucca/WORK-2026/ros2_ws/install/micro_ros_msgs/share/micro_ros_msgs/environment/ament_prefix_path.sh
[7.839s] -- Installing: /home/lucca/WORK-2026/ros2_ws/install/micro_ros_msgs/share/micro_ros_msgs/environment/ament_prefix_path.dsv
[7.839s] -- Installing: /home/lucca/WORK-2026/ros2_ws/install/micro_ros_msgs/share/micro_ros_msgs/environment/path.sh
[7.839s] -- Installing: /home/lucca/WORK-2026/ros2_ws/install/micro_ros_msgs/share/micro_ros_msgs/environment/path.dsv
[7.839s] -- Installing: /home/lucca/WORK-2026/ros2_ws/install/micro_ros_msgs/share/micro_ros_msgs/local_setup.bash
[7.839s] -- Installing: /home/lucca/WORK-2026/ros2_ws/install/micro_ros_msgs/share/micro_ros_msgs/local_setup.sh
[7.840s] -- Installing: /home/lucca/WORK-2026/ros2_ws/install/micro_ros_msgs/share/micro_ros_msgs/local_setup.zsh
[7.840s] -- Installing: /home/lucca/WORK-2026/ros2_ws/install/micro_ros_msgs/share/micro_ros_msgs/local_setup.dsv
[7.840s] -- Installing: /home/lucca/WORK-2026/ros2_ws/install/micro_ros_msgs/share/micro_ros_msgs/package.dsv
[7.840s] -- Installing: /home/lucca/WORK-2026/ros2_ws/install/micro_ros_msgs/share/ament_index/resource_index/packages/micro_ros_msgs
[7.840s] -- Installing: /home/lucca/WORK-2026/ros2_ws/install/micro_ros_msgs/share/micro_ros_msgs/cmake/export_micro_ros_msgs__rosidl_generator_cExport.cmake
[7.841s] -- Installing: /home/lucca/WORK-2026/ros2_ws/install/micro_ros_msgs/share/micro_ros_msgs/cmake/export_micro_ros_msgs__rosidl_generator_cExport-noconfig.cmake
[7.841s] -- Installing: /home/lucca/WORK-2026/ros2_ws/install/micro_ros_msgs/share/micro_ros_msgs/cmake/export_micro_ros_msgs__rosidl_typesupport_fastrtps_cExport.cmake
[7.841s] -- Installing: /home/lucca/WORK-2026/ros2_ws/install/micro_ros_msgs/share/micro_ros_msgs/cmake/export_micro_ros_msgs__rosidl_typesupport_fastrtps_cExport-noconfig.cmake
[7.841s] -- Installing: /home/lucca/WORK-2026/ros2_ws/install/micro_ros_msgs/share/micro_ros_msgs/cmake/micro_ros_msgs__rosidl_typesupport_introspection_cExport.cmake
[7.841s] -- Installing: /home/lucca/WORK-2026/ros2_ws/install/micro_ros_msgs/share/micro_ros_msgs/cmake/micro_ros_msgs__rosidl_typesupport_introspection_cExport-noconfig.cmake
[7.842s] -- Installing: /home/lucca/WORK-2026/ros2_ws/install/micro_ros_msgs/share/micro_ros_msgs/cmake/micro_ros_msgs__rosidl_typesupport_cExport.cmake
[7.842s] -- Installing: /home/lucca/WORK-2026/ros2_ws/install/micro_ros_msgs/share/micro_ros_msgs/cmake/micro_ros_msgs__rosidl_typesupport_cExport-noconfig.cmake
[7.842s] -- Installing: /home/lucca/WORK-2026/ros2_ws/install/micro_ros_msgs/share/micro_ros_msgs/cmake/export_micro_ros_msgs__rosidl_generator_cppExport.cmake
[7.842s] -- Installing: /home/lucca/WORK-2026/ros2_ws/install/micro_ros_msgs/share/micro_ros_msgs/cmake/export_micro_ros_msgs__rosidl_typesupport_fastrtps_cppExport.cmake
[7.842s] -- Installing: /home/lucca/WORK-2026/ros2_ws/install/micro_ros_msgs/share/micro_ros_msgs/cmake/export_micro_ros_msgs__rosidl_typesupport_fastrtps_cppExport-noconfig.cmake
[7.842s] -- Installing: /home/lucca/WORK-2026/ros2_ws/install/micro_ros_msgs/share/micro_ros_msgs/cmake/micro_ros_msgs__rosidl_typesupport_introspection_cppExport.cmake
[7.842s] -- Installing: /home/lucca/WORK-2026/ros2_ws/install/micro_ros_msgs/share/micro_ros_msgs/cmake/micro_ros_msgs__rosidl_typesupport_introspection_cppExport-noconfig.cmake
[7.843s] -- Installing: /home/lucca/WORK-2026/ros2_ws/install/micro_ros_msgs/share/micro_ros_msgs/cmake/micro_ros_msgs__rosidl_typesupport_cppExport.cmake
[7.843s] -- Installing: /home/lucca/WORK-2026/ros2_ws/install/micro_ros_msgs/share/micro_ros_msgs/cmake/micro_ros_msgs__rosidl_typesupport_cppExport-noconfig.cmake
[7.843s] -- Installing: /home/lucca/WORK-2026/ros2_ws/install/micro_ros_msgs/share/micro_ros_msgs/cmake/export_micro_ros_msgs__rosidl_generator_pyExport.cmake
[7.843s] -- Installing: /home/lucca/WORK-2026/ros2_ws/install/micro_ros_msgs/share/micro_ros_msgs/cmake/export_micro_ros_msgs__rosidl_generator_pyExport-noconfig.cmake
[7.843s] -- Installing: /home/lucca/WORK-2026/ros2_ws/install/micro_ros_msgs/share/micro_ros_msgs/cmake/rosidl_cmake-extras.cmake
[7.843s] -- Installing: /home/lucca/WORK-2026/ros2_ws/install/micro_ros_msgs/share/micro_ros_msgs/cmake/ament_cmake_export_include_directories-extras.cmake
[7.844s] -- Installing: /home/lucca/WORK-2026/ros2_ws/install/micro_ros_msgs/share/micro_ros_msgs/cmake/ament_cmake_export_libraries-extras.cmake
[7.844s] -- Installing: /home/lucca/WORK-2026/ros2_ws/install/micro_ros_msgs/share/micro_ros_msgs/cmake/ament_cmake_export_targets-extras.cmake
[7.844s] -- Installing: /home/lucca/WORK-2026/ros2_ws/install/micro_ros_msgs/share/micro_ros_msgs/cmake/rosidl_cmake_export_typesupport_targets-extras.cmake
[7.844s] -- Installing: /home/lucca/WORK-2026/ros2_ws/install/micro_ros_msgs/share/micro_ros_msgs/cmake/ament_cmake_export_dependencies-extras.cmake
[7.844s] -- Installing: /home/lucca/WORK-2026/ros2_ws/install/micro_ros_msgs/share/micro_ros_msgs/cmake/rosidl_cmake_export_typesupport_libraries-extras.cmake
[7.844s] -- Installing: /home/lucca/WORK-2026/ros2_ws/install/micro_ros_msgs/share/micro_ros_msgs/cmake/micro_ros_msgsConfig.cmake
[7.844s] -- Installing: /home/lucca/WORK-2026/ros2_ws/install/micro_ros_msgs/share/micro_ros_msgs/cmake/micro_ros_msgsConfig-version.cmake
[7.844s] -- Installing: /home/lucca/WORK-2026/ros2_ws/install/micro_ros_msgs/share/micro_ros_msgs/package.xml
[7.846s] Invoked command in '/home/lucca/WORK-2026/ros2_ws/build/micro_ros_msgs' returned '0': CMAKE_PREFIX_PATH=${CMAKE_PREFIX_PATH}:/opt/ros/jazzy /usr/bin/cmake --install /home/lucca/WORK-2026/ros2_ws/build/micro_ros_msgs
