[0.040s] Invoking command in '/home/enzo/droid/WORK-2026/work_ws/src/build/rf2o_laser_odometry': CMAKE_PREFIX_PATH=${CMAKE_PREFIX_PATH}:/home/enzo/droid/WORK-2026/work_ws/install/robot_odometry:/opt/ros/jazzy DEBUGINFOD_URLS=https://debuginfod.ubuntu.com /usr/bin/cmake --build /home/enzo/droid/WORK-2026/work_ws/src/build/rf2o_laser_odometry -- -j8 -l8
[0.435s] [ 40%] Built target rf2o_laser_odometry
[0.435s] [100%] Built target rf2o_laser_odometry_node
[0.439s] Invoked command in '/home/enzo/droid/WORK-2026/work_ws/src/build/rf2o_laser_odometry' returned '0': CMAKE_PREFIX_PATH=${CMAKE_PREFIX_PATH}:/home/enzo/droid/WORK-2026/work_ws/install/robot_odometry:/opt/ros/jazzy DEBUGINFOD_URLS=https://debuginfod.ubuntu.com /usr/bin/cmake --build /home/enzo/droid/WORK-2026/work_ws/src/build/rf2o_laser_odometry -- -j8 -l8
[0.479s] Invoking command in '/home/enzo/droid/WORK-2026/work_ws/src/build/rf2o_laser_odometry': CMAKE_PREFIX_PATH=${CMAKE_PREFIX_PATH}:/home/enzo/droid/WORK-2026/work_ws/install/robot_odometry:/opt/ros/jazzy DEBUGINFOD_URLS=https://debuginfod.ubuntu.com /usr/bin/cmake --install /home/enzo/droid/WORK-2026/work_ws/src/build/rf2o_laser_odometry
[0.515s] -- Install configuration: ""
[0.516s] -- Execute custom install script
[0.517s] -- Up-to-date symlink: /home/enzo/droid/WORK-2026/work_ws/src/install/rf2o_laser_odometry/lib/rf2o_laser_odometry/rf2o_laser_odometry_node
[0.521s] -- Up-to-date symlink: /home/enzo/droid/WORK-2026/work_ws/src/install/rf2o_laser_odometry/share/rf2o_laser_odometry/launch/rf2o_laser_odometry.launch.py
[0.522s] -- Up-to-date symlink: /home/enzo/droid/WORK-2026/work_ws/src/install/rf2o_laser_odometry/share/ament_index/resource_index/package_run_dependencies/rf2o_laser_odometry
[0.523s] -- Up-to-date symlink: /home/enzo/droid/WORK-2026/work_ws/src/install/rf2o_laser_odometry/share/ament_index/resource_index/parent_prefix_path/rf2o_laser_odometry
[0.525s] -- Up-to-date symlink: /home/enzo/droid/WORK-2026/work_ws/src/install/rf2o_laser_odometry/share/rf2o_laser_odometry/environment/ament_prefix_path.sh
[0.527s] -- Up-to-date symlink: /home/enzo/droid/WORK-2026/work_ws/src/install/rf2o_laser_odometry/share/rf2o_laser_odometry/environment/ament_prefix_path.dsv
[0.527s] -- Up-to-date symlink: /home/enzo/droid/WORK-2026/work_ws/src/install/rf2o_laser_odometry/share/rf2o_laser_odometry/environment/path.sh
[0.529s] -- Up-to-date symlink: /home/enzo/droid/WORK-2026/work_ws/src/install/rf2o_laser_odometry/share/rf2o_laser_odometry/environment/path.dsv
[0.529s] -- Up-to-date symlink: /home/enzo/droid/WORK-2026/work_ws/src/install/rf2o_laser_odometry/share/rf2o_laser_odometry/local_setup.bash
[0.530s] -- Up-to-date symlink: /home/enzo/droid/WORK-2026/work_ws/src/install/rf2o_laser_odometry/share/rf2o_laser_odometry/local_setup.sh
[0.531s] -- Up-to-date symlink: /home/enzo/droid/WORK-2026/work_ws/src/install/rf2o_laser_odometry/share/rf2o_laser_odometry/local_setup.zsh
[0.532s] -- Up-to-date symlink: /home/enzo/droid/WORK-2026/work_ws/src/install/rf2o_laser_odometry/share/rf2o_laser_odometry/local_setup.dsv
[0.532s] -- Symlinking: /home/enzo/droid/WORK-2026/work_ws/src/install/rf2o_laser_odometry/share/rf2o_laser_odometry/package.dsv
[0.577s] -- Up-to-date symlink: /home/enzo/droid/WORK-2026/work_ws/src/install/rf2o_laser_odometry/share/ament_index/resource_index/packages/rf2o_laser_odometry
[0.578s] -- Up-to-date symlink: /home/enzo/droid/WORK-2026/work_ws/src/install/rf2o_laser_odometry/share/rf2o_laser_odometry/cmake/rf2o_laser_odometryConfig.cmake
[0.579s] -- Up-to-date symlink: /home/enzo/droid/WORK-2026/work_ws/src/install/rf2o_laser_odometry/share/rf2o_laser_odometry/cmake/rf2o_laser_odometryConfig-version.cmake
[0.580s] -- Up-to-date symlink: /home/enzo/droid/WORK-2026/work_ws/src/install/rf2o_laser_odometry/share/rf2o_laser_odometry/package.xml
[0.586s] Invoked command in '/home/enzo/droid/WORK-2026/work_ws/src/build/rf2o_laser_odometry' returned '0': CMAKE_PREFIX_PATH=${CMAKE_PREFIX_PATH}:/home/enzo/droid/WORK-2026/work_ws/install/robot_odometry:/opt/ros/jazzy DEBUGINFOD_URLS=https://debuginfod.ubuntu.com /usr/bin/cmake --install /home/enzo/droid/WORK-2026/work_ws/src/build/rf2o_laser_odometry
