[0.032s] Invoking command in '/home/enzo/droid/WORK-2026/work_ws/src/build/rf2o_laser_odometry': CMAKE_PREFIX_PATH=${CMAKE_PREFIX_PATH}:/home/enzo/droid/WORK-2026/work_ws/src/install/robot_odometry:/home/enzo/droid/WORK-2026/work_ws/install/robot_odometry:/opt/ros/jazzy DEBUGINFOD_URLS=https://debuginfod.ubuntu.com /usr/bin/cmake /home/enzo/droid/WORK-2026/work_ws/src/rf2o_laser_odometry -DAMENT_CMAKE_SYMLINK_INSTALL=1 -DCMAKE_INSTALL_PREFIX=/home/enzo/droid/WORK-2026/work_ws/src/install/rf2o_laser_odometry
[0.306s] -- The C compiler identification is GNU 13.3.0
[0.308s] -- The CXX compiler identification is GNU 13.3.0
[0.309s] -- Detecting C compiler ABI info
[0.360s] -- Detecting C compiler ABI info - done
[0.378s] -- Check for working C compiler: /usr/bin/cc - skipped
[0.378s] -- Detecting C compile features
[0.379s] -- Detecting C compile features - done
[0.394s] -- Detecting CXX compiler ABI info
[0.614s] -- Detecting CXX compiler ABI info - done
[0.631s] -- Check for working CXX compiler: /usr/bin/c++ - skipped
[0.632s] -- Detecting CXX compile features
[0.632s] -- Detecting CXX compile features - done
[0.643s] -- Found ament_cmake: 2.5.6 (/opt/ros/jazzy/share/ament_cmake/cmake)
[0.922s] -- Found Python3: /usr/bin/python3 (found version "3.12.3") found components: Interpreter 
[1.046s] -- Override CMake install command with custom implementation using symlinks instead of copying resources
[1.125s] -- Found rclcpp: 28.1.18 (/opt/ros/jazzy/share/rclcpp/cmake)
[1.235s] -- Found rosidl_generator_c: 4.6.7 (/opt/ros/jazzy/share/rosidl_generator_c/cmake)
[1.262s] -- Found rosidl_generator_cpp: 4.6.7 (/opt/ros/jazzy/share/rosidl_generator_cpp/cmake)
[1.290s] -- Using all available rosidl_typesupport_c: rosidl_typesupport_fastrtps_c;rosidl_typesupport_introspection_c
[1.336s] -- Using all available rosidl_typesupport_cpp: rosidl_typesupport_fastrtps_cpp;rosidl_typesupport_introspection_cpp
[1.533s] -- Found rmw_implementation_cmake: 7.3.3 (/opt/ros/jazzy/share/rmw_implementation_cmake/cmake)
[1.542s] -- Found rmw_fastrtps_cpp: 8.4.3 (/opt/ros/jazzy/share/rmw_fastrtps_cpp/cmake)
[1.694s] -- Found OpenSSL: /usr/lib/x86_64-linux-gnu/libcrypto.so (found version "3.0.13")  
[1.723s] -- Found FastRTPS: /opt/ros/jazzy/include (Required is at least version "2.13") 
[1.767s] -- Using RMW implementation 'rmw_fastrtps_cpp' as default
[1.888s] -- Found std_msgs: 5.3.7 (/opt/ros/jazzy/share/std_msgs/cmake)
[1.910s] -- Found geometry_msgs: 5.3.7 (/opt/ros/jazzy/share/geometry_msgs/cmake)
[1.934s] -- Found tf2_geometry_msgs: 0.36.20 (/opt/ros/jazzy/share/tf2_geometry_msgs/cmake)
[1.970s] -- Found eigen3_cmake_module: 0.3.0 (/opt/ros/jazzy/share/eigen3_cmake_module/cmake)
[1.973s] -- Found Eigen3: TRUE (found version "3.4.0") 
[1.973s] -- Ensuring Eigen3 include directory is part of orocos-kdl CMake target
[2.374s] -- Found sensor_msgs: 5.3.7 (/opt/ros/jazzy/share/sensor_msgs/cmake)
[2.446s] -- Found nav_msgs: 5.3.7 (/opt/ros/jazzy/share/nav_msgs/cmake)
[2.588s] -- Found Boost: /usr/lib/x86_64-linux-gnu/cmake/Boost-1.83.0/BoostConfig.cmake (found version "1.83.0")  
[2.895s] -- Configuring done (2.8s)
[3.052s] -- Generating done (0.1s)
[3.074s] -- Build files have been written to: /home/enzo/droid/WORK-2026/work_ws/src/build/rf2o_laser_odometry
[3.118s] Invoked command in '/home/enzo/droid/WORK-2026/work_ws/src/build/rf2o_laser_odometry' returned '0': CMAKE_PREFIX_PATH=${CMAKE_PREFIX_PATH}:/home/enzo/droid/WORK-2026/work_ws/src/install/robot_odometry:/home/enzo/droid/WORK-2026/work_ws/install/robot_odometry:/opt/ros/jazzy DEBUGINFOD_URLS=https://debuginfod.ubuntu.com /usr/bin/cmake /home/enzo/droid/WORK-2026/work_ws/src/rf2o_laser_odometry -DAMENT_CMAKE_SYMLINK_INSTALL=1 -DCMAKE_INSTALL_PREFIX=/home/enzo/droid/WORK-2026/work_ws/src/install/rf2o_laser_odometry
[3.123s] Invoking command in '/home/enzo/droid/WORK-2026/work_ws/src/build/rf2o_laser_odometry': CMAKE_PREFIX_PATH=${CMAKE_PREFIX_PATH}:/home/enzo/droid/WORK-2026/work_ws/src/install/robot_odometry:/home/enzo/droid/WORK-2026/work_ws/install/robot_odometry:/opt/ros/jazzy DEBUGINFOD_URLS=https://debuginfod.ubuntu.com /usr/bin/cmake --build /home/enzo/droid/WORK-2026/work_ws/src/build/rf2o_laser_odometry -- -j8 -l8
[3.315s] [ 20%] [32mBuilding CXX object CMakeFiles/rf2o_laser_odometry_node.dir/src/CLaserOdometry2D.cpp.o[0m
[3.323s] [ 40%] [32mBuilding CXX object CMakeFiles/rf2o_laser_odometry_node.dir/src/CLaserOdometry2DNode.cpp.o[0m
[3.348s] [ 60%] [32mBuilding CXX object CMakeFiles/rf2o_laser_odometry.dir/src/CLaserOdometry2D.cpp.o[0m
[33.159s] [ 80%] [32m[1mLinking CXX executable rf2o_laser_odometry_node[0m
[33.681s] [100%] [32m[1mLinking CXX static library librf2o_laser_odometry.a[0m
[34.084s] [100%] Built target rf2o_laser_odometry
[34.741s] [100%] Built target rf2o_laser_odometry_node
[34.772s] Invoked command in '/home/enzo/droid/WORK-2026/work_ws/src/build/rf2o_laser_odometry' returned '0': CMAKE_PREFIX_PATH=${CMAKE_PREFIX_PATH}:/home/enzo/droid/WORK-2026/work_ws/src/install/robot_odometry:/home/enzo/droid/WORK-2026/work_ws/install/robot_odometry:/opt/ros/jazzy DEBUGINFOD_URLS=https://debuginfod.ubuntu.com /usr/bin/cmake --build /home/enzo/droid/WORK-2026/work_ws/src/build/rf2o_laser_odometry -- -j8 -l8
[34.774s] Invoking command in '/home/enzo/droid/WORK-2026/work_ws/src/build/rf2o_laser_odometry': CMAKE_PREFIX_PATH=${CMAKE_PREFIX_PATH}:/home/enzo/droid/WORK-2026/work_ws/src/install/robot_odometry:/home/enzo/droid/WORK-2026/work_ws/install/robot_odometry:/opt/ros/jazzy DEBUGINFOD_URLS=https://debuginfod.ubuntu.com /usr/bin/cmake --install /home/enzo/droid/WORK-2026/work_ws/src/build/rf2o_laser_odometry
[34.786s] -- Install configuration: ""
[34.787s] -- Execute custom install script
[34.789s] -- Symlinking: /home/enzo/droid/WORK-2026/work_ws/src/install/rf2o_laser_odometry/lib/rf2o_laser_odometry/rf2o_laser_odometry_node
[34.804s] -- Symlinking: /home/enzo/droid/WORK-2026/work_ws/src/install/rf2o_laser_odometry/share/rf2o_laser_odometry/launch/rf2o_laser_odometry.launch.py
[34.816s] -- Symlinking: /home/enzo/droid/WORK-2026/work_ws/src/install/rf2o_laser_odometry/share/ament_index/resource_index/package_run_dependencies/rf2o_laser_odometry
[34.829s] -- Symlinking: /home/enzo/droid/WORK-2026/work_ws/src/install/rf2o_laser_odometry/share/ament_index/resource_index/parent_prefix_path/rf2o_laser_odometry
[34.841s] -- Symlinking: /home/enzo/droid/WORK-2026/work_ws/src/install/rf2o_laser_odometry/share/rf2o_laser_odometry/environment/ament_prefix_path.sh
[34.855s] -- Symlinking: /home/enzo/droid/WORK-2026/work_ws/src/install/rf2o_laser_odometry/share/rf2o_laser_odometry/environment/ament_prefix_path.dsv
[34.871s] -- Symlinking: /home/enzo/droid/WORK-2026/work_ws/src/install/rf2o_laser_odometry/share/rf2o_laser_odometry/environment/path.sh
[34.883s] -- Symlinking: /home/enzo/droid/WORK-2026/work_ws/src/install/rf2o_laser_odometry/share/rf2o_laser_odometry/environment/path.dsv
[34.894s] -- Symlinking: /home/enzo/droid/WORK-2026/work_ws/src/install/rf2o_laser_odometry/share/rf2o_laser_odometry/local_setup.bash
[34.908s] -- Symlinking: /home/enzo/droid/WORK-2026/work_ws/src/install/rf2o_laser_odometry/share/rf2o_laser_odometry/local_setup.sh
[34.919s] -- Symlinking: /home/enzo/droid/WORK-2026/work_ws/src/install/rf2o_laser_odometry/share/rf2o_laser_odometry/local_setup.zsh
[34.930s] -- Symlinking: /home/enzo/droid/WORK-2026/work_ws/src/install/rf2o_laser_odometry/share/rf2o_laser_odometry/local_setup.dsv
[34.944s] -- Symlinking: /home/enzo/droid/WORK-2026/work_ws/src/install/rf2o_laser_odometry/share/rf2o_laser_odometry/package.dsv
[34.957s] -- Symlinking: /home/enzo/droid/WORK-2026/work_ws/src/install/rf2o_laser_odometry/share/ament_index/resource_index/packages/rf2o_laser_odometry
[34.970s] -- Symlinking: /home/enzo/droid/WORK-2026/work_ws/src/install/rf2o_laser_odometry/share/rf2o_laser_odometry/cmake/rf2o_laser_odometryConfig.cmake
[34.982s] -- Symlinking: /home/enzo/droid/WORK-2026/work_ws/src/install/rf2o_laser_odometry/share/rf2o_laser_odometry/cmake/rf2o_laser_odometryConfig-version.cmake
[34.993s] -- Symlinking: /home/enzo/droid/WORK-2026/work_ws/src/install/rf2o_laser_odometry/share/rf2o_laser_odometry/package.xml
[35.026s] Invoked command in '/home/enzo/droid/WORK-2026/work_ws/src/build/rf2o_laser_odometry' returned '0': CMAKE_PREFIX_PATH=${CMAKE_PREFIX_PATH}:/home/enzo/droid/WORK-2026/work_ws/src/install/robot_odometry:/home/enzo/droid/WORK-2026/work_ws/install/robot_odometry:/opt/ros/jazzy DEBUGINFOD_URLS=https://debuginfod.ubuntu.com /usr/bin/cmake --install /home/enzo/droid/WORK-2026/work_ws/src/build/rf2o_laser_odometry
