[0.637s] Invoking command in '/home/enzo/droid/WORK-2026/work_ws/src/robot_odometry': DEBUGINFOD_URLS=https://debuginfod.ubuntu.com PYTHONPATH=/home/enzo/droid/WORK-2026/work_ws/build/robot_odometry/prefix_override:/usr/lib/python3/dist-packages/colcon_core/task/python/colcon_distutils_commands:/home/enzo/droid/WORK-2026/work_ws/install/robot_odometry/lib/python3.12/site-packages:${PYTHONPATH} /usr/bin/python3 -W ignore:setup.py install is deprecated -W ignore:easy_install command is deprecated setup.py egg_info --egg-base ../../build/robot_odometry build --build-base /home/enzo/droid/WORK-2026/work_ws/build/robot_odometry/build install --record /home/enzo/droid/WORK-2026/work_ws/build/robot_odometry/install.log --single-version-externally-managed install_data
[0.808s] running egg_info
[0.808s] creating ../../build/robot_odometry/robot_odometry.egg-info
[0.819s] writing ../../build/robot_odometry/robot_odometry.egg-info/PKG-INFO
[0.820s] writing dependency_links to ../../build/robot_odometry/robot_odometry.egg-info/dependency_links.txt
[0.820s] writing entry points to ../../build/robot_odometry/robot_odometry.egg-info/entry_points.txt
[0.820s] writing requirements to ../../build/robot_odometry/robot_odometry.egg-info/requires.txt
[0.820s] writing top-level names to ../../build/robot_odometry/robot_odometry.egg-info/top_level.txt
[0.820s] writing manifest file '../../build/robot_odometry/robot_odometry.egg-info/SOURCES.txt'
[0.843s] reading manifest file '../../build/robot_odometry/robot_odometry.egg-info/SOURCES.txt'
[0.844s] writing manifest file '../../build/robot_odometry/robot_odometry.egg-info/SOURCES.txt'
[0.844s] running build
[0.844s] running build_py
[0.844s] creating /home/enzo/droid/WORK-2026/work_ws/build/robot_odometry/build
[0.844s] creating /home/enzo/droid/WORK-2026/work_ws/build/robot_odometry/build/lib
[0.845s] creating /home/enzo/droid/WORK-2026/work_ws/build/robot_odometry/build/lib/robot_odometry
[0.845s] copying robot_odometry/__init__.py -> /home/enzo/droid/WORK-2026/work_ws/build/robot_odometry/build/lib/robot_odometry
[0.845s] copying robot_odometry/odom_node.py -> /home/enzo/droid/WORK-2026/work_ws/build/robot_odometry/build/lib/robot_odometry
[0.853s] copying robot_odometry/py.typed -> /home/enzo/droid/WORK-2026/work_ws/build/robot_odometry/build/lib/robot_odometry
[0.853s] running install
[0.857s] running install_lib
[0.869s] creating /home/enzo/droid/WORK-2026/work_ws/install/robot_odometry/lib/python3.12/site-packages/robot_odometry
[0.869s] copying /home/enzo/droid/WORK-2026/work_ws/build/robot_odometry/build/lib/robot_odometry/__init__.py -> /home/enzo/droid/WORK-2026/work_ws/install/robot_odometry/lib/python3.12/site-packages/robot_odometry
[0.869s] copying /home/enzo/droid/WORK-2026/work_ws/build/robot_odometry/build/lib/robot_odometry/py.typed -> /home/enzo/droid/WORK-2026/work_ws/install/robot_odometry/lib/python3.12/site-packages/robot_odometry
[0.869s] copying /home/enzo/droid/WORK-2026/work_ws/build/robot_odometry/build/lib/robot_odometry/odom_node.py -> /home/enzo/droid/WORK-2026/work_ws/install/robot_odometry/lib/python3.12/site-packages/robot_odometry
[0.869s] byte-compiling /home/enzo/droid/WORK-2026/work_ws/install/robot_odometry/lib/python3.12/site-packages/robot_odometry/__init__.py to __init__.cpython-312.pyc
[0.869s] byte-compiling /home/enzo/droid/WORK-2026/work_ws/install/robot_odometry/lib/python3.12/site-packages/robot_odometry/odom_node.py to odom_node.cpython-312.pyc
[0.870s] running install_data
[0.870s] creating /home/enzo/droid/WORK-2026/work_ws/install/robot_odometry/share/ament_index
[0.870s] creating /home/enzo/droid/WORK-2026/work_ws/install/robot_odometry/share/ament_index/resource_index
[0.870s] creating /home/enzo/droid/WORK-2026/work_ws/install/robot_odometry/share/ament_index/resource_index/packages
[0.870s] copying resource/robot_odometry -> /home/enzo/droid/WORK-2026/work_ws/install/robot_odometry/share/ament_index/resource_index/packages
[0.870s] copying package.xml -> /home/enzo/droid/WORK-2026/work_ws/install/robot_odometry/share/robot_odometry
[0.871s] running install_egg_info
[0.883s] Copying ../../build/robot_odometry/robot_odometry.egg-info to /home/enzo/droid/WORK-2026/work_ws/install/robot_odometry/lib/python3.12/site-packages/robot_odometry-0.0.0-py3.12.egg-info
[0.883s] running install_scripts
[0.963s] Installing odom_node script to /home/enzo/droid/WORK-2026/work_ws/install/robot_odometry/lib/robot_odometry
[0.963s] writing list of installed files to '/home/enzo/droid/WORK-2026/work_ws/build/robot_odometry/install.log'
[0.990s] Invoked command in '/home/enzo/droid/WORK-2026/work_ws/src/robot_odometry' returned '0': DEBUGINFOD_URLS=https://debuginfod.ubuntu.com PYTHONPATH=/home/enzo/droid/WORK-2026/work_ws/build/robot_odometry/prefix_override:/usr/lib/python3/dist-packages/colcon_core/task/python/colcon_distutils_commands:/home/enzo/droid/WORK-2026/work_ws/install/robot_odometry/lib/python3.12/site-packages:${PYTHONPATH} /usr/bin/python3 -W ignore:setup.py install is deprecated -W ignore:easy_install command is deprecated setup.py egg_info --egg-base ../../build/robot_odometry build --build-base /home/enzo/droid/WORK-2026/work_ws/build/robot_odometry/build install --record /home/enzo/droid/WORK-2026/work_ws/build/robot_odometry/install.log --single-version-externally-managed install_data
