[1.274s] Invoking command in '/home/enzo/droid/WORK-2026/work_ws/build/robot_odometry': DEBUGINFOD_URLS=https://debuginfod.ubuntu.com PYTHONPATH=/home/enzo/droid/WORK-2026/work_ws/build/robot_odometry/prefix_override:/usr/lib/python3/dist-packages/colcon_core/task/python/colcon_distutils_commands:/home/enzo/droid/WORK-2026/work_ws/install/robot_odometry/lib/python3.12/site-packages:${PYTHONPATH} /usr/bin/python3 -W ignore:setup.py install is deprecated -W ignore:easy_install command is deprecated setup.py develop --uninstall --editable --build-directory /home/enzo/droid/WORK-2026/work_ws/build/robot_odometry/build
[1.627s] running develop
[1.854s] Removing /home/enzo/droid/WORK-2026/work_ws/install/robot_odometry/lib/python3.12/site-packages/robot-odometry.egg-link (link to .)
[1.901s] Invoked command in '/home/enzo/droid/WORK-2026/work_ws/build/robot_odometry' returned '0': DEBUGINFOD_URLS=https://debuginfod.ubuntu.com PYTHONPATH=/home/enzo/droid/WORK-2026/work_ws/build/robot_odometry/prefix_override:/usr/lib/python3/dist-packages/colcon_core/task/python/colcon_distutils_commands:/home/enzo/droid/WORK-2026/work_ws/install/robot_odometry/lib/python3.12/site-packages:${PYTHONPATH} /usr/bin/python3 -W ignore:setup.py install is deprecated -W ignore:easy_install command is deprecated setup.py develop --uninstall --editable --build-directory /home/enzo/droid/WORK-2026/work_ws/build/robot_odometry/build
[1.903s] Invoking command in '/home/enzo/droid/WORK-2026/work_ws/src/robot_odometry': DEBUGINFOD_URLS=https://debuginfod.ubuntu.com PYTHONPATH=/home/enzo/droid/WORK-2026/work_ws/build/robot_odometry/prefix_override:/usr/lib/python3/dist-packages/colcon_core/task/python/colcon_distutils_commands:/home/enzo/droid/WORK-2026/work_ws/install/robot_odometry/lib/python3.12/site-packages:${PYTHONPATH} /usr/bin/python3 -W ignore:setup.py install is deprecated -W ignore:easy_install command is deprecated setup.py egg_info --egg-base ../../build/robot_odometry build --build-base /home/enzo/droid/WORK-2026/work_ws/build/robot_odometry/build install --record /home/enzo/droid/WORK-2026/work_ws/build/robot_odometry/install.log --single-version-externally-managed install_data --force
[2.232s] running egg_info
[2.254s] writing ../../build/robot_odometry/robot_odometry.egg-info/PKG-INFO
[2.254s] writing dependency_links to ../../build/robot_odometry/robot_odometry.egg-info/dependency_links.txt
[2.254s] writing entry points to ../../build/robot_odometry/robot_odometry.egg-info/entry_points.txt
[2.254s] writing requirements to ../../build/robot_odometry/robot_odometry.egg-info/requires.txt
[2.254s] writing top-level names to ../../build/robot_odometry/robot_odometry.egg-info/top_level.txt
[2.297s] reading manifest file '../../build/robot_odometry/robot_odometry.egg-info/SOURCES.txt'
[2.298s] writing manifest file '../../build/robot_odometry/robot_odometry.egg-info/SOURCES.txt'
[2.298s] running build
[2.298s] running build_py
[2.298s] copying robot_odometry/odom_node.py -> /home/enzo/droid/WORK-2026/work_ws/build/robot_odometry/build/lib/robot_odometry
[2.299s] running install
[2.307s] running install_lib
[2.328s] creating /home/enzo/droid/WORK-2026/work_ws/install/robot_odometry/lib/python3.12/site-packages/robot_odometry
[2.329s] copying /home/enzo/droid/WORK-2026/work_ws/build/robot_odometry/build/lib/robot_odometry/__init__.py -> /home/enzo/droid/WORK-2026/work_ws/install/robot_odometry/lib/python3.12/site-packages/robot_odometry
[2.329s] copying /home/enzo/droid/WORK-2026/work_ws/build/robot_odometry/build/lib/robot_odometry/py.typed -> /home/enzo/droid/WORK-2026/work_ws/install/robot_odometry/lib/python3.12/site-packages/robot_odometry
[2.329s] copying /home/enzo/droid/WORK-2026/work_ws/build/robot_odometry/build/lib/robot_odometry/odom_node.py -> /home/enzo/droid/WORK-2026/work_ws/install/robot_odometry/lib/python3.12/site-packages/robot_odometry
[2.329s] byte-compiling /home/enzo/droid/WORK-2026/work_ws/install/robot_odometry/lib/python3.12/site-packages/robot_odometry/__init__.py to __init__.cpython-312.pyc
[2.330s] byte-compiling /home/enzo/droid/WORK-2026/work_ws/install/robot_odometry/lib/python3.12/site-packages/robot_odometry/odom_node.py to odom_node.cpython-312.pyc
[2.331s] running install_data
[2.331s] copying resource/robot_odometry -> /home/enzo/droid/WORK-2026/work_ws/install/robot_odometry/share/ament_index/resource_index/packages
[2.331s] copying package.xml -> /home/enzo/droid/WORK-2026/work_ws/install/robot_odometry/share/robot_odometry
[2.331s] copying launch/odom.launch.py -> /home/enzo/droid/WORK-2026/work_ws/install/robot_odometry/share/robot_odometry/launch
[2.332s] running install_egg_info
[2.355s] Copying ../../build/robot_odometry/robot_odometry.egg-info to /home/enzo/droid/WORK-2026/work_ws/install/robot_odometry/lib/python3.12/site-packages/robot_odometry-0.0.0-py3.12.egg-info
[2.356s] running install_scripts
[2.502s] Installing odom_node script to /home/enzo/droid/WORK-2026/work_ws/install/robot_odometry/lib/robot_odometry
[2.503s] writing list of installed files to '/home/enzo/droid/WORK-2026/work_ws/build/robot_odometry/install.log'
[2.557s] Invoked command in '/home/enzo/droid/WORK-2026/work_ws/src/robot_odometry' returned '0': DEBUGINFOD_URLS=https://debuginfod.ubuntu.com PYTHONPATH=/home/enzo/droid/WORK-2026/work_ws/build/robot_odometry/prefix_override:/usr/lib/python3/dist-packages/colcon_core/task/python/colcon_distutils_commands:/home/enzo/droid/WORK-2026/work_ws/install/robot_odometry/lib/python3.12/site-packages:${PYTHONPATH} /usr/bin/python3 -W ignore:setup.py install is deprecated -W ignore:easy_install command is deprecated setup.py egg_info --egg-base ../../build/robot_odometry build --build-base /home/enzo/droid/WORK-2026/work_ws/build/robot_odometry/build install --record /home/enzo/droid/WORK-2026/work_ws/build/robot_odometry/install.log --single-version-externally-managed install_data --force
