[0.130s] DEBUG:colcon:Command line arguments: ['/usr/bin/colcon', 'build', '--symlink-install']
[0.130s] DEBUG:colcon:Parsed command line arguments: Namespace(log_base=None, log_level=None, verb_name='build', build_base='build', install_base='install', merge_install=False, symlink_install=True, test_result_base=None, continue_on_error=False, executor='parallel', parallel_workers=8, event_handlers=None, ignore_user_meta=False, metas=['./colcon.meta'], base_paths=['.'], packages_ignore=None, packages_ignore_regex=None, paths=None, packages_up_to=None, packages_up_to_regex=None, packages_above=None, packages_above_and_dependencies=None, packages_above_depth=None, packages_select_by_dep=None, packages_skip_by_dep=None, packages_skip_up_to=None, packages_select_build_failed=False, packages_skip_build_finished=False, packages_select_test_failures=False, packages_skip_test_passed=False, packages_select=None, packages_skip=None, packages_select_regex=None, packages_skip_regex=None, packages_start=None, packages_end=None, allow_overriding=[], cmake_args=None, cmake_target=None, cmake_target_skip_unavailable=False, cmake_clean_cache=False, cmake_clean_first=False, cmake_force_configure=False, ament_cmake_args=None, catkin_cmake_args=None, catkin_skip_building_tests=False, mixin_files=None, mixin=None, verb_parser=<colcon_mixin.mixin.mixin_argument.MixinArgumentDecorator object at 0x79b5ccea4c20>, verb_extension=<colcon_core.verb.build.BuildVerb object at 0x79b5cce77680>, main=<bound method BuildVerb.main of <colcon_core.verb.build.BuildVerb object at 0x79b5cce77680>>, mixin_verb=('build',))
[0.176s] Level 1:colcon.colcon_core.package_discovery:discover_packages(colcon_meta) check parameters
[0.176s] Level 1:colcon.colcon_core.package_discovery:discover_packages(recursive) check parameters
[0.176s] Level 1:colcon.colcon_core.package_discovery:discover_packages(ignore) check parameters
[0.176s] Level 1:colcon.colcon_core.package_discovery:discover_packages(path) check parameters
[0.176s] Level 1:colcon.colcon_core.package_discovery:discover_packages(colcon_meta) discover
[0.177s] Level 1:colcon.colcon_core.package_discovery:discover_packages(recursive) discover
[0.177s] INFO:colcon.colcon_core.package_discovery:Crawling recursively for packages in '/home/enzo/droid/WORK-2026/work_ws'
[0.177s] Level 1:colcon.colcon_core.package_identification:_identify(.) by extensions ['ignore', 'ignore_ament_install']
[0.177s] Level 1:colcon.colcon_core.package_identification:_identify(.) by extension 'ignore'
[0.177s] Level 1:colcon.colcon_core.package_identification:_identify(.) by extension 'ignore_ament_install'
[0.177s] Level 1:colcon.colcon_core.package_identification:_identify(.) by extensions ['colcon_pkg']
[0.177s] Level 1:colcon.colcon_core.package_identification:_identify(.) by extension 'colcon_pkg'
[0.177s] Level 1:colcon.colcon_core.package_identification:_identify(.) by extensions ['colcon_meta']
[0.177s] Level 1:colcon.colcon_core.package_identification:_identify(.) by extension 'colcon_meta'
[0.177s] Level 1:colcon.colcon_core.package_identification:_identify(.) by extensions ['ros']
[0.177s] Level 1:colcon.colcon_core.package_identification:_identify(.) by extension 'ros'
[0.209s] Level 1:colcon.colcon_core.package_identification:_identify(.) by extensions ['cmake', 'python']
[0.209s] Level 1:colcon.colcon_core.package_identification:_identify(.) by extension 'cmake'
[0.209s] Level 1:colcon.colcon_core.package_identification:_identify(.) by extension 'python'
[0.209s] Level 1:colcon.colcon_core.package_identification:_identify(.) by extensions ['python_setup_py']
[0.209s] Level 1:colcon.colcon_core.package_identification:_identify(.) by extension 'python_setup_py'
[0.209s] Level 1:colcon.colcon_core.package_identification:_identify(build) by extensions ['ignore', 'ignore_ament_install']
[0.209s] Level 1:colcon.colcon_core.package_identification:_identify(build) by extension 'ignore'
[0.209s] Level 1:colcon.colcon_core.package_identification:_identify(build) ignored
[0.209s] Level 1:colcon.colcon_core.package_identification:_identify(dev_ws) by extensions ['ignore', 'ignore_ament_install']
[0.209s] Level 1:colcon.colcon_core.package_identification:_identify(dev_ws) by extension 'ignore'
[0.210s] Level 1:colcon.colcon_core.package_identification:_identify(dev_ws) by extension 'ignore_ament_install'
[0.210s] Level 1:colcon.colcon_core.package_identification:_identify(dev_ws) by extensions ['colcon_pkg']
[0.210s] Level 1:colcon.colcon_core.package_identification:_identify(dev_ws) by extension 'colcon_pkg'
[0.210s] Level 1:colcon.colcon_core.package_identification:_identify(dev_ws) by extensions ['colcon_meta']
[0.210s] Level 1:colcon.colcon_core.package_identification:_identify(dev_ws) by extension 'colcon_meta'
[0.210s] Level 1:colcon.colcon_core.package_identification:_identify(dev_ws) by extensions ['ros']
[0.210s] Level 1:colcon.colcon_core.package_identification:_identify(dev_ws) by extension 'ros'
[0.210s] Level 1:colcon.colcon_core.package_identification:_identify(dev_ws) by extensions ['cmake', 'python']
[0.210s] Level 1:colcon.colcon_core.package_identification:_identify(dev_ws) by extension 'cmake'
[0.210s] Level 1:colcon.colcon_core.package_identification:_identify(dev_ws) by extension 'python'
[0.210s] Level 1:colcon.colcon_core.package_identification:_identify(dev_ws) by extensions ['python_setup_py']
[0.210s] Level 1:colcon.colcon_core.package_identification:_identify(dev_ws) by extension 'python_setup_py'
[0.210s] Level 1:colcon.colcon_core.package_identification:_identify(dev_ws/build) by extensions ['ignore', 'ignore_ament_install']
[0.210s] Level 1:colcon.colcon_core.package_identification:_identify(dev_ws/build) by extension 'ignore'
[0.210s] Level 1:colcon.colcon_core.package_identification:_identify(dev_ws/build) ignored
[0.210s] Level 1:colcon.colcon_core.package_identification:_identify(dev_ws/install) by extensions ['ignore', 'ignore_ament_install']
[0.211s] Level 1:colcon.colcon_core.package_identification:_identify(dev_ws/install) by extension 'ignore'
[0.211s] Level 1:colcon.colcon_core.package_identification:_identify(dev_ws/install) ignored
[0.211s] Level 1:colcon.colcon_core.package_identification:_identify(dev_ws/log) by extensions ['ignore', 'ignore_ament_install']
[0.211s] Level 1:colcon.colcon_core.package_identification:_identify(dev_ws/log) by extension 'ignore'
[0.211s] Level 1:colcon.colcon_core.package_identification:_identify(dev_ws/log) ignored
[0.211s] Level 1:colcon.colcon_core.package_identification:_identify(dev_ws/src) by extensions ['ignore', 'ignore_ament_install']
[0.211s] Level 1:colcon.colcon_core.package_identification:_identify(dev_ws/src) by extension 'ignore'
[0.211s] Level 1:colcon.colcon_core.package_identification:_identify(dev_ws/src) by extension 'ignore_ament_install'
[0.211s] Level 1:colcon.colcon_core.package_identification:_identify(dev_ws/src) by extensions ['colcon_pkg']
[0.211s] Level 1:colcon.colcon_core.package_identification:_identify(dev_ws/src) by extension 'colcon_pkg'
[0.211s] Level 1:colcon.colcon_core.package_identification:_identify(dev_ws/src) by extensions ['colcon_meta']
[0.211s] Level 1:colcon.colcon_core.package_identification:_identify(dev_ws/src) by extension 'colcon_meta'
[0.211s] Level 1:colcon.colcon_core.package_identification:_identify(dev_ws/src) by extensions ['ros']
[0.212s] Level 1:colcon.colcon_core.package_identification:_identify(dev_ws/src) by extension 'ros'
[0.212s] Level 1:colcon.colcon_core.package_identification:_identify(dev_ws/src) by extensions ['cmake', 'python']
[0.212s] Level 1:colcon.colcon_core.package_identification:_identify(dev_ws/src) by extension 'cmake'
[0.212s] Level 1:colcon.colcon_core.package_identification:_identify(dev_ws/src) by extension 'python'
[0.212s] Level 1:colcon.colcon_core.package_identification:_identify(dev_ws/src) by extensions ['python_setup_py']
[0.212s] Level 1:colcon.colcon_core.package_identification:_identify(dev_ws/src) by extension 'python_setup_py'
[0.212s] Level 1:colcon.colcon_core.package_identification:_identify(dev_ws/src/salamander_bot) by extensions ['ignore', 'ignore_ament_install']
[0.212s] Level 1:colcon.colcon_core.package_identification:_identify(dev_ws/src/salamander_bot) by extension 'ignore'
[0.212s] Level 1:colcon.colcon_core.package_identification:_identify(dev_ws/src/salamander_bot) by extension 'ignore_ament_install'
[0.212s] Level 1:colcon.colcon_core.package_identification:_identify(dev_ws/src/salamander_bot) by extensions ['colcon_pkg']
[0.212s] Level 1:colcon.colcon_core.package_identification:_identify(dev_ws/src/salamander_bot) by extension 'colcon_pkg'
[0.212s] Level 1:colcon.colcon_core.package_identification:_identify(dev_ws/src/salamander_bot) by extensions ['colcon_meta']
[0.212s] Level 1:colcon.colcon_core.package_identification:_identify(dev_ws/src/salamander_bot) by extension 'colcon_meta'
[0.212s] Level 1:colcon.colcon_core.package_identification:_identify(dev_ws/src/salamander_bot) by extensions ['ros']
[0.212s] Level 1:colcon.colcon_core.package_identification:_identify(dev_ws/src/salamander_bot) by extension 'ros'
[0.216s] DEBUG:colcon.colcon_core.package_identification:Package 'dev_ws/src/salamander_bot' with type 'ros.ament_cmake' and name 'salamander_bot'
[0.216s] Level 1:colcon.colcon_core.package_identification:_identify(install) by extensions ['ignore', 'ignore_ament_install']
[0.216s] Level 1:colcon.colcon_core.package_identification:_identify(install) by extension 'ignore'
[0.216s] Level 1:colcon.colcon_core.package_identification:_identify(install) ignored
[0.217s] Level 1:colcon.colcon_core.package_identification:_identify(log) by extensions ['ignore', 'ignore_ament_install']
[0.217s] Level 1:colcon.colcon_core.package_identification:_identify(log) by extension 'ignore'
[0.217s] Level 1:colcon.colcon_core.package_identification:_identify(log) ignored
[0.217s] Level 1:colcon.colcon_core.package_identification:_identify(robot_ws) by extensions ['ignore', 'ignore_ament_install']
[0.217s] Level 1:colcon.colcon_core.package_identification:_identify(robot_ws) by extension 'ignore'
[0.217s] Level 1:colcon.colcon_core.package_identification:_identify(robot_ws) by extension 'ignore_ament_install'
[0.217s] Level 1:colcon.colcon_core.package_identification:_identify(robot_ws) by extensions ['colcon_pkg']
[0.217s] Level 1:colcon.colcon_core.package_identification:_identify(robot_ws) by extension 'colcon_pkg'
[0.217s] Level 1:colcon.colcon_core.package_identification:_identify(robot_ws) by extensions ['colcon_meta']
[0.217s] Level 1:colcon.colcon_core.package_identification:_identify(robot_ws) by extension 'colcon_meta'
[0.217s] Level 1:colcon.colcon_core.package_identification:_identify(robot_ws) by extensions ['ros']
[0.217s] Level 1:colcon.colcon_core.package_identification:_identify(robot_ws) by extension 'ros'
[0.218s] Level 1:colcon.colcon_core.package_identification:_identify(robot_ws) by extensions ['cmake', 'python']
[0.218s] Level 1:colcon.colcon_core.package_identification:_identify(robot_ws) by extension 'cmake'
[0.218s] Level 1:colcon.colcon_core.package_identification:_identify(robot_ws) by extension 'python'
[0.218s] Level 1:colcon.colcon_core.package_identification:_identify(robot_ws) by extensions ['python_setup_py']
[0.218s] Level 1:colcon.colcon_core.package_identification:_identify(robot_ws) by extension 'python_setup_py'
[0.218s] Level 1:colcon.colcon_core.package_identification:_identify(robot_ws/src) by extensions ['ignore', 'ignore_ament_install']
[0.218s] Level 1:colcon.colcon_core.package_identification:_identify(robot_ws/src) by extension 'ignore'
[0.218s] Level 1:colcon.colcon_core.package_identification:_identify(robot_ws/src) by extension 'ignore_ament_install'
[0.218s] Level 1:colcon.colcon_core.package_identification:_identify(robot_ws/src) by extensions ['colcon_pkg']
[0.218s] Level 1:colcon.colcon_core.package_identification:_identify(robot_ws/src) by extension 'colcon_pkg'
[0.218s] Level 1:colcon.colcon_core.package_identification:_identify(robot_ws/src) by extensions ['colcon_meta']
[0.218s] Level 1:colcon.colcon_core.package_identification:_identify(robot_ws/src) by extension 'colcon_meta'
[0.218s] Level 1:colcon.colcon_core.package_identification:_identify(robot_ws/src) by extensions ['ros']
[0.218s] Level 1:colcon.colcon_core.package_identification:_identify(robot_ws/src) by extension 'ros'
[0.218s] Level 1:colcon.colcon_core.package_identification:_identify(robot_ws/src) by extensions ['cmake', 'python']
[0.219s] Level 1:colcon.colcon_core.package_identification:_identify(robot_ws/src) by extension 'cmake'
[0.219s] Level 1:colcon.colcon_core.package_identification:_identify(robot_ws/src) by extension 'python'
[0.219s] Level 1:colcon.colcon_core.package_identification:_identify(robot_ws/src) by extensions ['python_setup_py']
[0.219s] Level 1:colcon.colcon_core.package_identification:_identify(robot_ws/src) by extension 'python_setup_py'
[0.219s] Level 1:colcon.colcon_core.package_identification:_identify(scripts) by extensions ['ignore', 'ignore_ament_install']
[0.219s] Level 1:colcon.colcon_core.package_identification:_identify(scripts) by extension 'ignore'
[0.219s] Level 1:colcon.colcon_core.package_identification:_identify(scripts) by extension 'ignore_ament_install'
[0.219s] Level 1:colcon.colcon_core.package_identification:_identify(scripts) by extensions ['colcon_pkg']
[0.219s] Level 1:colcon.colcon_core.package_identification:_identify(scripts) by extension 'colcon_pkg'
[0.219s] Level 1:colcon.colcon_core.package_identification:_identify(scripts) by extensions ['colcon_meta']
[0.219s] Level 1:colcon.colcon_core.package_identification:_identify(scripts) by extension 'colcon_meta'
[0.219s] Level 1:colcon.colcon_core.package_identification:_identify(scripts) by extensions ['ros']
[0.219s] Level 1:colcon.colcon_core.package_identification:_identify(scripts) by extension 'ros'
[0.219s] Level 1:colcon.colcon_core.package_identification:_identify(scripts) by extensions ['cmake', 'python']
[0.219s] Level 1:colcon.colcon_core.package_identification:_identify(scripts) by extension 'cmake'
[0.219s] Level 1:colcon.colcon_core.package_identification:_identify(scripts) by extension 'python'
[0.219s] Level 1:colcon.colcon_core.package_identification:_identify(scripts) by extensions ['python_setup_py']
[0.219s] Level 1:colcon.colcon_core.package_identification:_identify(scripts) by extension 'python_setup_py'
[0.219s] Level 1:colcon.colcon_core.package_identification:_identify(src) by extensions ['ignore', 'ignore_ament_install']
[0.220s] Level 1:colcon.colcon_core.package_identification:_identify(src) by extension 'ignore'
[0.220s] Level 1:colcon.colcon_core.package_identification:_identify(src) by extension 'ignore_ament_install'
[0.220s] Level 1:colcon.colcon_core.package_identification:_identify(src) by extensions ['colcon_pkg']
[0.220s] Level 1:colcon.colcon_core.package_identification:_identify(src) by extension 'colcon_pkg'
[0.220s] Level 1:colcon.colcon_core.package_identification:_identify(src) by extensions ['colcon_meta']
[0.220s] Level 1:colcon.colcon_core.package_identification:_identify(src) by extension 'colcon_meta'
[0.220s] Level 1:colcon.colcon_core.package_identification:_identify(src) by extensions ['ros']
[0.220s] Level 1:colcon.colcon_core.package_identification:_identify(src) by extension 'ros'
[0.220s] Level 1:colcon.colcon_core.package_identification:_identify(src) by extensions ['cmake', 'python']
[0.220s] Level 1:colcon.colcon_core.package_identification:_identify(src) by extension 'cmake'
[0.220s] Level 1:colcon.colcon_core.package_identification:_identify(src) by extension 'python'
[0.220s] Level 1:colcon.colcon_core.package_identification:_identify(src) by extensions ['python_setup_py']
[0.220s] Level 1:colcon.colcon_core.package_identification:_identify(src) by extension 'python_setup_py'
[0.220s] Level 1:colcon.colcon_core.package_identification:_identify(src/robot_bringup) by extensions ['ignore', 'ignore_ament_install']
[0.220s] Level 1:colcon.colcon_core.package_identification:_identify(src/robot_bringup) by extension 'ignore'
[0.220s] Level 1:colcon.colcon_core.package_identification:_identify(src/robot_bringup) by extension 'ignore_ament_install'
[0.220s] Level 1:colcon.colcon_core.package_identification:_identify(src/robot_bringup) by extensions ['colcon_pkg']
[0.221s] Level 1:colcon.colcon_core.package_identification:_identify(src/robot_bringup) by extension 'colcon_pkg'
[0.221s] Level 1:colcon.colcon_core.package_identification:_identify(src/robot_bringup) by extensions ['colcon_meta']
[0.221s] Level 1:colcon.colcon_core.package_identification:_identify(src/robot_bringup) by extension 'colcon_meta'
[0.221s] Level 1:colcon.colcon_core.package_identification:_identify(src/robot_bringup) by extensions ['ros']
[0.221s] Level 1:colcon.colcon_core.package_identification:_identify(src/robot_bringup) by extension 'ros'
[0.221s] Level 1:colcon.colcon_core.package_identification:_identify(src/robot_bringup) by extensions ['cmake', 'python']
[0.221s] Level 1:colcon.colcon_core.package_identification:_identify(src/robot_bringup) by extension 'cmake'
[0.221s] Level 1:colcon.colcon_core.package_identification:_identify(src/robot_bringup) by extension 'python'
[0.221s] Level 1:colcon.colcon_core.package_identification:_identify(src/robot_bringup) by extensions ['python_setup_py']
[0.221s] Level 1:colcon.colcon_core.package_identification:_identify(src/robot_bringup) by extension 'python_setup_py'
[0.221s] Level 1:colcon.colcon_core.package_identification:_identify(src/robot_bringup/config) by extensions ['ignore', 'ignore_ament_install']
[0.221s] Level 1:colcon.colcon_core.package_identification:_identify(src/robot_bringup/config) by extension 'ignore'
[0.221s] Level 1:colcon.colcon_core.package_identification:_identify(src/robot_bringup/config) by extension 'ignore_ament_install'
[0.221s] Level 1:colcon.colcon_core.package_identification:_identify(src/robot_bringup/config) by extensions ['colcon_pkg']
[0.221s] Level 1:colcon.colcon_core.package_identification:_identify(src/robot_bringup/config) by extension 'colcon_pkg'
[0.221s] Level 1:colcon.colcon_core.package_identification:_identify(src/robot_bringup/config) by extensions ['colcon_meta']
[0.221s] Level 1:colcon.colcon_core.package_identification:_identify(src/robot_bringup/config) by extension 'colcon_meta'
[0.221s] Level 1:colcon.colcon_core.package_identification:_identify(src/robot_bringup/config) by extensions ['ros']
[0.221s] Level 1:colcon.colcon_core.package_identification:_identify(src/robot_bringup/config) by extension 'ros'
[0.222s] Level 1:colcon.colcon_core.package_identification:_identify(src/robot_bringup/config) by extensions ['cmake', 'python']
[0.222s] Level 1:colcon.colcon_core.package_identification:_identify(src/robot_bringup/config) by extension 'cmake'
[0.222s] Level 1:colcon.colcon_core.package_identification:_identify(src/robot_bringup/config) by extension 'python'
[0.222s] Level 1:colcon.colcon_core.package_identification:_identify(src/robot_bringup/config) by extensions ['python_setup_py']
[0.222s] Level 1:colcon.colcon_core.package_identification:_identify(src/robot_bringup/config) by extension 'python_setup_py'
[0.222s] Level 1:colcon.colcon_core.package_identification:_identify(src/robot_bringup/launch) by extensions ['ignore', 'ignore_ament_install']
[0.222s] Level 1:colcon.colcon_core.package_identification:_identify(src/robot_bringup/launch) by extension 'ignore'
[0.222s] Level 1:colcon.colcon_core.package_identification:_identify(src/robot_bringup/launch) by extension 'ignore_ament_install'
[0.222s] Level 1:colcon.colcon_core.package_identification:_identify(src/robot_bringup/launch) by extensions ['colcon_pkg']
[0.223s] Level 1:colcon.colcon_core.package_identification:_identify(src/robot_bringup/launch) by extension 'colcon_pkg'
[0.223s] Level 1:colcon.colcon_core.package_identification:_identify(src/robot_bringup/launch) by extensions ['colcon_meta']
[0.223s] Level 1:colcon.colcon_core.package_identification:_identify(src/robot_bringup/launch) by extension 'colcon_meta'
[0.223s] Level 1:colcon.colcon_core.package_identification:_identify(src/robot_bringup/launch) by extensions ['ros']
[0.223s] Level 1:colcon.colcon_core.package_identification:_identify(src/robot_bringup/launch) by extension 'ros'
[0.223s] Level 1:colcon.colcon_core.package_identification:_identify(src/robot_bringup/launch) by extensions ['cmake', 'python']
[0.223s] Level 1:colcon.colcon_core.package_identification:_identify(src/robot_bringup/launch) by extension 'cmake'
[0.223s] Level 1:colcon.colcon_core.package_identification:_identify(src/robot_bringup/launch) by extension 'python'
[0.223s] Level 1:colcon.colcon_core.package_identification:_identify(src/robot_bringup/launch) by extensions ['python_setup_py']
[0.223s] Level 1:colcon.colcon_core.package_identification:_identify(src/robot_bringup/launch) by extension 'python_setup_py'
[0.223s] Level 1:colcon.colcon_core.package_identification:_identify(src/robot_control) by extensions ['ignore', 'ignore_ament_install']
[0.224s] Level 1:colcon.colcon_core.package_identification:_identify(src/robot_control) by extension 'ignore'
[0.224s] Level 1:colcon.colcon_core.package_identification:_identify(src/robot_control) by extension 'ignore_ament_install'
[0.224s] Level 1:colcon.colcon_core.package_identification:_identify(src/robot_control) by extensions ['colcon_pkg']
[0.224s] Level 1:colcon.colcon_core.package_identification:_identify(src/robot_control) by extension 'colcon_pkg'
[0.224s] Level 1:colcon.colcon_core.package_identification:_identify(src/robot_control) by extensions ['colcon_meta']
[0.224s] Level 1:colcon.colcon_core.package_identification:_identify(src/robot_control) by extension 'colcon_meta'
[0.224s] Level 1:colcon.colcon_core.package_identification:_identify(src/robot_control) by extensions ['ros']
[0.224s] Level 1:colcon.colcon_core.package_identification:_identify(src/robot_control) by extension 'ros'
[0.224s] Level 1:colcon.colcon_core.package_identification:_identify(src/robot_control) by extensions ['cmake', 'python']
[0.224s] Level 1:colcon.colcon_core.package_identification:_identify(src/robot_control) by extension 'cmake'
[0.224s] Level 1:colcon.colcon_core.package_identification:_identify(src/robot_control) by extension 'python'
[0.224s] Level 1:colcon.colcon_core.package_identification:_identify(src/robot_control) by extensions ['python_setup_py']
[0.224s] Level 1:colcon.colcon_core.package_identification:_identify(src/robot_control) by extension 'python_setup_py'
[0.224s] Level 1:colcon.colcon_core.package_identification:_identify(src/robot_description) by extensions ['ignore', 'ignore_ament_install']
[0.224s] Level 1:colcon.colcon_core.package_identification:_identify(src/robot_description) by extension 'ignore'
[0.224s] Level 1:colcon.colcon_core.package_identification:_identify(src/robot_description) by extension 'ignore_ament_install'
[0.224s] Level 1:colcon.colcon_core.package_identification:_identify(src/robot_description) by extensions ['colcon_pkg']
[0.224s] Level 1:colcon.colcon_core.package_identification:_identify(src/robot_description) by extension 'colcon_pkg'
[0.225s] Level 1:colcon.colcon_core.package_identification:_identify(src/robot_description) by extensions ['colcon_meta']
[0.225s] Level 1:colcon.colcon_core.package_identification:_identify(src/robot_description) by extension 'colcon_meta'
[0.225s] Level 1:colcon.colcon_core.package_identification:_identify(src/robot_description) by extensions ['ros']
[0.225s] Level 1:colcon.colcon_core.package_identification:_identify(src/robot_description) by extension 'ros'
[0.225s] Level 1:colcon.colcon_core.package_identification:_identify(src/robot_description) by extensions ['cmake', 'python']
[0.225s] Level 1:colcon.colcon_core.package_identification:_identify(src/robot_description) by extension 'cmake'
[0.225s] Level 1:colcon.colcon_core.package_identification:_identify(src/robot_description) by extension 'python'
[0.225s] Level 1:colcon.colcon_core.package_identification:_identify(src/robot_description) by extensions ['python_setup_py']
[0.225s] Level 1:colcon.colcon_core.package_identification:_identify(src/robot_description) by extension 'python_setup_py'
[0.225s] Level 1:colcon.colcon_core.package_identification:_identify(src/robot_description/meshes) by extensions ['ignore', 'ignore_ament_install']
[0.225s] Level 1:colcon.colcon_core.package_identification:_identify(src/robot_description/meshes) by extension 'ignore'
[0.225s] Level 1:colcon.colcon_core.package_identification:_identify(src/robot_description/meshes) by extension 'ignore_ament_install'
[0.225s] Level 1:colcon.colcon_core.package_identification:_identify(src/robot_description/meshes) by extensions ['colcon_pkg']
[0.225s] Level 1:colcon.colcon_core.package_identification:_identify(src/robot_description/meshes) by extension 'colcon_pkg'
[0.225s] Level 1:colcon.colcon_core.package_identification:_identify(src/robot_description/meshes) by extensions ['colcon_meta']
[0.225s] Level 1:colcon.colcon_core.package_identification:_identify(src/robot_description/meshes) by extension 'colcon_meta'
[0.225s] Level 1:colcon.colcon_core.package_identification:_identify(src/robot_description/meshes) by extensions ['ros']
[0.225s] Level 1:colcon.colcon_core.package_identification:_identify(src/robot_description/meshes) by extension 'ros'
[0.225s] Level 1:colcon.colcon_core.package_identification:_identify(src/robot_description/meshes) by extensions ['cmake', 'python']
[0.226s] Level 1:colcon.colcon_core.package_identification:_identify(src/robot_description/meshes) by extension 'cmake'
[0.226s] Level 1:colcon.colcon_core.package_identification:_identify(src/robot_description/meshes) by extension 'python'
[0.226s] Level 1:colcon.colcon_core.package_identification:_identify(src/robot_description/meshes) by extensions ['python_setup_py']
[0.226s] Level 1:colcon.colcon_core.package_identification:_identify(src/robot_description/meshes) by extension 'python_setup_py'
[0.226s] Level 1:colcon.colcon_core.package_identification:_identify(src/robot_description/urdf) by extensions ['ignore', 'ignore_ament_install']
[0.226s] Level 1:colcon.colcon_core.package_identification:_identify(src/robot_description/urdf) by extension 'ignore'
[0.226s] Level 1:colcon.colcon_core.package_identification:_identify(src/robot_description/urdf) by extension 'ignore_ament_install'
[0.226s] Level 1:colcon.colcon_core.package_identification:_identify(src/robot_description/urdf) by extensions ['colcon_pkg']
[0.226s] Level 1:colcon.colcon_core.package_identification:_identify(src/robot_description/urdf) by extension 'colcon_pkg'
[0.226s] Level 1:colcon.colcon_core.package_identification:_identify(src/robot_description/urdf) by extensions ['colcon_meta']
[0.226s] Level 1:colcon.colcon_core.package_identification:_identify(src/robot_description/urdf) by extension 'colcon_meta'
[0.226s] Level 1:colcon.colcon_core.package_identification:_identify(src/robot_description/urdf) by extensions ['ros']
[0.226s] Level 1:colcon.colcon_core.package_identification:_identify(src/robot_description/urdf) by extension 'ros'
[0.226s] Level 1:colcon.colcon_core.package_identification:_identify(src/robot_description/urdf) by extensions ['cmake', 'python']
[0.226s] Level 1:colcon.colcon_core.package_identification:_identify(src/robot_description/urdf) by extension 'cmake'
[0.226s] Level 1:colcon.colcon_core.package_identification:_identify(src/robot_description/urdf) by extension 'python'
[0.226s] Level 1:colcon.colcon_core.package_identification:_identify(src/robot_description/urdf) by extensions ['python_setup_py']
[0.226s] Level 1:colcon.colcon_core.package_identification:_identify(src/robot_description/urdf) by extension 'python_setup_py'
[0.227s] Level 1:colcon.colcon_core.package_identification:_identify(src/robot_interfaces) by extensions ['ignore', 'ignore_ament_install']
[0.227s] Level 1:colcon.colcon_core.package_identification:_identify(src/robot_interfaces) by extension 'ignore'
[0.227s] Level 1:colcon.colcon_core.package_identification:_identify(src/robot_interfaces) by extension 'ignore_ament_install'
[0.227s] Level 1:colcon.colcon_core.package_identification:_identify(src/robot_interfaces) by extensions ['colcon_pkg']
[0.227s] Level 1:colcon.colcon_core.package_identification:_identify(src/robot_interfaces) by extension 'colcon_pkg'
[0.227s] Level 1:colcon.colcon_core.package_identification:_identify(src/robot_interfaces) by extensions ['colcon_meta']
[0.227s] Level 1:colcon.colcon_core.package_identification:_identify(src/robot_interfaces) by extension 'colcon_meta'
[0.227s] Level 1:colcon.colcon_core.package_identification:_identify(src/robot_interfaces) by extensions ['ros']
[0.227s] Level 1:colcon.colcon_core.package_identification:_identify(src/robot_interfaces) by extension 'ros'
[0.227s] Level 1:colcon.colcon_core.package_identification:_identify(src/robot_interfaces) by extensions ['cmake', 'python']
[0.227s] Level 1:colcon.colcon_core.package_identification:_identify(src/robot_interfaces) by extension 'cmake'
[0.227s] Level 1:colcon.colcon_core.package_identification:_identify(src/robot_interfaces) by extension 'python'
[0.227s] Level 1:colcon.colcon_core.package_identification:_identify(src/robot_interfaces) by extensions ['python_setup_py']
[0.227s] Level 1:colcon.colcon_core.package_identification:_identify(src/robot_interfaces) by extension 'python_setup_py'
[0.227s] Level 1:colcon.colcon_core.package_identification:_identify(src/robot_manipulation) by extensions ['ignore', 'ignore_ament_install']
[0.227s] Level 1:colcon.colcon_core.package_identification:_identify(src/robot_manipulation) by extension 'ignore'
[0.227s] Level 1:colcon.colcon_core.package_identification:_identify(src/robot_manipulation) by extension 'ignore_ament_install'
[0.227s] Level 1:colcon.colcon_core.package_identification:_identify(src/robot_manipulation) by extensions ['colcon_pkg']
[0.228s] Level 1:colcon.colcon_core.package_identification:_identify(src/robot_manipulation) by extension 'colcon_pkg'
[0.228s] Level 1:colcon.colcon_core.package_identification:_identify(src/robot_manipulation) by extensions ['colcon_meta']
[0.228s] Level 1:colcon.colcon_core.package_identification:_identify(src/robot_manipulation) by extension 'colcon_meta'
[0.228s] Level 1:colcon.colcon_core.package_identification:_identify(src/robot_manipulation) by extensions ['ros']
[0.228s] Level 1:colcon.colcon_core.package_identification:_identify(src/robot_manipulation) by extension 'ros'
[0.228s] Level 1:colcon.colcon_core.package_identification:_identify(src/robot_manipulation) by extensions ['cmake', 'python']
[0.228s] Level 1:colcon.colcon_core.package_identification:_identify(src/robot_manipulation) by extension 'cmake'
[0.228s] Level 1:colcon.colcon_core.package_identification:_identify(src/robot_manipulation) by extension 'python'
[0.228s] Level 1:colcon.colcon_core.package_identification:_identify(src/robot_manipulation) by extensions ['python_setup_py']
[0.228s] Level 1:colcon.colcon_core.package_identification:_identify(src/robot_manipulation) by extension 'python_setup_py'
[0.228s] Level 1:colcon.colcon_core.package_identification:_identify(src/robot_navigation) by extensions ['ignore', 'ignore_ament_install']
[0.228s] Level 1:colcon.colcon_core.package_identification:_identify(src/robot_navigation) by extension 'ignore'
[0.228s] Level 1:colcon.colcon_core.package_identification:_identify(src/robot_navigation) by extension 'ignore_ament_install'
[0.228s] Level 1:colcon.colcon_core.package_identification:_identify(src/robot_navigation) by extensions ['colcon_pkg']
[0.228s] Level 1:colcon.colcon_core.package_identification:_identify(src/robot_navigation) by extension 'colcon_pkg'
[0.228s] Level 1:colcon.colcon_core.package_identification:_identify(src/robot_navigation) by extensions ['colcon_meta']
[0.228s] Level 1:colcon.colcon_core.package_identification:_identify(src/robot_navigation) by extension 'colcon_meta'
[0.228s] Level 1:colcon.colcon_core.package_identification:_identify(src/robot_navigation) by extensions ['ros']
[0.228s] Level 1:colcon.colcon_core.package_identification:_identify(src/robot_navigation) by extension 'ros'
[0.228s] Level 1:colcon.colcon_core.package_identification:_identify(src/robot_navigation) by extensions ['cmake', 'python']
[0.229s] Level 1:colcon.colcon_core.package_identification:_identify(src/robot_navigation) by extension 'cmake'
[0.229s] Level 1:colcon.colcon_core.package_identification:_identify(src/robot_navigation) by extension 'python'
[0.229s] Level 1:colcon.colcon_core.package_identification:_identify(src/robot_navigation) by extensions ['python_setup_py']
[0.229s] Level 1:colcon.colcon_core.package_identification:_identify(src/robot_navigation) by extension 'python_setup_py'
[0.229s] Level 1:colcon.colcon_core.package_identification:_identify(src/robot_navigation/maps) by extensions ['ignore', 'ignore_ament_install']
[0.229s] Level 1:colcon.colcon_core.package_identification:_identify(src/robot_navigation/maps) by extension 'ignore'
[0.229s] Level 1:colcon.colcon_core.package_identification:_identify(src/robot_navigation/maps) by extension 'ignore_ament_install'
[0.229s] Level 1:colcon.colcon_core.package_identification:_identify(src/robot_navigation/maps) by extensions ['colcon_pkg']
[0.229s] Level 1:colcon.colcon_core.package_identification:_identify(src/robot_navigation/maps) by extension 'colcon_pkg'
[0.229s] Level 1:colcon.colcon_core.package_identification:_identify(src/robot_navigation/maps) by extensions ['colcon_meta']
[0.229s] Level 1:colcon.colcon_core.package_identification:_identify(src/robot_navigation/maps) by extension 'colcon_meta'
[0.229s] Level 1:colcon.colcon_core.package_identification:_identify(src/robot_navigation/maps) by extensions ['ros']
[0.229s] Level 1:colcon.colcon_core.package_identification:_identify(src/robot_navigation/maps) by extension 'ros'
[0.229s] Level 1:colcon.colcon_core.package_identification:_identify(src/robot_navigation/maps) by extensions ['cmake', 'python']
[0.229s] Level 1:colcon.colcon_core.package_identification:_identify(src/robot_navigation/maps) by extension 'cmake'
[0.229s] Level 1:colcon.colcon_core.package_identification:_identify(src/robot_navigation/maps) by extension 'python'
[0.229s] Level 1:colcon.colcon_core.package_identification:_identify(src/robot_navigation/maps) by extensions ['python_setup_py']
[0.229s] Level 1:colcon.colcon_core.package_identification:_identify(src/robot_navigation/maps) by extension 'python_setup_py'
[0.229s] Level 1:colcon.colcon_core.package_identification:_identify(src/robot_odometry) by extensions ['ignore', 'ignore_ament_install']
[0.230s] Level 1:colcon.colcon_core.package_identification:_identify(src/robot_odometry) by extension 'ignore'
[0.230s] Level 1:colcon.colcon_core.package_identification:_identify(src/robot_odometry) by extension 'ignore_ament_install'
[0.230s] Level 1:colcon.colcon_core.package_identification:_identify(src/robot_odometry) by extensions ['colcon_pkg']
[0.230s] Level 1:colcon.colcon_core.package_identification:_identify(src/robot_odometry) by extension 'colcon_pkg'
[0.230s] Level 1:colcon.colcon_core.package_identification:_identify(src/robot_odometry) by extensions ['colcon_meta']
[0.230s] Level 1:colcon.colcon_core.package_identification:_identify(src/robot_odometry) by extension 'colcon_meta'
[0.230s] Level 1:colcon.colcon_core.package_identification:_identify(src/robot_odometry) by extensions ['ros']
[0.230s] Level 1:colcon.colcon_core.package_identification:_identify(src/robot_odometry) by extension 'ros'
[0.231s] DEBUG:colcon.colcon_core.package_identification:Package 'src/robot_odometry' with type 'ros.ament_python' and name 'robot_odometry'
[0.231s] Level 1:colcon.colcon_core.package_identification:_identify(src/robot_vision) by extensions ['ignore', 'ignore_ament_install']
[0.231s] Level 1:colcon.colcon_core.package_identification:_identify(src/robot_vision) by extension 'ignore'
[0.231s] Level 1:colcon.colcon_core.package_identification:_identify(src/robot_vision) by extension 'ignore_ament_install'
[0.231s] Level 1:colcon.colcon_core.package_identification:_identify(src/robot_vision) by extensions ['colcon_pkg']
[0.231s] Level 1:colcon.colcon_core.package_identification:_identify(src/robot_vision) by extension 'colcon_pkg'
[0.231s] Level 1:colcon.colcon_core.package_identification:_identify(src/robot_vision) by extensions ['colcon_meta']
[0.231s] Level 1:colcon.colcon_core.package_identification:_identify(src/robot_vision) by extension 'colcon_meta'
[0.231s] Level 1:colcon.colcon_core.package_identification:_identify(src/robot_vision) by extensions ['ros']
[0.231s] Level 1:colcon.colcon_core.package_identification:_identify(src/robot_vision) by extension 'ros'
[0.231s] Level 1:colcon.colcon_core.package_identification:_identify(src/robot_vision) by extensions ['cmake', 'python']
[0.231s] Level 1:colcon.colcon_core.package_identification:_identify(src/robot_vision) by extension 'cmake'
[0.232s] Level 1:colcon.colcon_core.package_identification:_identify(src/robot_vision) by extension 'python'
[0.232s] Level 1:colcon.colcon_core.package_identification:_identify(src/robot_vision) by extensions ['python_setup_py']
[0.232s] Level 1:colcon.colcon_core.package_identification:_identify(src/robot_vision) by extension 'python_setup_py'
[0.232s] Level 1:colcon.colcon_core.package_identification:_identify(src/robot_vision/scripts) by extensions ['ignore', 'ignore_ament_install']
[0.232s] Level 1:colcon.colcon_core.package_identification:_identify(src/robot_vision/scripts) by extension 'ignore'
[0.232s] Level 1:colcon.colcon_core.package_identification:_identify(src/robot_vision/scripts) by extension 'ignore_ament_install'
[0.232s] Level 1:colcon.colcon_core.package_identification:_identify(src/robot_vision/scripts) by extensions ['colcon_pkg']
[0.232s] Level 1:colcon.colcon_core.package_identification:_identify(src/robot_vision/scripts) by extension 'colcon_pkg'
[0.232s] Level 1:colcon.colcon_core.package_identification:_identify(src/robot_vision/scripts) by extensions ['colcon_meta']
[0.232s] Level 1:colcon.colcon_core.package_identification:_identify(src/robot_vision/scripts) by extension 'colcon_meta'
[0.233s] Level 1:colcon.colcon_core.package_identification:_identify(src/robot_vision/scripts) by extensions ['ros']
[0.233s] Level 1:colcon.colcon_core.package_identification:_identify(src/robot_vision/scripts) by extension 'ros'
[0.233s] Level 1:colcon.colcon_core.package_identification:_identify(src/robot_vision/scripts) by extensions ['cmake', 'python']
[0.233s] Level 1:colcon.colcon_core.package_identification:_identify(src/robot_vision/scripts) by extension 'cmake'
[0.233s] Level 1:colcon.colcon_core.package_identification:_identify(src/robot_vision/scripts) by extension 'python'
[0.233s] Level 1:colcon.colcon_core.package_identification:_identify(src/robot_vision/scripts) by extensions ['python_setup_py']
[0.233s] Level 1:colcon.colcon_core.package_identification:_identify(src/robot_vision/scripts) by extension 'python_setup_py'
[0.233s] Level 1:colcon.colcon_core.package_discovery:discover_packages(recursive) using defaults
[0.233s] Level 1:colcon.colcon_core.package_discovery:discover_packages(ignore) discover
[0.233s] Level 1:colcon.colcon_core.package_discovery:discover_packages(ignore) using defaults
[0.233s] Level 1:colcon.colcon_core.package_discovery:discover_packages(path) discover
[0.233s] Level 1:colcon.colcon_core.package_discovery:discover_packages(path) using defaults
[0.255s] Level 1:colcon.colcon_core.package_discovery:discover_packages(prefix_path) check parameters
[0.255s] Level 1:colcon.colcon_core.package_discovery:discover_packages(prefix_path) discover
[0.257s] DEBUG:colcon.colcon_installed_package_information.package_discovery:Found 2 installed packages in /home/enzo/droid/WORK-2026/work_ws/install
[0.259s] DEBUG:colcon.colcon_installed_package_information.package_discovery:Found 324 installed packages in /opt/ros/kilted
[0.260s] Level 1:colcon.colcon_core.package_discovery:discover_packages(prefix_path) using defaults
[0.306s] Level 5:colcon.colcon_core.verb:set package 'robot_odometry' build argument 'cmake_args' from command line to 'None'
[0.306s] Level 5:colcon.colcon_core.verb:set package 'robot_odometry' build argument 'cmake_target' from command line to 'None'
[0.306s] Level 5:colcon.colcon_core.verb:set package 'robot_odometry' build argument 'cmake_target_skip_unavailable' from command line to 'False'
[0.306s] Level 5:colcon.colcon_core.verb:set package 'robot_odometry' build argument 'cmake_clean_cache' from command line to 'False'
[0.306s] Level 5:colcon.colcon_core.verb:set package 'robot_odometry' build argument 'cmake_clean_first' from command line to 'False'
[0.306s] Level 5:colcon.colcon_core.verb:set package 'robot_odometry' build argument 'cmake_force_configure' from command line to 'False'
[0.306s] Level 5:colcon.colcon_core.verb:set package 'robot_odometry' build argument 'ament_cmake_args' from command line to 'None'
[0.306s] Level 5:colcon.colcon_core.verb:set package 'robot_odometry' build argument 'catkin_cmake_args' from command line to 'None'
[0.306s] Level 5:colcon.colcon_core.verb:set package 'robot_odometry' build argument 'catkin_skip_building_tests' from command line to 'False'
[0.306s] DEBUG:colcon.colcon_core.verb:Building package 'robot_odometry' with the following arguments: {'ament_cmake_args': None, 'build_base': '/home/enzo/droid/WORK-2026/work_ws/build/robot_odometry', 'catkin_cmake_args': None, 'catkin_skip_building_tests': False, 'cmake_args': None, 'cmake_clean_cache': False, 'cmake_clean_first': False, 'cmake_force_configure': False, 'cmake_target': None, 'cmake_target_skip_unavailable': False, 'install_base': '/home/enzo/droid/WORK-2026/work_ws/install/robot_odometry', 'merge_install': False, 'path': '/home/enzo/droid/WORK-2026/work_ws/src/robot_odometry', 'symlink_install': True, 'test_result_base': None}
[0.307s] Level 5:colcon.colcon_core.verb:set package 'salamander_bot' build argument 'cmake_args' from command line to 'None'
[0.307s] Level 5:colcon.colcon_core.verb:set package 'salamander_bot' build argument 'cmake_target' from command line to 'None'
[0.307s] Level 5:colcon.colcon_core.verb:set package 'salamander_bot' build argument 'cmake_target_skip_unavailable' from command line to 'False'
[0.307s] Level 5:colcon.colcon_core.verb:set package 'salamander_bot' build argument 'cmake_clean_cache' from command line to 'False'
[0.307s] Level 5:colcon.colcon_core.verb:set package 'salamander_bot' build argument 'cmake_clean_first' from command line to 'False'
[0.307s] Level 5:colcon.colcon_core.verb:set package 'salamander_bot' build argument 'cmake_force_configure' from command line to 'False'
[0.307s] Level 5:colcon.colcon_core.verb:set package 'salamander_bot' build argument 'ament_cmake_args' from command line to 'None'
[0.307s] Level 5:colcon.colcon_core.verb:set package 'salamander_bot' build argument 'catkin_cmake_args' from command line to 'None'
[0.307s] Level 5:colcon.colcon_core.verb:set package 'salamander_bot' build argument 'catkin_skip_building_tests' from command line to 'False'
[0.307s] DEBUG:colcon.colcon_core.verb:Building package 'salamander_bot' with the following arguments: {'ament_cmake_args': None, 'build_base': '/home/enzo/droid/WORK-2026/work_ws/build/salamander_bot', 'catkin_cmake_args': None, 'catkin_skip_building_tests': False, 'cmake_args': None, 'cmake_clean_cache': False, 'cmake_clean_first': False, 'cmake_force_configure': False, 'cmake_target': None, 'cmake_target_skip_unavailable': False, 'install_base': '/home/enzo/droid/WORK-2026/work_ws/install/salamander_bot', 'merge_install': False, 'path': '/home/enzo/droid/WORK-2026/work_ws/dev_ws/src/salamander_bot', 'symlink_install': True, 'test_result_base': None}
[0.307s] INFO:colcon.colcon_core.executor:Executing jobs using 'parallel' executor
[0.309s] DEBUG:colcon.colcon_parallel_executor.executor.parallel:run_until_complete
[0.309s] INFO:colcon.colcon_ros.task.ament_python.build:Building ROS package in '/home/enzo/droid/WORK-2026/work_ws/src/robot_odometry' with build type 'ament_python'
[0.309s] Level 1:colcon.colcon_core.shell:create_environment_hook('robot_odometry', 'ament_prefix_path')
[0.311s] INFO:colcon.colcon_core.plugin_system:Skipping extension 'colcon_core.shell.bat': Not used on non-Windows systems
[0.312s] INFO:colcon.colcon_core.shell:Creating environment hook '/home/enzo/droid/WORK-2026/work_ws/install/robot_odometry/share/robot_odometry/hook/ament_prefix_path.ps1'
[0.313s] INFO:colcon.colcon_core.shell:Creating environment descriptor '/home/enzo/droid/WORK-2026/work_ws/install/robot_odometry/share/robot_odometry/hook/ament_prefix_path.dsv'
[0.313s] INFO:colcon.colcon_core.shell:Creating environment hook '/home/enzo/droid/WORK-2026/work_ws/install/robot_odometry/share/robot_odometry/hook/ament_prefix_path.sh'
[0.314s] INFO:colcon.colcon_core.shell:Skip shell extension 'powershell' for command environment: Not usable outside of PowerShell
[0.314s] DEBUG:colcon.colcon_core.shell:Skip shell extension 'dsv' for command environment
[0.318s] INFO:colcon.colcon_ros.task.ament_cmake.build:Building ROS package in '/home/enzo/droid/WORK-2026/work_ws/dev_ws/src/salamander_bot' with build type 'ament_cmake'
[0.319s] INFO:colcon.colcon_cmake.task.cmake.build:Building CMake package in '/home/enzo/droid/WORK-2026/work_ws/dev_ws/src/salamander_bot'
[0.319s] INFO:colcon.colcon_core.shell:Skip shell extension 'powershell' for command environment: Not usable outside of PowerShell
[0.319s] DEBUG:colcon.colcon_core.shell:Skip shell extension 'dsv' for command environment
[0.591s] INFO:colcon.colcon_core.task.python.build:Building Python package in '/home/enzo/droid/WORK-2026/work_ws/src/robot_odometry'
[0.591s] INFO:colcon.colcon_core.shell:Skip shell extension 'powershell' for command environment: Not usable outside of PowerShell
[0.599s] DEBUG:colcon.colcon_core.shell:Skip shell extension 'dsv' for command environment
[0.608s] DEBUG:colcon.colcon_core.event_handler.log_command:Invoking command in '/home/enzo/droid/WORK-2026/work_ws/build/salamander_bot': CMAKE_PREFIX_PATH=${CMAKE_PREFIX_PATH}:/home/enzo/droid/WORK-2026/work_ws/install/robot_odometry:/opt/ros/kilted DEBUGINFOD_URLS=https://debuginfod.ubuntu.com /usr/bin/cmake --build /home/enzo/droid/WORK-2026/work_ws/build/salamander_bot -- -j8 -l8
[0.670s] DEBUG:colcon.colcon_core.event_handler.log_command:Invoked command in '/home/enzo/droid/WORK-2026/work_ws/build/salamander_bot' returned '0': CMAKE_PREFIX_PATH=${CMAKE_PREFIX_PATH}:/home/enzo/droid/WORK-2026/work_ws/install/robot_odometry:/opt/ros/kilted DEBUGINFOD_URLS=https://debuginfod.ubuntu.com /usr/bin/cmake --build /home/enzo/droid/WORK-2026/work_ws/build/salamander_bot -- -j8 -l8
[0.681s] DEBUG:colcon.colcon_core.event_handler.log_command:Invoking command in '/home/enzo/droid/WORK-2026/work_ws/build/salamander_bot': CMAKE_PREFIX_PATH=${CMAKE_PREFIX_PATH}:/home/enzo/droid/WORK-2026/work_ws/install/robot_odometry:/opt/ros/kilted DEBUGINFOD_URLS=https://debuginfod.ubuntu.com /usr/bin/cmake --install /home/enzo/droid/WORK-2026/work_ws/build/salamander_bot
[0.731s] Level 1:colcon.colcon_core.environment:create_environment_scripts_only(salamander_bot)
[0.738s] DEBUG:colcon.colcon_core.event_handler.log_command:Invoked command in '/home/enzo/droid/WORK-2026/work_ws/build/salamander_bot' returned '0': CMAKE_PREFIX_PATH=${CMAKE_PREFIX_PATH}:/home/enzo/droid/WORK-2026/work_ws/install/robot_odometry:/opt/ros/kilted DEBUGINFOD_URLS=https://debuginfod.ubuntu.com /usr/bin/cmake --install /home/enzo/droid/WORK-2026/work_ws/build/salamander_bot
[0.741s] Level 1:colcon.colcon_core.environment:checking '/home/enzo/droid/WORK-2026/work_ws/install/salamander_bot' for CMake module files
[0.745s] Level 1:colcon.colcon_core.environment:checking '/home/enzo/droid/WORK-2026/work_ws/install/salamander_bot' for CMake config files
[0.746s] Level 1:colcon.colcon_core.shell:create_environment_hook('salamander_bot', 'cmake_prefix_path')
[0.748s] INFO:colcon.colcon_core.shell:Creating environment hook '/home/enzo/droid/WORK-2026/work_ws/install/salamander_bot/share/salamander_bot/hook/cmake_prefix_path.ps1'
[0.749s] INFO:colcon.colcon_core.shell:Creating environment descriptor '/home/enzo/droid/WORK-2026/work_ws/install/salamander_bot/share/salamander_bot/hook/cmake_prefix_path.dsv'
[0.750s] INFO:colcon.colcon_core.shell:Creating environment hook '/home/enzo/droid/WORK-2026/work_ws/install/salamander_bot/share/salamander_bot/hook/cmake_prefix_path.sh'
[0.752s] Level 1:colcon.colcon_core.environment:checking '/home/enzo/droid/WORK-2026/work_ws/install/salamander_bot/bin'
[0.752s] Level 1:colcon.colcon_core.environment:checking '/home/enzo/droid/WORK-2026/work_ws/install/salamander_bot/lib/pkgconfig/salamander_bot.pc'
[0.753s] Level 1:colcon.colcon_core.environment:checking '/home/enzo/droid/WORK-2026/work_ws/install/salamander_bot/lib/python3.12/site-packages'
[0.754s] Level 1:colcon.colcon_core.environment:checking '/home/enzo/droid/WORK-2026/work_ws/install/salamander_bot/bin'
[0.755s] INFO:colcon.colcon_core.shell:Creating package script '/home/enzo/droid/WORK-2026/work_ws/install/salamander_bot/share/salamander_bot/package.ps1'
[0.758s] INFO:colcon.colcon_core.shell:Creating package descriptor '/home/enzo/droid/WORK-2026/work_ws/install/salamander_bot/share/salamander_bot/package.dsv'
[0.760s] INFO:colcon.colcon_core.shell:Creating package script '/home/enzo/droid/WORK-2026/work_ws/install/salamander_bot/share/salamander_bot/package.sh'
[0.762s] INFO:colcon.colcon_core.shell:Creating package script '/home/enzo/droid/WORK-2026/work_ws/install/salamander_bot/share/salamander_bot/package.bash'
[0.764s] INFO:colcon.colcon_core.shell:Creating package script '/home/enzo/droid/WORK-2026/work_ws/install/salamander_bot/share/salamander_bot/package.zsh'
[0.766s] Level 1:colcon.colcon_core.environment:create_file_with_runtime_dependencies(/home/enzo/droid/WORK-2026/work_ws/install/salamander_bot/share/colcon-core/packages/salamander_bot)
[0.768s] Level 1:colcon.colcon_core.environment:create_environment_scripts_only(salamander_bot)
[0.768s] Level 1:colcon.colcon_core.environment:checking '/home/enzo/droid/WORK-2026/work_ws/install/salamander_bot' for CMake module files
[0.770s] Level 1:colcon.colcon_core.environment:checking '/home/enzo/droid/WORK-2026/work_ws/install/salamander_bot' for CMake config files
[0.771s] Level 1:colcon.colcon_core.shell:create_environment_hook('salamander_bot', 'cmake_prefix_path')
[0.771s] INFO:colcon.colcon_core.shell:Creating environment hook '/home/enzo/droid/WORK-2026/work_ws/install/salamander_bot/share/salamander_bot/hook/cmake_prefix_path.ps1'
[0.773s] INFO:colcon.colcon_core.shell:Creating environment descriptor '/home/enzo/droid/WORK-2026/work_ws/install/salamander_bot/share/salamander_bot/hook/cmake_prefix_path.dsv'
[0.774s] INFO:colcon.colcon_core.shell:Creating environment hook '/home/enzo/droid/WORK-2026/work_ws/install/salamander_bot/share/salamander_bot/hook/cmake_prefix_path.sh'
[0.776s] Level 1:colcon.colcon_core.environment:checking '/home/enzo/droid/WORK-2026/work_ws/install/salamander_bot/bin'
[0.776s] Level 1:colcon.colcon_core.environment:checking '/home/enzo/droid/WORK-2026/work_ws/install/salamander_bot/lib/pkgconfig/salamander_bot.pc'
[0.777s] Level 1:colcon.colcon_core.environment:checking '/home/enzo/droid/WORK-2026/work_ws/install/salamander_bot/lib/python3.12/site-packages'
[0.778s] Level 1:colcon.colcon_core.environment:checking '/home/enzo/droid/WORK-2026/work_ws/install/salamander_bot/bin'
[0.778s] INFO:colcon.colcon_core.shell:Creating package script '/home/enzo/droid/WORK-2026/work_ws/install/salamander_bot/share/salamander_bot/package.ps1'
[0.780s] INFO:colcon.colcon_core.shell:Creating package descriptor '/home/enzo/droid/WORK-2026/work_ws/install/salamander_bot/share/salamander_bot/package.dsv'
[0.782s] INFO:colcon.colcon_core.shell:Creating package script '/home/enzo/droid/WORK-2026/work_ws/install/salamander_bot/share/salamander_bot/package.sh'
[0.783s] INFO:colcon.colcon_core.shell:Creating package script '/home/enzo/droid/WORK-2026/work_ws/install/salamander_bot/share/salamander_bot/package.bash'
[0.784s] INFO:colcon.colcon_core.shell:Creating package script '/home/enzo/droid/WORK-2026/work_ws/install/salamander_bot/share/salamander_bot/package.zsh'
[0.785s] Level 1:colcon.colcon_core.environment:create_file_with_runtime_dependencies(/home/enzo/droid/WORK-2026/work_ws/install/salamander_bot/share/colcon-core/packages/salamander_bot)
[1.392s] DEBUG:colcon.colcon_core.event_handler.log_command:Invoking command in '/home/enzo/droid/WORK-2026/work_ws/build/robot_odometry': DEBUGINFOD_URLS=https://debuginfod.ubuntu.com PYTHONPATH=/home/enzo/droid/WORK-2026/work_ws/build/robot_odometry/prefix_override:/usr/lib/python3/dist-packages/colcon_core/task/python/colcon_distutils_commands:/home/enzo/droid/WORK-2026/work_ws/install/robot_odometry/lib/python3.12/site-packages:${PYTHONPATH} /usr/bin/python3 -W ignore:setup.py install is deprecated -W ignore:easy_install command is deprecated setup.py develop --editable --build-directory /home/enzo/droid/WORK-2026/work_ws/build/robot_odometry/build --no-deps symlink_data
[2.111s] Level 1:colcon.colcon_core.shell:create_environment_hook('robot_odometry', 'pythonpath_develop')
[2.112s] INFO:colcon.colcon_core.shell:Creating environment hook '/home/enzo/droid/WORK-2026/work_ws/build/robot_odometry/share/robot_odometry/hook/pythonpath_develop.ps1'
[2.113s] INFO:colcon.colcon_core.shell:Creating environment descriptor '/home/enzo/droid/WORK-2026/work_ws/build/robot_odometry/share/robot_odometry/hook/pythonpath_develop.dsv'
[2.114s] INFO:colcon.colcon_core.shell:Creating environment hook '/home/enzo/droid/WORK-2026/work_ws/build/robot_odometry/share/robot_odometry/hook/pythonpath_develop.sh'
[2.114s] DEBUG:colcon.colcon_core.event_handler.log_command:Invoked command in '/home/enzo/droid/WORK-2026/work_ws/build/robot_odometry' returned '0': DEBUGINFOD_URLS=https://debuginfod.ubuntu.com PYTHONPATH=/home/enzo/droid/WORK-2026/work_ws/build/robot_odometry/prefix_override:/usr/lib/python3/dist-packages/colcon_core/task/python/colcon_distutils_commands:/home/enzo/droid/WORK-2026/work_ws/install/robot_odometry/lib/python3.12/site-packages:${PYTHONPATH} /usr/bin/python3 -W ignore:setup.py install is deprecated -W ignore:easy_install command is deprecated setup.py develop --editable --build-directory /home/enzo/droid/WORK-2026/work_ws/build/robot_odometry/build --no-deps symlink_data
[2.115s] Level 1:colcon.colcon_core.environment:checking '/home/enzo/droid/WORK-2026/work_ws/install/robot_odometry' for CMake module files
[2.115s] Level 1:colcon.colcon_core.environment:checking '/home/enzo/droid/WORK-2026/work_ws/install/robot_odometry' for CMake config files
[2.116s] Level 1:colcon.colcon_core.environment:checking '/home/enzo/droid/WORK-2026/work_ws/install/robot_odometry/lib'
[2.116s] Level 1:colcon.colcon_core.environment:checking '/home/enzo/droid/WORK-2026/work_ws/install/robot_odometry/bin'
[2.117s] Level 1:colcon.colcon_core.environment:checking '/home/enzo/droid/WORK-2026/work_ws/install/robot_odometry/lib/pkgconfig/robot_odometry.pc'
[2.117s] Level 1:colcon.colcon_core.environment:checking '/home/enzo/droid/WORK-2026/work_ws/install/robot_odometry/lib/python3.12/site-packages'
[2.117s] Level 1:colcon.colcon_core.shell:create_environment_hook('robot_odometry', 'pythonpath')
[2.117s] INFO:colcon.colcon_core.shell:Creating environment hook '/home/enzo/droid/WORK-2026/work_ws/install/robot_odometry/share/robot_odometry/hook/pythonpath.ps1'
[2.118s] INFO:colcon.colcon_core.shell:Creating environment descriptor '/home/enzo/droid/WORK-2026/work_ws/install/robot_odometry/share/robot_odometry/hook/pythonpath.dsv'
[2.118s] INFO:colcon.colcon_core.shell:Creating environment hook '/home/enzo/droid/WORK-2026/work_ws/install/robot_odometry/share/robot_odometry/hook/pythonpath.sh'
[2.119s] Level 1:colcon.colcon_core.environment:checking '/home/enzo/droid/WORK-2026/work_ws/install/robot_odometry/bin'
[2.119s] Level 1:colcon.colcon_core.environment:create_environment_scripts_only(robot_odometry)
[2.119s] INFO:colcon.colcon_core.shell:Creating package script '/home/enzo/droid/WORK-2026/work_ws/install/robot_odometry/share/robot_odometry/package.ps1'
[2.120s] INFO:colcon.colcon_core.shell:Creating package descriptor '/home/enzo/droid/WORK-2026/work_ws/install/robot_odometry/share/robot_odometry/package.dsv'
[2.121s] INFO:colcon.colcon_core.shell:Creating package script '/home/enzo/droid/WORK-2026/work_ws/install/robot_odometry/share/robot_odometry/package.sh'
[2.121s] INFO:colcon.colcon_core.shell:Creating package script '/home/enzo/droid/WORK-2026/work_ws/install/robot_odometry/share/robot_odometry/package.bash'
[2.121s] INFO:colcon.colcon_core.shell:Creating package script '/home/enzo/droid/WORK-2026/work_ws/install/robot_odometry/share/robot_odometry/package.zsh'
[2.122s] Level 1:colcon.colcon_core.environment:create_file_with_runtime_dependencies(/home/enzo/droid/WORK-2026/work_ws/install/robot_odometry/share/colcon-core/packages/robot_odometry)
[2.122s] DEBUG:colcon.colcon_parallel_executor.executor.parallel:closing loop
[2.122s] DEBUG:colcon.colcon_parallel_executor.executor.parallel:loop closed
[2.122s] DEBUG:colcon.colcon_parallel_executor.executor.parallel:run_until_complete finished with '0'
[2.123s] DEBUG:colcon.colcon_core.event_reactor:joining thread
[2.130s] INFO:colcon.colcon_core.plugin_system:Skipping extension 'colcon_notification.desktop_notification.terminal_notifier': Not used on non-Darwin systems
[2.130s] INFO:colcon.colcon_core.plugin_system:Skipping extension 'colcon_notification.desktop_notification.win32': Not used on non-Windows systems
[2.131s] INFO:colcon.colcon_notification.desktop_notification:Sending desktop notification using 'notify2'
[2.161s] DEBUG:colcon.colcon_core.event_reactor:joined thread
[2.162s] INFO:colcon.colcon_core.shell:Creating prefix script '/home/enzo/droid/WORK-2026/work_ws/install/local_setup.ps1'
[2.163s] INFO:colcon.colcon_core.shell:Creating prefix util module '/home/enzo/droid/WORK-2026/work_ws/install/_local_setup_util_ps1.py'
[2.164s] INFO:colcon.colcon_core.shell:Creating prefix chain script '/home/enzo/droid/WORK-2026/work_ws/install/setup.ps1'
[2.165s] INFO:colcon.colcon_core.shell:Creating prefix script '/home/enzo/droid/WORK-2026/work_ws/install/local_setup.sh'
[2.166s] INFO:colcon.colcon_core.shell:Creating prefix util module '/home/enzo/droid/WORK-2026/work_ws/install/_local_setup_util_sh.py'
[2.167s] INFO:colcon.colcon_core.shell:Creating prefix chain script '/home/enzo/droid/WORK-2026/work_ws/install/setup.sh'
[2.168s] INFO:colcon.colcon_core.shell:Creating prefix script '/home/enzo/droid/WORK-2026/work_ws/install/local_setup.bash'
[2.169s] INFO:colcon.colcon_core.shell:Creating prefix chain script '/home/enzo/droid/WORK-2026/work_ws/install/setup.bash'
[2.170s] INFO:colcon.colcon_core.shell:Creating prefix script '/home/enzo/droid/WORK-2026/work_ws/install/local_setup.zsh'
[2.171s] INFO:colcon.colcon_core.shell:Creating prefix chain script '/home/enzo/droid/WORK-2026/work_ws/install/setup.zsh'
