[0.677s] Invoking command in '/home/enzo/droid/WORK-2026/work_ws/build/salamander_bot': CMAKE_PREFIX_PATH=${CMAKE_PREFIX_PATH}:/opt/ros/kilted DEBUGINFOD_URLS=https://debuginfod.ubuntu.com /usr/bin/cmake /home/enzo/droid/WORK-2026/work_ws/dev_ws/src/salamander_bot -DCMAKE_INSTALL_PREFIX=/home/enzo/droid/WORK-2026/work_ws/install/salamander_bot
[1.050s] -- The C compiler identification is GNU 13.3.0
[1.221s] -- The CXX compiler identification is GNU 13.3.0
[1.258s] -- Detecting C compiler ABI info
[1.492s] -- Detecting C compiler ABI info - done
[1.524s] -- Check for working C compiler: /usr/bin/cc - skipped
[1.524s] -- Detecting C compile features
[1.526s] -- Detecting C compile features - done
[1.560s] -- Detecting CXX compiler ABI info
[1.835s] -- Detecting CXX compiler ABI info - done
[1.854s] -- Check for working CXX compiler: /usr/bin/c++ - skipped
[1.855s] -- Detecting CXX compile features
[1.856s] -- Detecting CXX compile features - done
[1.863s] -- Found ament_cmake: 2.7.5 (/opt/ros/kilted/share/ament_cmake/cmake)
[2.238s] -- Found Python3: /usr/bin/python3 (found version "3.12.3") found components: Interpreter 
[2.536s] -- Found ament_lint_auto: 0.19.2 (/opt/ros/kilted/share/ament_lint_auto/cmake)
[2.906s] -- Added test 'copyright' to check source files copyright and LICENSE
[2.915s] -- Added test 'flake8' to check Python code syntax and style conventions
[2.916s] -- Configured 'flake8' exclude dirs and/or files: 
[2.919s] -- Added test 'lint_cmake' to check CMake code style
[2.920s] -- Added test 'pep257' to check Python code against some of the docstring style conventions in PEP 257
[2.926s] -- Added test 'xmllint' to check XML markup files
[2.931s] -- Configuring done (2.2s)
[2.938s] -- Generating done (0.0s)
[2.945s] -- Build files have been written to: /home/enzo/droid/WORK-2026/work_ws/build/salamander_bot
[2.952s] Invoked command in '/home/enzo/droid/WORK-2026/work_ws/build/salamander_bot' returned '0': CMAKE_PREFIX_PATH=${CMAKE_PREFIX_PATH}:/opt/ros/kilted DEBUGINFOD_URLS=https://debuginfod.ubuntu.com /usr/bin/cmake /home/enzo/droid/WORK-2026/work_ws/dev_ws/src/salamander_bot -DCMAKE_INSTALL_PREFIX=/home/enzo/droid/WORK-2026/work_ws/install/salamander_bot
[2.955s] Invoking command in '/home/enzo/droid/WORK-2026/work_ws/build/salamander_bot': CMAKE_PREFIX_PATH=${CMAKE_PREFIX_PATH}:/opt/ros/kilted DEBUGINFOD_URLS=https://debuginfod.ubuntu.com /usr/bin/cmake --build /home/enzo/droid/WORK-2026/work_ws/build/salamander_bot -- -j8 -l8
[3.038s] Invoked command in '/home/enzo/droid/WORK-2026/work_ws/build/salamander_bot' returned '0': CMAKE_PREFIX_PATH=${CMAKE_PREFIX_PATH}:/opt/ros/kilted DEBUGINFOD_URLS=https://debuginfod.ubuntu.com /usr/bin/cmake --build /home/enzo/droid/WORK-2026/work_ws/build/salamander_bot -- -j8 -l8
[3.058s] Invoking command in '/home/enzo/droid/WORK-2026/work_ws/build/salamander_bot': CMAKE_PREFIX_PATH=${CMAKE_PREFIX_PATH}:/opt/ros/kilted DEBUGINFOD_URLS=https://debuginfod.ubuntu.com /usr/bin/cmake --install /home/enzo/droid/WORK-2026/work_ws/build/salamander_bot
[3.083s] -- Install configuration: ""
[3.083s] -- Installing: /home/enzo/droid/WORK-2026/work_ws/install/salamander_bot/share/salamander_bot/config
[3.084s] -- Installing: /home/enzo/droid/WORK-2026/work_ws/install/salamander_bot/share/salamander_bot/config/display.rviz
[3.084s] -- Installing: /home/enzo/droid/WORK-2026/work_ws/install/salamander_bot/share/salamander_bot/config/gazebo.rviz
[3.084s] -- Installing: /home/enzo/droid/WORK-2026/work_ws/install/salamander_bot/share/salamander_bot/config/ros_gz_bridge_gazebo.yaml
[3.085s] -- Installing: /home/enzo/droid/WORK-2026/work_ws/install/salamander_bot/share/salamander_bot/description
[3.085s] -- Installing: /home/enzo/droid/WORK-2026/work_ws/install/salamander_bot/share/salamander_bot/description/salamander_bot.gazebo
[3.086s] -- Installing: /home/enzo/droid/WORK-2026/work_ws/install/salamander_bot/share/salamander_bot/description/robot.urdf.xacro
[3.086s] -- Installing: /home/enzo/droid/WORK-2026/work_ws/install/salamander_bot/share/salamander_bot/description/colors.xacro
[3.086s] -- Installing: /home/enzo/droid/WORK-2026/work_ws/install/salamander_bot/share/salamander_bot/description/robot_core.xacro
[3.087s] -- Installing: /home/enzo/droid/WORK-2026/work_ws/install/salamander_bot/share/salamander_bot/description/salamander_bot.ros2control
[3.087s] -- Installing: /home/enzo/droid/WORK-2026/work_ws/install/salamander_bot/share/salamander_bot/launch
[3.087s] -- Installing: /home/enzo/droid/WORK-2026/work_ws/install/salamander_bot/share/salamander_bot/launch/gazebo.launch.py
[3.087s] -- Installing: /home/enzo/droid/WORK-2026/work_ws/install/salamander_bot/share/salamander_bot/launch/display.launch.py
[3.091s] -- Installing: /home/enzo/droid/WORK-2026/work_ws/install/salamander_bot/share/salamander_bot/meshes
[3.091s] -- Installing: /home/enzo/droid/WORK-2026/work_ws/install/salamander_bot/share/salamander_bot/meshes/base_link.stl
[3.094s] -- Installing: /home/enzo/droid/WORK-2026/work_ws/install/salamander_bot/share/salamander_bot/meshes/wheel_lb_1.stl
[3.099s] -- Installing: /home/enzo/droid/WORK-2026/work_ws/install/salamander_bot/share/salamander_bot/meshes/wheel_rb_1.stl
[3.104s] -- Installing: /home/enzo/droid/WORK-2026/work_ws/install/salamander_bot/share/salamander_bot/meshes/wheel_lf_1.stl
[3.111s] -- Installing: /home/enzo/droid/WORK-2026/work_ws/install/salamander_bot/share/salamander_bot/meshes/wheel_rf_1.stl
[3.116s] -- Installing: /home/enzo/droid/WORK-2026/work_ws/install/salamander_bot/share/salamander_bot/meshes/rplidar_a1m8_1.stl
[3.122s] -- Installing: /home/enzo/droid/WORK-2026/work_ws/install/salamander_bot/share/salamander_bot/worlds
[3.122s] -- Installing: /home/enzo/droid/WORK-2026/work_ws/install/salamander_bot/share/salamander_bot/worlds/empty.world
[3.123s] -- Installing: /home/enzo/droid/WORK-2026/work_ws/install/salamander_bot/share/ament_index/resource_index/package_run_dependencies/salamander_bot
[3.123s] -- Installing: /home/enzo/droid/WORK-2026/work_ws/install/salamander_bot/share/ament_index/resource_index/parent_prefix_path/salamander_bot
[3.124s] -- Installing: /home/enzo/droid/WORK-2026/work_ws/install/salamander_bot/share/salamander_bot/environment/ament_prefix_path.sh
[3.124s] -- Installing: /home/enzo/droid/WORK-2026/work_ws/install/salamander_bot/share/salamander_bot/environment/ament_prefix_path.dsv
[3.124s] -- Installing: /home/enzo/droid/WORK-2026/work_ws/install/salamander_bot/share/salamander_bot/environment/path.sh
[3.125s] -- Installing: /home/enzo/droid/WORK-2026/work_ws/install/salamander_bot/share/salamander_bot/environment/path.dsv
[3.125s] -- Installing: /home/enzo/droid/WORK-2026/work_ws/install/salamander_bot/share/salamander_bot/local_setup.bash
[3.125s] -- Installing: /home/enzo/droid/WORK-2026/work_ws/install/salamander_bot/share/salamander_bot/local_setup.sh
[3.125s] -- Installing: /home/enzo/droid/WORK-2026/work_ws/install/salamander_bot/share/salamander_bot/local_setup.zsh
[3.125s] -- Installing: /home/enzo/droid/WORK-2026/work_ws/install/salamander_bot/share/salamander_bot/local_setup.dsv
[3.128s] -- Installing: /home/enzo/droid/WORK-2026/work_ws/install/salamander_bot/share/salamander_bot/package.dsv
[3.130s] -- Installing: /home/enzo/droid/WORK-2026/work_ws/install/salamander_bot/share/ament_index/resource_index/packages/salamander_bot
[3.130s] -- Installing: /home/enzo/droid/WORK-2026/work_ws/install/salamander_bot/share/salamander_bot/cmake/salamander_botConfig.cmake
[3.130s] -- Installing: /home/enzo/droid/WORK-2026/work_ws/install/salamander_bot/share/salamander_bot/cmake/salamander_botConfig-version.cmake
[3.130s] -- Installing: /home/enzo/droid/WORK-2026/work_ws/install/salamander_bot/share/salamander_bot/package.xml
[3.135s] Invoked command in '/home/enzo/droid/WORK-2026/work_ws/build/salamander_bot' returned '0': CMAKE_PREFIX_PATH=${CMAKE_PREFIX_PATH}:/opt/ros/kilted DEBUGINFOD_URLS=https://debuginfod.ubuntu.com /usr/bin/cmake --install /home/enzo/droid/WORK-2026/work_ws/build/salamander_bot
