[0.022s] Invoking command in '/home/enzo/droid/WORK-2026/build/rf2o_laser_odometry': CMAKE_PREFIX_PATH=${CMAKE_PREFIX_PATH}:/home/enzo/droid/WORK-2026/work_ws/install/robot_odometry:/opt/ros/jazzy DEBUGINFOD_URLS=https://debuginfod.ubuntu.com /usr/bin/cmake /home/enzo/droid/WORK-2026/work_ws/src/rf2o_laser_odometry -DCMAKE_INSTALL_PREFIX=/home/enzo/droid/WORK-2026/install/rf2o_laser_odometry
[0.189s] -- The C compiler identification is GNU 13.3.0
[0.312s] -- The CXX compiler identification is GNU 13.3.0
[0.346s] -- Detecting C compiler ABI info
[0.554s] -- Detecting C compiler ABI info - done
[0.577s] -- Check for working C compiler: /usr/bin/cc - skipped
[0.581s] -- Detecting C compile features
[0.582s] -- Detecting C compile features - done
[0.603s] -- Detecting CXX compiler ABI info
[0.769s] -- Detecting CXX compiler ABI info - done
[0.787s] -- Check for working CXX compiler: /usr/bin/c++ - skipped
[0.787s] -- Detecting CXX compile features
[0.788s] -- Detecting CXX compile features - done
[0.801s] -- Found ament_cmake: 2.5.6 (/opt/ros/jazzy/share/ament_cmake/cmake)
[1.183s] -- Found Python3: /usr/bin/python3 (found version "3.12.3") found components: Interpreter 
[1.422s] -- Found rclcpp: 28.1.18 (/opt/ros/jazzy/share/rclcpp/cmake)
[1.542s] -- Found rosidl_generator_c: 4.6.7 (/opt/ros/jazzy/share/rosidl_generator_c/cmake)
[1.582s] -- Found rosidl_generator_cpp: 4.6.7 (/opt/ros/jazzy/share/rosidl_generator_cpp/cmake)
[1.633s] -- Using all available rosidl_typesupport_c: rosidl_typesupport_fastrtps_c;rosidl_typesupport_introspection_c
[1.668s] -- Using all available rosidl_typesupport_cpp: rosidl_typesupport_fastrtps_cpp;rosidl_typesupport_introspection_cpp
[1.802s] -- Found rmw_implementation_cmake: 7.3.3 (/opt/ros/jazzy/share/rmw_implementation_cmake/cmake)
[1.809s] -- Found rmw_fastrtps_cpp: 8.4.3 (/opt/ros/jazzy/share/rmw_fastrtps_cpp/cmake)
[1.995s] -- Found OpenSSL: /usr/lib/x86_64-linux-gnu/libcrypto.so (found version "3.0.13")  
[2.040s] -- Found FastRTPS: /opt/ros/jazzy/include (Required is at least version "2.13") 
[2.083s] -- Using RMW implementation 'rmw_fastrtps_cpp' as default
[2.266s] -- Found std_msgs: 5.3.7 (/opt/ros/jazzy/share/std_msgs/cmake)
[2.291s] -- Found geometry_msgs: 5.3.7 (/opt/ros/jazzy/share/geometry_msgs/cmake)
[2.316s] -- Found tf2_geometry_msgs: 0.36.20 (/opt/ros/jazzy/share/tf2_geometry_msgs/cmake)
[2.346s] -- Found eigen3_cmake_module: 0.3.0 (/opt/ros/jazzy/share/eigen3_cmake_module/cmake)
[2.348s] -- Found Eigen3: TRUE (found version "3.4.0") 
[2.348s] -- Ensuring Eigen3 include directory is part of orocos-kdl CMake target
[2.577s] -- Found sensor_msgs: 5.3.7 (/opt/ros/jazzy/share/sensor_msgs/cmake)
[2.656s] -- Found nav_msgs: 5.3.7 (/opt/ros/jazzy/share/nav_msgs/cmake)
[2.768s] -- Found Boost: /usr/lib/x86_64-linux-gnu/cmake/Boost-1.83.0/BoostConfig.cmake (found version "1.83.0")  
[2.967s] -- Configuring done (2.9s)
[3.013s] -- Generating done (0.0s)
[3.028s] -- Build files have been written to: /home/enzo/droid/WORK-2026/build/rf2o_laser_odometry
[3.060s] Invoked command in '/home/enzo/droid/WORK-2026/build/rf2o_laser_odometry' returned '0': CMAKE_PREFIX_PATH=${CMAKE_PREFIX_PATH}:/home/enzo/droid/WORK-2026/work_ws/install/robot_odometry:/opt/ros/jazzy DEBUGINFOD_URLS=https://debuginfod.ubuntu.com /usr/bin/cmake /home/enzo/droid/WORK-2026/work_ws/src/rf2o_laser_odometry -DCMAKE_INSTALL_PREFIX=/home/enzo/droid/WORK-2026/install/rf2o_laser_odometry
[3.062s] Invoking command in '/home/enzo/droid/WORK-2026/build/rf2o_laser_odometry': CMAKE_PREFIX_PATH=${CMAKE_PREFIX_PATH}:/home/enzo/droid/WORK-2026/work_ws/install/robot_odometry:/opt/ros/jazzy DEBUGINFOD_URLS=https://debuginfod.ubuntu.com /usr/bin/cmake --build /home/enzo/droid/WORK-2026/build/rf2o_laser_odometry -- -j8 -l8
[3.175s] [ 20%] [32mBuilding CXX object CMakeFiles/rf2o_laser_odometry_node.dir/src/CLaserOdometry2DNode.cpp.o[0m
[3.176s] [ 40%] [32mBuilding CXX object CMakeFiles/rf2o_laser_odometry.dir/src/CLaserOdometry2D.cpp.o[0m
[3.188s] [ 60%] [32mBuilding CXX object CMakeFiles/rf2o_laser_odometry_node.dir/src/CLaserOdometry2D.cpp.o[0m
[30.973s] [ 80%] [32m[1mLinking CXX executable rf2o_laser_odometry_node[0m
[31.176s] [100%] [32m[1mLinking CXX static library librf2o_laser_odometry.a[0m
[31.554s] [100%] Built target rf2o_laser_odometry
[32.443s] [100%] Built target rf2o_laser_odometry_node
[32.475s] Invoked command in '/home/enzo/droid/WORK-2026/build/rf2o_laser_odometry' returned '0': CMAKE_PREFIX_PATH=${CMAKE_PREFIX_PATH}:/home/enzo/droid/WORK-2026/work_ws/install/robot_odometry:/opt/ros/jazzy DEBUGINFOD_URLS=https://debuginfod.ubuntu.com /usr/bin/cmake --build /home/enzo/droid/WORK-2026/build/rf2o_laser_odometry -- -j8 -l8
[32.479s] Invoking command in '/home/enzo/droid/WORK-2026/build/rf2o_laser_odometry': CMAKE_PREFIX_PATH=${CMAKE_PREFIX_PATH}:/home/enzo/droid/WORK-2026/work_ws/install/robot_odometry:/opt/ros/jazzy DEBUGINFOD_URLS=https://debuginfod.ubuntu.com /usr/bin/cmake --install /home/enzo/droid/WORK-2026/build/rf2o_laser_odometry
[32.494s] -- Install configuration: ""
[32.495s] -- Installing: /home/enzo/droid/WORK-2026/install/rf2o_laser_odometry/lib/rf2o_laser_odometry/rf2o_laser_odometry_node
[32.510s] -- Set non-toolchain portion of runtime path of "/home/enzo/droid/WORK-2026/install/rf2o_laser_odometry/lib/rf2o_laser_odometry/rf2o_laser_odometry_node" to ""
[32.510s] -- Installing: /home/enzo/droid/WORK-2026/install/rf2o_laser_odometry/share/rf2o_laser_odometry/launch
[32.510s] -- Installing: /home/enzo/droid/WORK-2026/install/rf2o_laser_odometry/share/rf2o_laser_odometry/launch/rf2o_laser_odometry.launch.py
[32.511s] -- Installing: /home/enzo/droid/WORK-2026/install/rf2o_laser_odometry/share/ament_index/resource_index/package_run_dependencies/rf2o_laser_odometry
[32.512s] -- Installing: /home/enzo/droid/WORK-2026/install/rf2o_laser_odometry/share/ament_index/resource_index/parent_prefix_path/rf2o_laser_odometry
[32.512s] -- Installing: /home/enzo/droid/WORK-2026/install/rf2o_laser_odometry/share/rf2o_laser_odometry/environment/ament_prefix_path.sh
[32.512s] -- Installing: /home/enzo/droid/WORK-2026/install/rf2o_laser_odometry/share/rf2o_laser_odometry/environment/ament_prefix_path.dsv
[32.513s] -- Installing: /home/enzo/droid/WORK-2026/install/rf2o_laser_odometry/share/rf2o_laser_odometry/environment/path.sh
[32.513s] -- Installing: /home/enzo/droid/WORK-2026/install/rf2o_laser_odometry/share/rf2o_laser_odometry/environment/path.dsv
[32.513s] -- Installing: /home/enzo/droid/WORK-2026/install/rf2o_laser_odometry/share/rf2o_laser_odometry/local_setup.bash
[32.513s] -- Installing: /home/enzo/droid/WORK-2026/install/rf2o_laser_odometry/share/rf2o_laser_odometry/local_setup.sh
[32.513s] -- Installing: /home/enzo/droid/WORK-2026/install/rf2o_laser_odometry/share/rf2o_laser_odometry/local_setup.zsh
[32.514s] -- Installing: /home/enzo/droid/WORK-2026/install/rf2o_laser_odometry/share/rf2o_laser_odometry/local_setup.dsv
[32.514s] -- Installing: /home/enzo/droid/WORK-2026/install/rf2o_laser_odometry/share/rf2o_laser_odometry/package.dsv
[32.514s] -- Installing: /home/enzo/droid/WORK-2026/install/rf2o_laser_odometry/share/ament_index/resource_index/packages/rf2o_laser_odometry
[32.514s] -- Installing: /home/enzo/droid/WORK-2026/install/rf2o_laser_odometry/share/rf2o_laser_odometry/cmake/rf2o_laser_odometryConfig.cmake
[32.514s] -- Installing: /home/enzo/droid/WORK-2026/install/rf2o_laser_odometry/share/rf2o_laser_odometry/cmake/rf2o_laser_odometryConfig-version.cmake
[32.514s] -- Installing: /home/enzo/droid/WORK-2026/install/rf2o_laser_odometry/share/rf2o_laser_odometry/package.xml
[32.517s] Invoked command in '/home/enzo/droid/WORK-2026/build/rf2o_laser_odometry' returned '0': CMAKE_PREFIX_PATH=${CMAKE_PREFIX_PATH}:/home/enzo/droid/WORK-2026/work_ws/install/robot_odometry:/opt/ros/jazzy DEBUGINFOD_URLS=https://debuginfod.ubuntu.com /usr/bin/cmake --install /home/enzo/droid/WORK-2026/build/rf2o_laser_odometry
